CRITICAL - 2024-05-09 13:23:33 --> ErrorException: filesize(): stat failed for output.pdf
[Method: GET, Route: Auth/export/0]
in APPPATH/Controllers/Auth.php on line 182.
 1 [internal function]: CodeIgniter\Debug\Exceptions->errorHandler()
 2 APPPATH/Controllers/Auth.php(182): filesize()
 3 SYSTEMPATH/CodeIgniter.php(933): App\Controllers\Auth->export()
 4 SYSTEMPATH/CodeIgniter.php(509): CodeIgniter\CodeIgniter->runController()
 5 SYSTEMPATH/CodeIgniter.php(355): CodeIgniter\CodeIgniter->handleRequest()
 6 SYSTEMPATH/Boot.php(312): CodeIgniter\CodeIgniter->run()
 7 SYSTEMPATH/Boot.php(67): CodeIgniter\Boot::runCodeIgniter()
 8 FCPATH/index.php(56): CodeIgniter\Boot::bootWeb()
CRITICAL - 2024-05-09 13:23:35 --> ErrorException: filesize(): stat failed for output.pdf
[Method: GET, Route: Auth/export/0]
in APPPATH/Controllers/Auth.php on line 182.
 1 [internal function]: CodeIgniter\Debug\Exceptions->errorHandler()
 2 APPPATH/Controllers/Auth.php(182): filesize()
 3 SYSTEMPATH/CodeIgniter.php(933): App\Controllers\Auth->export()
 4 SYSTEMPATH/CodeIgniter.php(509): CodeIgniter\CodeIgniter->runController()
 5 SYSTEMPATH/CodeIgniter.php(355): CodeIgniter\CodeIgniter->handleRequest()
 6 SYSTEMPATH/Boot.php(312): CodeIgniter\CodeIgniter->run()
 7 SYSTEMPATH/Boot.php(67): CodeIgniter\Boot::runCodeIgniter()
 8 FCPATH/index.php(56): CodeIgniter\Boot::bootWeb()
CRITICAL - 2024-05-09 13:23:40 --> ErrorException: filesize(): stat failed for output.pdf
[Method: GET, Route: Auth/export/0]
in APPPATH/Controllers/Auth.php on line 182.
 1 [internal function]: CodeIgniter\Debug\Exceptions->errorHandler()
 2 APPPATH/Controllers/Auth.php(182): filesize()
 3 SYSTEMPATH/CodeIgniter.php(933): App\Controllers\Auth->export()
 4 SYSTEMPATH/CodeIgniter.php(509): CodeIgniter\CodeIgniter->runController()
 5 SYSTEMPATH/CodeIgniter.php(355): CodeIgniter\CodeIgniter->handleRequest()
 6 SYSTEMPATH/Boot.php(312): CodeIgniter\CodeIgniter->run()
 7 SYSTEMPATH/Boot.php(67): CodeIgniter\Boot::runCodeIgniter()
 8 FCPATH/index.php(56): CodeIgniter\Boot::bootWeb()
CRITICAL - 2024-05-09 13:24:10 --> ErrorException: filesize(): stat failed for output.pdf
[Method: GET, Route: Auth/export/0]
in APPPATH/Controllers/Auth.php on line 182.
 1 [internal function]: CodeIgniter\Debug\Exceptions->errorHandler()
 2 APPPATH/Controllers/Auth.php(182): filesize()
 3 SYSTEMPATH/CodeIgniter.php(933): App\Controllers\Auth->export()
 4 SYSTEMPATH/CodeIgniter.php(509): CodeIgniter\CodeIgniter->runController()
 5 SYSTEMPATH/CodeIgniter.php(355): CodeIgniter\CodeIgniter->handleRequest()
 6 SYSTEMPATH/Boot.php(312): CodeIgniter\CodeIgniter->run()
 7 SYSTEMPATH/Boot.php(67): CodeIgniter\Boot::runCodeIgniter()
 8 FCPATH/index.php(56): CodeIgniter\Boot::bootWeb()
CRITICAL - 2024-05-09 13:25:10 --> ErrorException: filesize(): stat failed for output.pdf
[Method: GET, Route: Auth/export/0]
in APPPATH/Controllers/Auth.php on line 182.
 1 [internal function]: CodeIgniter\Debug\Exceptions->errorHandler()
 2 APPPATH/Controllers/Auth.php(182): filesize()
 3 SYSTEMPATH/CodeIgniter.php(933): App\Controllers\Auth->export()
 4 SYSTEMPATH/CodeIgniter.php(509): CodeIgniter\CodeIgniter->runController()
 5 SYSTEMPATH/CodeIgniter.php(355): CodeIgniter\CodeIgniter->handleRequest()
 6 SYSTEMPATH/Boot.php(312): CodeIgniter\CodeIgniter->run()
 7 SYSTEMPATH/Boot.php(67): CodeIgniter\Boot::runCodeIgniter()
 8 FCPATH/index.php(56): CodeIgniter\Boot::bootWeb()
CRITICAL - 2024-05-09 14:02:02 --> ErrorException: Undefined array key "nom"
[Method: GET, Route: PersonnalStat]
in APPPATH/Views/personnal_stat.php on line 40.
 1 APPPATH/Views/personnal_stat.php(40): CodeIgniter\Debug\Exceptions->errorHandler()
 2 SYSTEMPATH/View/View.php(234): include('/home/peniela/codeigniter/Projet/app/Views/personnal_stat.php')
 3 SYSTEMPATH/View/View.php(237): CodeIgniter\View\View->CodeIgniter\View\{closure}()
 4 SYSTEMPATH/Common.php(1171): CodeIgniter\View\View->render()
 5 APPPATH/Controllers/Auth.php(255): view()
 6 SYSTEMPATH/CodeIgniter.php(933): App\Controllers\Auth->personnalStat()
 7 SYSTEMPATH/CodeIgniter.php(509): CodeIgniter\CodeIgniter->runController()
 8 SYSTEMPATH/CodeIgniter.php(355): CodeIgniter\CodeIgniter->handleRequest()
 9 SYSTEMPATH/Boot.php(312): CodeIgniter\CodeIgniter->run()
10 SYSTEMPATH/Boot.php(67): CodeIgniter\Boot::runCodeIgniter()
11 FCPATH/index.php(56): CodeIgniter\Boot::bootWeb()
ERROR - 2024-05-09 14:06:49 --> mysqli_sql_exception: Unknown column '2024-01' in 'where clause' in /home/peniela/codeigniter/Projet/system/Database/MySQLi/Connection.php:308
Stack trace:
#0 /home/peniela/codeigniter/Projet/system/Database/MySQLi/Connection.php(308): mysqli->query()
#1 /home/peniela/codeigniter/Projet/system/Database/BaseConnection.php(722): CodeIgniter\Database\MySQLi\Connection->execute()
#2 /home/peniela/codeigniter/Projet/system/Database/BaseConnection.php(636): CodeIgniter\Database\BaseConnection->simpleQuery()
#3 /home/peniela/codeigniter/Projet/system/Database/BaseBuilder.php(1629): CodeIgniter\Database\BaseConnection->query()
#4 /home/peniela/codeigniter/Projet/system/Model.php(275): CodeIgniter\Database\BaseBuilder->get()
#5 /home/peniela/codeigniter/Projet/system/BaseModel.php(676): CodeIgniter\Model->doFindAll()
#6 /home/peniela/codeigniter/Projet/app/Controllers/Auth.php(236): CodeIgniter\BaseModel->findAll()
#7 /home/peniela/codeigniter/Projet/system/CodeIgniter.php(933): App\Controllers\Auth->personnalStat()
#8 /home/peniela/codeigniter/Projet/system/CodeIgniter.php(509): CodeIgniter\CodeIgniter->runController()
#9 /home/peniela/codeigniter/Projet/system/CodeIgniter.php(355): CodeIgniter\CodeIgniter->handleRequest()
#10 /home/peniela/codeigniter/Projet/system/Boot.php(312): CodeIgniter\CodeIgniter->run()
#11 /home/peniela/codeigniter/Projet/system/Boot.php(67): CodeIgniter\Boot::runCodeIgniter()
#12 /home/peniela/codeigniter/Projet/public/index.php(56): CodeIgniter\Boot::bootWeb()
#13 {main}
CRITICAL - 2024-05-09 14:06:49 --> CodeIgniter\Database\Exceptions\DatabaseException: Unknown column '2024-01' in 'where clause'
[Method: GET, Route: PersonnalStat]
in SYSTEMPATH/Database/BaseConnection.php on line 676.
 1 SYSTEMPATH/Database/BaseBuilder.php(1629): CodeIgniter\Database\BaseConnection->query()
 2 SYSTEMPATH/Model.php(275): CodeIgniter\Database\BaseBuilder->get()
 3 SYSTEMPATH/BaseModel.php(676): CodeIgniter\Model->doFindAll()
 4 APPPATH/Controllers/Auth.php(236): CodeIgniter\BaseModel->findAll()
 5 SYSTEMPATH/CodeIgniter.php(933): App\Controllers\Auth->personnalStat()
 6 SYSTEMPATH/CodeIgniter.php(509): CodeIgniter\CodeIgniter->runController()
 7 SYSTEMPATH/CodeIgniter.php(355): CodeIgniter\CodeIgniter->handleRequest()
 8 SYSTEMPATH/Boot.php(312): CodeIgniter\CodeIgniter->run()
 9 SYSTEMPATH/Boot.php(67): CodeIgniter\Boot::runCodeIgniter()
10 FCPATH/index.php(56): CodeIgniter\Boot::bootWeb()
CRITICAL - 2024-05-09 14:06:49 --> [Caused by] CodeIgniter\Database\Exceptions\DatabaseException: Unknown column '2024-01' in 'where clause'
in SYSTEMPATH/Database/MySQLi/Connection.php on line 313.
 1 SYSTEMPATH/Database/BaseConnection.php(722): CodeIgniter\Database\MySQLi\Connection->execute()
 2 SYSTEMPATH/Database/BaseConnection.php(636): CodeIgniter\Database\BaseConnection->simpleQuery()
 3 SYSTEMPATH/Database/BaseBuilder.php(1629): CodeIgniter\Database\BaseConnection->query()
 4 SYSTEMPATH/Model.php(275): CodeIgniter\Database\BaseBuilder->get()
 5 SYSTEMPATH/BaseModel.php(676): CodeIgniter\Model->doFindAll()
 6 APPPATH/Controllers/Auth.php(236): CodeIgniter\BaseModel->findAll()
 7 SYSTEMPATH/CodeIgniter.php(933): App\Controllers\Auth->personnalStat()
 8 SYSTEMPATH/CodeIgniter.php(509): CodeIgniter\CodeIgniter->runController()
 9 SYSTEMPATH/CodeIgniter.php(355): CodeIgniter\CodeIgniter->handleRequest()
10 SYSTEMPATH/Boot.php(312): CodeIgniter\CodeIgniter->run()
11 SYSTEMPATH/Boot.php(67): CodeIgniter\Boot::runCodeIgniter()
12 FCPATH/index.php(56): CodeIgniter\Boot::bootWeb()
CRITICAL - 2024-05-09 14:06:49 --> [Caused by] mysqli_sql_exception: Unknown column '2024-01' in 'where clause'
in SYSTEMPATH/Database/MySQLi/Connection.php on line 308.
 1 SYSTEMPATH/Database/MySQLi/Connection.php(308): mysqli->query()
 2 SYSTEMPATH/Database/BaseConnection.php(722): CodeIgniter\Database\MySQLi\Connection->execute()
 3 SYSTEMPATH/Database/BaseConnection.php(636): CodeIgniter\Database\BaseConnection->simpleQuery()
 4 SYSTEMPATH/Database/BaseBuilder.php(1629): CodeIgniter\Database\BaseConnection->query()
 5 SYSTEMPATH/Model.php(275): CodeIgniter\Database\BaseBuilder->get()
 6 SYSTEMPATH/BaseModel.php(676): CodeIgniter\Model->doFindAll()
 7 APPPATH/Controllers/Auth.php(236): CodeIgniter\BaseModel->findAll()
 8 SYSTEMPATH/CodeIgniter.php(933): App\Controllers\Auth->personnalStat()
 9 SYSTEMPATH/CodeIgniter.php(509): CodeIgniter\CodeIgniter->runController()
10 SYSTEMPATH/CodeIgniter.php(355): CodeIgniter\CodeIgniter->handleRequest()
11 SYSTEMPATH/Boot.php(312): CodeIgniter\CodeIgniter->run()
12 SYSTEMPATH/Boot.php(67): CodeIgniter\Boot::runCodeIgniter()
13 FCPATH/index.php(56): CodeIgniter\Boot::bootWeb()
CRITICAL - 2024-05-09 14:11:10 --> ErrorException: Array to string conversion
[Method: GET, Route: PersonnalStat]
in APPPATH/Controllers/Auth.php on line 239.
 1 APPPATH/Controllers/Auth.php(239): CodeIgniter\Debug\Exceptions->errorHandler()
 2 SYSTEMPATH/CodeIgniter.php(933): App\Controllers\Auth->personnalStat()
 3 SYSTEMPATH/CodeIgniter.php(509): CodeIgniter\CodeIgniter->runController()
 4 SYSTEMPATH/CodeIgniter.php(355): CodeIgniter\CodeIgniter->handleRequest()
 5 SYSTEMPATH/Boot.php(312): CodeIgniter\CodeIgniter->run()
 6 SYSTEMPATH/Boot.php(67): CodeIgniter\Boot::runCodeIgniter()
 7 FCPATH/index.php(56): CodeIgniter\Boot::bootWeb()
CRITICAL - 2024-05-09 14:11:11 --> ErrorException: Array to string conversion
[Method: GET, Route: PersonnalStat]
in APPPATH/Controllers/Auth.php on line 239.
 1 APPPATH/Controllers/Auth.php(239): CodeIgniter\Debug\Exceptions->errorHandler()
 2 SYSTEMPATH/CodeIgniter.php(933): App\Controllers\Auth->personnalStat()
 3 SYSTEMPATH/CodeIgniter.php(509): CodeIgniter\CodeIgniter->runController()
 4 SYSTEMPATH/CodeIgniter.php(355): CodeIgniter\CodeIgniter->handleRequest()
 5 SYSTEMPATH/Boot.php(312): CodeIgniter\CodeIgniter->run()
 6 SYSTEMPATH/Boot.php(67): CodeIgniter\Boot::runCodeIgniter()
 7 FCPATH/index.php(56): CodeIgniter\Boot::bootWeb()
CRITICAL - 2024-05-09 14:11:13 --> ErrorException: Array to string conversion
[Method: GET, Route: PersonnalStat]
in APPPATH/Controllers/Auth.php on line 239.
 1 APPPATH/Controllers/Auth.php(239): CodeIgniter\Debug\Exceptions->errorHandler()
 2 SYSTEMPATH/CodeIgniter.php(933): App\Controllers\Auth->personnalStat()
 3 SYSTEMPATH/CodeIgniter.php(509): CodeIgniter\CodeIgniter->runController()
 4 SYSTEMPATH/CodeIgniter.php(355): CodeIgniter\CodeIgniter->handleRequest()
 5 SYSTEMPATH/Boot.php(312): CodeIgniter\CodeIgniter->run()
 6 SYSTEMPATH/Boot.php(67): CodeIgniter\Boot::runCodeIgniter()
 7 FCPATH/index.php(56): CodeIgniter\Boot::bootWeb()
CRITICAL - 2024-05-09 14:11:13 --> ErrorException: Array to string conversion
[Method: GET, Route: PersonnalStat]
in APPPATH/Controllers/Auth.php on line 239.
 1 APPPATH/Controllers/Auth.php(239): CodeIgniter\Debug\Exceptions->errorHandler()
 2 SYSTEMPATH/CodeIgniter.php(933): App\Controllers\Auth->personnalStat()
 3 SYSTEMPATH/CodeIgniter.php(509): CodeIgniter\CodeIgniter->runController()
 4 SYSTEMPATH/CodeIgniter.php(355): CodeIgniter\CodeIgniter->handleRequest()
 5 SYSTEMPATH/Boot.php(312): CodeIgniter\CodeIgniter->run()
 6 SYSTEMPATH/Boot.php(67): CodeIgniter\Boot::runCodeIgniter()
 7 FCPATH/index.php(56): CodeIgniter\Boot::bootWeb()
CRITICAL - 2024-05-09 14:12:49 --> Error: Object of class App\Models\AuthLog could not be converted to string
[Method: GET, Route: PersonnalStat]
in APPPATH/Controllers/Auth.php on line 237.
 1 SYSTEMPATH/CodeIgniter.php(933): App\Controllers\Auth->personnalStat()
 2 SYSTEMPATH/CodeIgniter.php(509): CodeIgniter\CodeIgniter->runController()
 3 SYSTEMPATH/CodeIgniter.php(355): CodeIgniter\CodeIgniter->handleRequest()
 4 SYSTEMPATH/Boot.php(312): CodeIgniter\CodeIgniter->run()
 5 SYSTEMPATH/Boot.php(67): CodeIgniter\Boot::runCodeIgniter()
 6 FCPATH/index.php(56): CodeIgniter\Boot::bootWeb()
ERROR - 2024-05-09 14:13:36 --> mysqli_sql_exception: Not unique table/alias: 'dhcp' in /home/peniela/codeigniter/Projet/system/Database/MySQLi/Connection.php:308
Stack trace:
#0 /home/peniela/codeigniter/Projet/system/Database/MySQLi/Connection.php(308): mysqli->query()
#1 /home/peniela/codeigniter/Projet/system/Database/BaseConnection.php(722): CodeIgniter\Database\MySQLi\Connection->execute()
#2 /home/peniela/codeigniter/Projet/system/Database/BaseConnection.php(636): CodeIgniter\Database\BaseConnection->simpleQuery()
#3 /home/peniela/codeigniter/Projet/system/Database/BaseBuilder.php(1629): CodeIgniter\Database\BaseConnection->query()
#4 /home/peniela/codeigniter/Projet/system/Model.php(275): CodeIgniter\Database\BaseBuilder->get()
#5 /home/peniela/codeigniter/Projet/system/BaseModel.php(676): CodeIgniter\Model->doFindAll()
#6 /home/peniela/codeigniter/Projet/app/Controllers/Auth.php(238): CodeIgniter\BaseModel->findAll()
#7 /home/peniela/codeigniter/Projet/system/CodeIgniter.php(933): App\Controllers\Auth->personnalStat()
#8 /home/peniela/codeigniter/Projet/system/CodeIgniter.php(509): CodeIgniter\CodeIgniter->runController()
#9 /home/peniela/codeigniter/Projet/system/CodeIgniter.php(355): CodeIgniter\CodeIgniter->handleRequest()
#10 /home/peniela/codeigniter/Projet/system/Boot.php(312): CodeIgniter\CodeIgniter->run()
#11 /home/peniela/codeigniter/Projet/system/Boot.php(67): CodeIgniter\Boot::runCodeIgniter()
#12 /home/peniela/codeigniter/Projet/public/index.php(56): CodeIgniter\Boot::bootWeb()
#13 {main}
CRITICAL - 2024-05-09 14:13:36 --> CodeIgniter\Database\Exceptions\DatabaseException: Not unique table/alias: 'dhcp'
[Method: GET, Route: PersonnalStat]
in SYSTEMPATH/Database/BaseConnection.php on line 676.
 1 SYSTEMPATH/Database/BaseBuilder.php(1629): CodeIgniter\Database\BaseConnection->query()
 2 SYSTEMPATH/Model.php(275): CodeIgniter\Database\BaseBuilder->get()
 3 SYSTEMPATH/BaseModel.php(676): CodeIgniter\Model->doFindAll()
 4 APPPATH/Controllers/Auth.php(238): CodeIgniter\BaseModel->findAll()
 5 SYSTEMPATH/CodeIgniter.php(933): App\Controllers\Auth->personnalStat()
 6 SYSTEMPATH/CodeIgniter.php(509): CodeIgniter\CodeIgniter->runController()
 7 SYSTEMPATH/CodeIgniter.php(355): CodeIgniter\CodeIgniter->handleRequest()
 8 SYSTEMPATH/Boot.php(312): CodeIgniter\CodeIgniter->run()
 9 SYSTEMPATH/Boot.php(67): CodeIgniter\Boot::runCodeIgniter()
10 FCPATH/index.php(56): CodeIgniter\Boot::bootWeb()
CRITICAL - 2024-05-09 14:13:36 --> [Caused by] CodeIgniter\Database\Exceptions\DatabaseException: Not unique table/alias: 'dhcp'
in SYSTEMPATH/Database/MySQLi/Connection.php on line 313.
 1 SYSTEMPATH/Database/BaseConnection.php(722): CodeIgniter\Database\MySQLi\Connection->execute()
 2 SYSTEMPATH/Database/BaseConnection.php(636): CodeIgniter\Database\BaseConnection->simpleQuery()
 3 SYSTEMPATH/Database/BaseBuilder.php(1629): CodeIgniter\Database\BaseConnection->query()
 4 SYSTEMPATH/Model.php(275): CodeIgniter\Database\BaseBuilder->get()
 5 SYSTEMPATH/BaseModel.php(676): CodeIgniter\Model->doFindAll()
 6 APPPATH/Controllers/Auth.php(238): CodeIgniter\BaseModel->findAll()
 7 SYSTEMPATH/CodeIgniter.php(933): App\Controllers\Auth->personnalStat()
 8 SYSTEMPATH/CodeIgniter.php(509): CodeIgniter\CodeIgniter->runController()
 9 SYSTEMPATH/CodeIgniter.php(355): CodeIgniter\CodeIgniter->handleRequest()
10 SYSTEMPATH/Boot.php(312): CodeIgniter\CodeIgniter->run()
11 SYSTEMPATH/Boot.php(67): CodeIgniter\Boot::runCodeIgniter()
12 FCPATH/index.php(56): CodeIgniter\Boot::bootWeb()
CRITICAL - 2024-05-09 14:13:36 --> [Caused by] mysqli_sql_exception: Not unique table/alias: 'dhcp'
in SYSTEMPATH/Database/MySQLi/Connection.php on line 308.
 1 SYSTEMPATH/Database/MySQLi/Connection.php(308): mysqli->query()
 2 SYSTEMPATH/Database/BaseConnection.php(722): CodeIgniter\Database\MySQLi\Connection->execute()
 3 SYSTEMPATH/Database/BaseConnection.php(636): CodeIgniter\Database\BaseConnection->simpleQuery()
 4 SYSTEMPATH/Database/BaseBuilder.php(1629): CodeIgniter\Database\BaseConnection->query()
 5 SYSTEMPATH/Model.php(275): CodeIgniter\Database\BaseBuilder->get()
 6 SYSTEMPATH/BaseModel.php(676): CodeIgniter\Model->doFindAll()
 7 APPPATH/Controllers/Auth.php(238): CodeIgniter\BaseModel->findAll()
 8 SYSTEMPATH/CodeIgniter.php(933): App\Controllers\Auth->personnalStat()
 9 SYSTEMPATH/CodeIgniter.php(509): CodeIgniter\CodeIgniter->runController()
10 SYSTEMPATH/CodeIgniter.php(355): CodeIgniter\CodeIgniter->handleRequest()
11 SYSTEMPATH/Boot.php(312): CodeIgniter\CodeIgniter->run()
12 SYSTEMPATH/Boot.php(67): CodeIgniter\Boot::runCodeIgniter()
13 FCPATH/index.php(56): CodeIgniter\Boot::bootWeb()
ERROR - 2024-05-09 14:13:39 --> mysqli_sql_exception: Not unique table/alias: 'dhcp' in /home/peniela/codeigniter/Projet/system/Database/MySQLi/Connection.php:308
Stack trace:
#0 /home/peniela/codeigniter/Projet/system/Database/MySQLi/Connection.php(308): mysqli->query()
#1 /home/peniela/codeigniter/Projet/system/Database/BaseConnection.php(722): CodeIgniter\Database\MySQLi\Connection->execute()
#2 /home/peniela/codeigniter/Projet/system/Database/BaseConnection.php(636): CodeIgniter\Database\BaseConnection->simpleQuery()
#3 /home/peniela/codeigniter/Projet/system/Database/BaseBuilder.php(1629): CodeIgniter\Database\BaseConnection->query()
#4 /home/peniela/codeigniter/Projet/system/Model.php(275): CodeIgniter\Database\BaseBuilder->get()
#5 /home/peniela/codeigniter/Projet/system/BaseModel.php(676): CodeIgniter\Model->doFindAll()
#6 /home/peniela/codeigniter/Projet/app/Controllers/Auth.php(238): CodeIgniter\BaseModel->findAll()
#7 /home/peniela/codeigniter/Projet/system/CodeIgniter.php(933): App\Controllers\Auth->personnalStat()
#8 /home/peniela/codeigniter/Projet/system/CodeIgniter.php(509): CodeIgniter\CodeIgniter->runController()
#9 /home/peniela/codeigniter/Projet/system/CodeIgniter.php(355): CodeIgniter\CodeIgniter->handleRequest()
#10 /home/peniela/codeigniter/Projet/system/Boot.php(312): CodeIgniter\CodeIgniter->run()
#11 /home/peniela/codeigniter/Projet/system/Boot.php(67): CodeIgniter\Boot::runCodeIgniter()
#12 /home/peniela/codeigniter/Projet/public/index.php(56): CodeIgniter\Boot::bootWeb()
#13 {main}
CRITICAL - 2024-05-09 14:13:39 --> CodeIgniter\Database\Exceptions\DatabaseException: Not unique table/alias: 'dhcp'
[Method: GET, Route: PersonnalStat]
in SYSTEMPATH/Database/BaseConnection.php on line 676.
 1 SYSTEMPATH/Database/BaseBuilder.php(1629): CodeIgniter\Database\BaseConnection->query()
 2 SYSTEMPATH/Model.php(275): CodeIgniter\Database\BaseBuilder->get()
 3 SYSTEMPATH/BaseModel.php(676): CodeIgniter\Model->doFindAll()
 4 APPPATH/Controllers/Auth.php(238): CodeIgniter\BaseModel->findAll()
 5 SYSTEMPATH/CodeIgniter.php(933): App\Controllers\Auth->personnalStat()
 6 SYSTEMPATH/CodeIgniter.php(509): CodeIgniter\CodeIgniter->runController()
 7 SYSTEMPATH/CodeIgniter.php(355): CodeIgniter\CodeIgniter->handleRequest()
 8 SYSTEMPATH/Boot.php(312): CodeIgniter\CodeIgniter->run()
 9 SYSTEMPATH/Boot.php(67): CodeIgniter\Boot::runCodeIgniter()
10 FCPATH/index.php(56): CodeIgniter\Boot::bootWeb()
CRITICAL - 2024-05-09 14:13:39 --> [Caused by] CodeIgniter\Database\Exceptions\DatabaseException: Not unique table/alias: 'dhcp'
in SYSTEMPATH/Database/MySQLi/Connection.php on line 313.
 1 SYSTEMPATH/Database/BaseConnection.php(722): CodeIgniter\Database\MySQLi\Connection->execute()
 2 SYSTEMPATH/Database/BaseConnection.php(636): CodeIgniter\Database\BaseConnection->simpleQuery()
 3 SYSTEMPATH/Database/BaseBuilder.php(1629): CodeIgniter\Database\BaseConnection->query()
 4 SYSTEMPATH/Model.php(275): CodeIgniter\Database\BaseBuilder->get()
 5 SYSTEMPATH/BaseModel.php(676): CodeIgniter\Model->doFindAll()
 6 APPPATH/Controllers/Auth.php(238): CodeIgniter\BaseModel->findAll()
 7 SYSTEMPATH/CodeIgniter.php(933): App\Controllers\Auth->personnalStat()
 8 SYSTEMPATH/CodeIgniter.php(509): CodeIgniter\CodeIgniter->runController()
 9 SYSTEMPATH/CodeIgniter.php(355): CodeIgniter\CodeIgniter->handleRequest()
10 SYSTEMPATH/Boot.php(312): CodeIgniter\CodeIgniter->run()
11 SYSTEMPATH/Boot.php(67): CodeIgniter\Boot::runCodeIgniter()
12 FCPATH/index.php(56): CodeIgniter\Boot::bootWeb()
CRITICAL - 2024-05-09 14:13:39 --> [Caused by] mysqli_sql_exception: Not unique table/alias: 'dhcp'
in SYSTEMPATH/Database/MySQLi/Connection.php on line 308.
 1 SYSTEMPATH/Database/MySQLi/Connection.php(308): mysqli->query()
 2 SYSTEMPATH/Database/BaseConnection.php(722): CodeIgniter\Database\MySQLi\Connection->execute()
 3 SYSTEMPATH/Database/BaseConnection.php(636): CodeIgniter\Database\BaseConnection->simpleQuery()
 4 SYSTEMPATH/Database/BaseBuilder.php(1629): CodeIgniter\Database\BaseConnection->query()
 5 SYSTEMPATH/Model.php(275): CodeIgniter\Database\BaseBuilder->get()
 6 SYSTEMPATH/BaseModel.php(676): CodeIgniter\Model->doFindAll()
 7 APPPATH/Controllers/Auth.php(238): CodeIgniter\BaseModel->findAll()
 8 SYSTEMPATH/CodeIgniter.php(933): App\Controllers\Auth->personnalStat()
 9 SYSTEMPATH/CodeIgniter.php(509): CodeIgniter\CodeIgniter->runController()
10 SYSTEMPATH/CodeIgniter.php(355): CodeIgniter\CodeIgniter->handleRequest()
11 SYSTEMPATH/Boot.php(312): CodeIgniter\CodeIgniter->run()
12 SYSTEMPATH/Boot.php(67): CodeIgniter\Boot::runCodeIgniter()
13 FCPATH/index.php(56): CodeIgniter\Boot::bootWeb()
ERROR - 2024-05-09 14:15:45 --> mysqli_sql_exception: Not unique table/alias: 'dhcp' in /home/peniela/codeigniter/Projet/system/Database/MySQLi/Connection.php:308
Stack trace:
#0 /home/peniela/codeigniter/Projet/system/Database/MySQLi/Connection.php(308): mysqli->query()
#1 /home/peniela/codeigniter/Projet/system/Database/BaseConnection.php(722): CodeIgniter\Database\MySQLi\Connection->execute()
#2 /home/peniela/codeigniter/Projet/system/Database/BaseConnection.php(636): CodeIgniter\Database\BaseConnection->simpleQuery()
#3 /home/peniela/codeigniter/Projet/system/Database/BaseBuilder.php(1629): CodeIgniter\Database\BaseConnection->query()
#4 /home/peniela/codeigniter/Projet/system/Model.php(275): CodeIgniter\Database\BaseBuilder->get()
#5 /home/peniela/codeigniter/Projet/system/BaseModel.php(676): CodeIgniter\Model->doFindAll()
#6 /home/peniela/codeigniter/Projet/app/Controllers/Auth.php(237): CodeIgniter\BaseModel->findAll()
#7 /home/peniela/codeigniter/Projet/system/CodeIgniter.php(933): App\Controllers\Auth->personnalStat()
#8 /home/peniela/codeigniter/Projet/system/CodeIgniter.php(509): CodeIgniter\CodeIgniter->runController()
#9 /home/peniela/codeigniter/Projet/system/CodeIgniter.php(355): CodeIgniter\CodeIgniter->handleRequest()
#10 /home/peniela/codeigniter/Projet/system/Boot.php(312): CodeIgniter\CodeIgniter->run()
#11 /home/peniela/codeigniter/Projet/system/Boot.php(67): CodeIgniter\Boot::runCodeIgniter()
#12 /home/peniela/codeigniter/Projet/public/index.php(56): CodeIgniter\Boot::bootWeb()
#13 {main}
CRITICAL - 2024-05-09 14:15:45 --> CodeIgniter\Database\Exceptions\DatabaseException: Not unique table/alias: 'dhcp'
[Method: GET, Route: PersonnalStat]
in SYSTEMPATH/Database/BaseConnection.php on line 676.
 1 SYSTEMPATH/Database/BaseBuilder.php(1629): CodeIgniter\Database\BaseConnection->query()
 2 SYSTEMPATH/Model.php(275): CodeIgniter\Database\BaseBuilder->get()
 3 SYSTEMPATH/BaseModel.php(676): CodeIgniter\Model->doFindAll()
 4 APPPATH/Controllers/Auth.php(237): CodeIgniter\BaseModel->findAll()
 5 SYSTEMPATH/CodeIgniter.php(933): App\Controllers\Auth->personnalStat()
 6 SYSTEMPATH/CodeIgniter.php(509): CodeIgniter\CodeIgniter->runController()
 7 SYSTEMPATH/CodeIgniter.php(355): CodeIgniter\CodeIgniter->handleRequest()
 8 SYSTEMPATH/Boot.php(312): CodeIgniter\CodeIgniter->run()
 9 SYSTEMPATH/Boot.php(67): CodeIgniter\Boot::runCodeIgniter()
10 FCPATH/index.php(56): CodeIgniter\Boot::bootWeb()
CRITICAL - 2024-05-09 14:15:45 --> [Caused by] CodeIgniter\Database\Exceptions\DatabaseException: Not unique table/alias: 'dhcp'
in SYSTEMPATH/Database/MySQLi/Connection.php on line 313.
 1 SYSTEMPATH/Database/BaseConnection.php(722): CodeIgniter\Database\MySQLi\Connection->execute()
 2 SYSTEMPATH/Database/BaseConnection.php(636): CodeIgniter\Database\BaseConnection->simpleQuery()
 3 SYSTEMPATH/Database/BaseBuilder.php(1629): CodeIgniter\Database\BaseConnection->query()
 4 SYSTEMPATH/Model.php(275): CodeIgniter\Database\BaseBuilder->get()
 5 SYSTEMPATH/BaseModel.php(676): CodeIgniter\Model->doFindAll()
 6 APPPATH/Controllers/Auth.php(237): CodeIgniter\BaseModel->findAll()
 7 SYSTEMPATH/CodeIgniter.php(933): App\Controllers\Auth->personnalStat()
 8 SYSTEMPATH/CodeIgniter.php(509): CodeIgniter\CodeIgniter->runController()
 9 SYSTEMPATH/CodeIgniter.php(355): CodeIgniter\CodeIgniter->handleRequest()
10 SYSTEMPATH/Boot.php(312): CodeIgniter\CodeIgniter->run()
11 SYSTEMPATH/Boot.php(67): CodeIgniter\Boot::runCodeIgniter()
12 FCPATH/index.php(56): CodeIgniter\Boot::bootWeb()
CRITICAL - 2024-05-09 14:15:45 --> [Caused by] mysqli_sql_exception: Not unique table/alias: 'dhcp'
in SYSTEMPATH/Database/MySQLi/Connection.php on line 308.
 1 SYSTEMPATH/Database/MySQLi/Connection.php(308): mysqli->query()
 2 SYSTEMPATH/Database/BaseConnection.php(722): CodeIgniter\Database\MySQLi\Connection->execute()
 3 SYSTEMPATH/Database/BaseConnection.php(636): CodeIgniter\Database\BaseConnection->simpleQuery()
 4 SYSTEMPATH/Database/BaseBuilder.php(1629): CodeIgniter\Database\BaseConnection->query()
 5 SYSTEMPATH/Model.php(275): CodeIgniter\Database\BaseBuilder->get()
 6 SYSTEMPATH/BaseModel.php(676): CodeIgniter\Model->doFindAll()
 7 APPPATH/Controllers/Auth.php(237): CodeIgniter\BaseModel->findAll()
 8 SYSTEMPATH/CodeIgniter.php(933): App\Controllers\Auth->personnalStat()
 9 SYSTEMPATH/CodeIgniter.php(509): CodeIgniter\CodeIgniter->runController()
10 SYSTEMPATH/CodeIgniter.php(355): CodeIgniter\CodeIgniter->handleRequest()
11 SYSTEMPATH/Boot.php(312): CodeIgniter\CodeIgniter->run()
12 SYSTEMPATH/Boot.php(67): CodeIgniter\Boot::runCodeIgniter()
13 FCPATH/index.php(56): CodeIgniter\Boot::bootWeb()
ERROR - 2024-05-09 14:15:46 --> mysqli_sql_exception: Not unique table/alias: 'dhcp' in /home/peniela/codeigniter/Projet/system/Database/MySQLi/Connection.php:308
Stack trace:
#0 /home/peniela/codeigniter/Projet/system/Database/MySQLi/Connection.php(308): mysqli->query()
#1 /home/peniela/codeigniter/Projet/system/Database/BaseConnection.php(722): CodeIgniter\Database\MySQLi\Connection->execute()
#2 /home/peniela/codeigniter/Projet/system/Database/BaseConnection.php(636): CodeIgniter\Database\BaseConnection->simpleQuery()
#3 /home/peniela/codeigniter/Projet/system/Database/BaseBuilder.php(1629): CodeIgniter\Database\BaseConnection->query()
#4 /home/peniela/codeigniter/Projet/system/Model.php(275): CodeIgniter\Database\BaseBuilder->get()
#5 /home/peniela/codeigniter/Projet/system/BaseModel.php(676): CodeIgniter\Model->doFindAll()
#6 /home/peniela/codeigniter/Projet/app/Controllers/Auth.php(237): CodeIgniter\BaseModel->findAll()
#7 /home/peniela/codeigniter/Projet/system/CodeIgniter.php(933): App\Controllers\Auth->personnalStat()
#8 /home/peniela/codeigniter/Projet/system/CodeIgniter.php(509): CodeIgniter\CodeIgniter->runController()
#9 /home/peniela/codeigniter/Projet/system/CodeIgniter.php(355): CodeIgniter\CodeIgniter->handleRequest()
#10 /home/peniela/codeigniter/Projet/system/Boot.php(312): CodeIgniter\CodeIgniter->run()
#11 /home/peniela/codeigniter/Projet/system/Boot.php(67): CodeIgniter\Boot::runCodeIgniter()
#12 /home/peniela/codeigniter/Projet/public/index.php(56): CodeIgniter\Boot::bootWeb()
#13 {main}
CRITICAL - 2024-05-09 14:15:46 --> CodeIgniter\Database\Exceptions\DatabaseException: Not unique table/alias: 'dhcp'
[Method: GET, Route: PersonnalStat]
in SYSTEMPATH/Database/BaseConnection.php on line 676.
 1 SYSTEMPATH/Database/BaseBuilder.php(1629): CodeIgniter\Database\BaseConnection->query()
 2 SYSTEMPATH/Model.php(275): CodeIgniter\Database\BaseBuilder->get()
 3 SYSTEMPATH/BaseModel.php(676): CodeIgniter\Model->doFindAll()
 4 APPPATH/Controllers/Auth.php(237): CodeIgniter\BaseModel->findAll()
 5 SYSTEMPATH/CodeIgniter.php(933): App\Controllers\Auth->personnalStat()
 6 SYSTEMPATH/CodeIgniter.php(509): CodeIgniter\CodeIgniter->runController()
 7 SYSTEMPATH/CodeIgniter.php(355): CodeIgniter\CodeIgniter->handleRequest()
 8 SYSTEMPATH/Boot.php(312): CodeIgniter\CodeIgniter->run()
 9 SYSTEMPATH/Boot.php(67): CodeIgniter\Boot::runCodeIgniter()
10 FCPATH/index.php(56): CodeIgniter\Boot::bootWeb()
CRITICAL - 2024-05-09 14:15:46 --> [Caused by] CodeIgniter\Database\Exceptions\DatabaseException: Not unique table/alias: 'dhcp'
in SYSTEMPATH/Database/MySQLi/Connection.php on line 313.
 1 SYSTEMPATH/Database/BaseConnection.php(722): CodeIgniter\Database\MySQLi\Connection->execute()
 2 SYSTEMPATH/Database/BaseConnection.php(636): CodeIgniter\Database\BaseConnection->simpleQuery()
 3 SYSTEMPATH/Database/BaseBuilder.php(1629): CodeIgniter\Database\BaseConnection->query()
 4 SYSTEMPATH/Model.php(275): CodeIgniter\Database\BaseBuilder->get()
 5 SYSTEMPATH/BaseModel.php(676): CodeIgniter\Model->doFindAll()
 6 APPPATH/Controllers/Auth.php(237): CodeIgniter\BaseModel->findAll()
 7 SYSTEMPATH/CodeIgniter.php(933): App\Controllers\Auth->personnalStat()
 8 SYSTEMPATH/CodeIgniter.php(509): CodeIgniter\CodeIgniter->runController()
 9 SYSTEMPATH/CodeIgniter.php(355): CodeIgniter\CodeIgniter->handleRequest()
10 SYSTEMPATH/Boot.php(312): CodeIgniter\CodeIgniter->run()
11 SYSTEMPATH/Boot.php(67): CodeIgniter\Boot::runCodeIgniter()
12 FCPATH/index.php(56): CodeIgniter\Boot::bootWeb()
CRITICAL - 2024-05-09 14:15:46 --> [Caused by] mysqli_sql_exception: Not unique table/alias: 'dhcp'
in SYSTEMPATH/Database/MySQLi/Connection.php on line 308.
 1 SYSTEMPATH/Database/MySQLi/Connection.php(308): mysqli->query()
 2 SYSTEMPATH/Database/BaseConnection.php(722): CodeIgniter\Database\MySQLi\Connection->execute()
 3 SYSTEMPATH/Database/BaseConnection.php(636): CodeIgniter\Database\BaseConnection->simpleQuery()
 4 SYSTEMPATH/Database/BaseBuilder.php(1629): CodeIgniter\Database\BaseConnection->query()
 5 SYSTEMPATH/Model.php(275): CodeIgniter\Database\BaseBuilder->get()
 6 SYSTEMPATH/BaseModel.php(676): CodeIgniter\Model->doFindAll()
 7 APPPATH/Controllers/Auth.php(237): CodeIgniter\BaseModel->findAll()
 8 SYSTEMPATH/CodeIgniter.php(933): App\Controllers\Auth->personnalStat()
 9 SYSTEMPATH/CodeIgniter.php(509): CodeIgniter\CodeIgniter->runController()
10 SYSTEMPATH/CodeIgniter.php(355): CodeIgniter\CodeIgniter->handleRequest()
11 SYSTEMPATH/Boot.php(312): CodeIgniter\CodeIgniter->run()
12 SYSTEMPATH/Boot.php(67): CodeIgniter\Boot::runCodeIgniter()
13 FCPATH/index.php(56): CodeIgniter\Boot::bootWeb()
ERROR - 2024-05-09 14:15:46 --> mysqli_sql_exception: Not unique table/alias: 'dhcp' in /home/peniela/codeigniter/Projet/system/Database/MySQLi/Connection.php:308
Stack trace:
#0 /home/peniela/codeigniter/Projet/system/Database/MySQLi/Connection.php(308): mysqli->query()
#1 /home/peniela/codeigniter/Projet/system/Database/BaseConnection.php(722): CodeIgniter\Database\MySQLi\Connection->execute()
#2 /home/peniela/codeigniter/Projet/system/Database/BaseConnection.php(636): CodeIgniter\Database\BaseConnection->simpleQuery()
#3 /home/peniela/codeigniter/Projet/system/Database/BaseBuilder.php(1629): CodeIgniter\Database\BaseConnection->query()
#4 /home/peniela/codeigniter/Projet/system/Model.php(275): CodeIgniter\Database\BaseBuilder->get()
#5 /home/peniela/codeigniter/Projet/system/BaseModel.php(676): CodeIgniter\Model->doFindAll()
#6 /home/peniela/codeigniter/Projet/app/Controllers/Auth.php(237): CodeIgniter\BaseModel->findAll()
#7 /home/peniela/codeigniter/Projet/system/CodeIgniter.php(933): App\Controllers\Auth->personnalStat()
#8 /home/peniela/codeigniter/Projet/system/CodeIgniter.php(509): CodeIgniter\CodeIgniter->runController()
#9 /home/peniela/codeigniter/Projet/system/CodeIgniter.php(355): CodeIgniter\CodeIgniter->handleRequest()
#10 /home/peniela/codeigniter/Projet/system/Boot.php(312): CodeIgniter\CodeIgniter->run()
#11 /home/peniela/codeigniter/Projet/system/Boot.php(67): CodeIgniter\Boot::runCodeIgniter()
#12 /home/peniela/codeigniter/Projet/public/index.php(56): CodeIgniter\Boot::bootWeb()
#13 {main}
CRITICAL - 2024-05-09 14:15:46 --> CodeIgniter\Database\Exceptions\DatabaseException: Not unique table/alias: 'dhcp'
[Method: GET, Route: PersonnalStat]
in SYSTEMPATH/Database/BaseConnection.php on line 676.
 1 SYSTEMPATH/Database/BaseBuilder.php(1629): CodeIgniter\Database\BaseConnection->query()
 2 SYSTEMPATH/Model.php(275): CodeIgniter\Database\BaseBuilder->get()
 3 SYSTEMPATH/BaseModel.php(676): CodeIgniter\Model->doFindAll()
 4 APPPATH/Controllers/Auth.php(237): CodeIgniter\BaseModel->findAll()
 5 SYSTEMPATH/CodeIgniter.php(933): App\Controllers\Auth->personnalStat()
 6 SYSTEMPATH/CodeIgniter.php(509): CodeIgniter\CodeIgniter->runController()
 7 SYSTEMPATH/CodeIgniter.php(355): CodeIgniter\CodeIgniter->handleRequest()
 8 SYSTEMPATH/Boot.php(312): CodeIgniter\CodeIgniter->run()
 9 SYSTEMPATH/Boot.php(67): CodeIgniter\Boot::runCodeIgniter()
10 FCPATH/index.php(56): CodeIgniter\Boot::bootWeb()
CRITICAL - 2024-05-09 14:15:46 --> [Caused by] CodeIgniter\Database\Exceptions\DatabaseException: Not unique table/alias: 'dhcp'
in SYSTEMPATH/Database/MySQLi/Connection.php on line 313.
 1 SYSTEMPATH/Database/BaseConnection.php(722): CodeIgniter\Database\MySQLi\Connection->execute()
 2 SYSTEMPATH/Database/BaseConnection.php(636): CodeIgniter\Database\BaseConnection->simpleQuery()
 3 SYSTEMPATH/Database/BaseBuilder.php(1629): CodeIgniter\Database\BaseConnection->query()
 4 SYSTEMPATH/Model.php(275): CodeIgniter\Database\BaseBuilder->get()
 5 SYSTEMPATH/BaseModel.php(676): CodeIgniter\Model->doFindAll()
 6 APPPATH/Controllers/Auth.php(237): CodeIgniter\BaseModel->findAll()
 7 SYSTEMPATH/CodeIgniter.php(933): App\Controllers\Auth->personnalStat()
 8 SYSTEMPATH/CodeIgniter.php(509): CodeIgniter\CodeIgniter->runController()
 9 SYSTEMPATH/CodeIgniter.php(355): CodeIgniter\CodeIgniter->handleRequest()
10 SYSTEMPATH/Boot.php(312): CodeIgniter\CodeIgniter->run()
11 SYSTEMPATH/Boot.php(67): CodeIgniter\Boot::runCodeIgniter()
12 FCPATH/index.php(56): CodeIgniter\Boot::bootWeb()
CRITICAL - 2024-05-09 14:15:46 --> [Caused by] mysqli_sql_exception: Not unique table/alias: 'dhcp'
in SYSTEMPATH/Database/MySQLi/Connection.php on line 308.
 1 SYSTEMPATH/Database/MySQLi/Connection.php(308): mysqli->query()
 2 SYSTEMPATH/Database/BaseConnection.php(722): CodeIgniter\Database\MySQLi\Connection->execute()
 3 SYSTEMPATH/Database/BaseConnection.php(636): CodeIgniter\Database\BaseConnection->simpleQuery()
 4 SYSTEMPATH/Database/BaseBuilder.php(1629): CodeIgniter\Database\BaseConnection->query()
 5 SYSTEMPATH/Model.php(275): CodeIgniter\Database\BaseBuilder->get()
 6 SYSTEMPATH/BaseModel.php(676): CodeIgniter\Model->doFindAll()
 7 APPPATH/Controllers/Auth.php(237): CodeIgniter\BaseModel->findAll()
 8 SYSTEMPATH/CodeIgniter.php(933): App\Controllers\Auth->personnalStat()
 9 SYSTEMPATH/CodeIgniter.php(509): CodeIgniter\CodeIgniter->runController()
10 SYSTEMPATH/CodeIgniter.php(355): CodeIgniter\CodeIgniter->handleRequest()
11 SYSTEMPATH/Boot.php(312): CodeIgniter\CodeIgniter->run()
12 SYSTEMPATH/Boot.php(67): CodeIgniter\Boot::runCodeIgniter()
13 FCPATH/index.php(56): CodeIgniter\Boot::bootWeb()
ERROR - 2024-05-09 14:15:47 --> mysqli_sql_exception: Not unique table/alias: 'dhcp' in /home/peniela/codeigniter/Projet/system/Database/MySQLi/Connection.php:308
Stack trace:
#0 /home/peniela/codeigniter/Projet/system/Database/MySQLi/Connection.php(308): mysqli->query()
#1 /home/peniela/codeigniter/Projet/system/Database/BaseConnection.php(722): CodeIgniter\Database\MySQLi\Connection->execute()
#2 /home/peniela/codeigniter/Projet/system/Database/BaseConnection.php(636): CodeIgniter\Database\BaseConnection->simpleQuery()
#3 /home/peniela/codeigniter/Projet/system/Database/BaseBuilder.php(1629): CodeIgniter\Database\BaseConnection->query()
#4 /home/peniela/codeigniter/Projet/system/Model.php(275): CodeIgniter\Database\BaseBuilder->get()
#5 /home/peniela/codeigniter/Projet/system/BaseModel.php(676): CodeIgniter\Model->doFindAll()
#6 /home/peniela/codeigniter/Projet/app/Controllers/Auth.php(237): CodeIgniter\BaseModel->findAll()
#7 /home/peniela/codeigniter/Projet/system/CodeIgniter.php(933): App\Controllers\Auth->personnalStat()
#8 /home/peniela/codeigniter/Projet/system/CodeIgniter.php(509): CodeIgniter\CodeIgniter->runController()
#9 /home/peniela/codeigniter/Projet/system/CodeIgniter.php(355): CodeIgniter\CodeIgniter->handleRequest()
#10 /home/peniela/codeigniter/Projet/system/Boot.php(312): CodeIgniter\CodeIgniter->run()
#11 /home/peniela/codeigniter/Projet/system/Boot.php(67): CodeIgniter\Boot::runCodeIgniter()
#12 /home/peniela/codeigniter/Projet/public/index.php(56): CodeIgniter\Boot::bootWeb()
#13 {main}
CRITICAL - 2024-05-09 14:15:47 --> CodeIgniter\Database\Exceptions\DatabaseException: Not unique table/alias: 'dhcp'
[Method: GET, Route: PersonnalStat]
in SYSTEMPATH/Database/BaseConnection.php on line 676.
 1 SYSTEMPATH/Database/BaseBuilder.php(1629): CodeIgniter\Database\BaseConnection->query()
 2 SYSTEMPATH/Model.php(275): CodeIgniter\Database\BaseBuilder->get()
 3 SYSTEMPATH/BaseModel.php(676): CodeIgniter\Model->doFindAll()
 4 APPPATH/Controllers/Auth.php(237): CodeIgniter\BaseModel->findAll()
 5 SYSTEMPATH/CodeIgniter.php(933): App\Controllers\Auth->personnalStat()
 6 SYSTEMPATH/CodeIgniter.php(509): CodeIgniter\CodeIgniter->runController()
 7 SYSTEMPATH/CodeIgniter.php(355): CodeIgniter\CodeIgniter->handleRequest()
 8 SYSTEMPATH/Boot.php(312): CodeIgniter\CodeIgniter->run()
 9 SYSTEMPATH/Boot.php(67): CodeIgniter\Boot::runCodeIgniter()
10 FCPATH/index.php(56): CodeIgniter\Boot::bootWeb()
CRITICAL - 2024-05-09 14:15:47 --> [Caused by] CodeIgniter\Database\Exceptions\DatabaseException: Not unique table/alias: 'dhcp'
in SYSTEMPATH/Database/MySQLi/Connection.php on line 313.
 1 SYSTEMPATH/Database/BaseConnection.php(722): CodeIgniter\Database\MySQLi\Connection->execute()
 2 SYSTEMPATH/Database/BaseConnection.php(636): CodeIgniter\Database\BaseConnection->simpleQuery()
 3 SYSTEMPATH/Database/BaseBuilder.php(1629): CodeIgniter\Database\BaseConnection->query()
 4 SYSTEMPATH/Model.php(275): CodeIgniter\Database\BaseBuilder->get()
 5 SYSTEMPATH/BaseModel.php(676): CodeIgniter\Model->doFindAll()
 6 APPPATH/Controllers/Auth.php(237): CodeIgniter\BaseModel->findAll()
 7 SYSTEMPATH/CodeIgniter.php(933): App\Controllers\Auth->personnalStat()
 8 SYSTEMPATH/CodeIgniter.php(509): CodeIgniter\CodeIgniter->runController()
 9 SYSTEMPATH/CodeIgniter.php(355): CodeIgniter\CodeIgniter->handleRequest()
10 SYSTEMPATH/Boot.php(312): CodeIgniter\CodeIgniter->run()
11 SYSTEMPATH/Boot.php(67): CodeIgniter\Boot::runCodeIgniter()
12 FCPATH/index.php(56): CodeIgniter\Boot::bootWeb()
CRITICAL - 2024-05-09 14:15:47 --> [Caused by] mysqli_sql_exception: Not unique table/alias: 'dhcp'
in SYSTEMPATH/Database/MySQLi/Connection.php on line 308.
 1 SYSTEMPATH/Database/MySQLi/Connection.php(308): mysqli->query()
 2 SYSTEMPATH/Database/BaseConnection.php(722): CodeIgniter\Database\MySQLi\Connection->execute()
 3 SYSTEMPATH/Database/BaseConnection.php(636): CodeIgniter\Database\BaseConnection->simpleQuery()
 4 SYSTEMPATH/Database/BaseBuilder.php(1629): CodeIgniter\Database\BaseConnection->query()
 5 SYSTEMPATH/Model.php(275): CodeIgniter\Database\BaseBuilder->get()
 6 SYSTEMPATH/BaseModel.php(676): CodeIgniter\Model->doFindAll()
 7 APPPATH/Controllers/Auth.php(237): CodeIgniter\BaseModel->findAll()
 8 SYSTEMPATH/CodeIgniter.php(933): App\Controllers\Auth->personnalStat()
 9 SYSTEMPATH/CodeIgniter.php(509): CodeIgniter\CodeIgniter->runController()
10 SYSTEMPATH/CodeIgniter.php(355): CodeIgniter\CodeIgniter->handleRequest()
11 SYSTEMPATH/Boot.php(312): CodeIgniter\CodeIgniter->run()
12 SYSTEMPATH/Boot.php(67): CodeIgniter\Boot::runCodeIgniter()
13 FCPATH/index.php(56): CodeIgniter\Boot::bootWeb()
ERROR - 2024-05-09 14:15:48 --> mysqli_sql_exception: Not unique table/alias: 'dhcp' in /home/peniela/codeigniter/Projet/system/Database/MySQLi/Connection.php:308
Stack trace:
#0 /home/peniela/codeigniter/Projet/system/Database/MySQLi/Connection.php(308): mysqli->query()
#1 /home/peniela/codeigniter/Projet/system/Database/BaseConnection.php(722): CodeIgniter\Database\MySQLi\Connection->execute()
#2 /home/peniela/codeigniter/Projet/system/Database/BaseConnection.php(636): CodeIgniter\Database\BaseConnection->simpleQuery()
#3 /home/peniela/codeigniter/Projet/system/Database/BaseBuilder.php(1629): CodeIgniter\Database\BaseConnection->query()
#4 /home/peniela/codeigniter/Projet/system/Model.php(275): CodeIgniter\Database\BaseBuilder->get()
#5 /home/peniela/codeigniter/Projet/system/BaseModel.php(676): CodeIgniter\Model->doFindAll()
#6 /home/peniela/codeigniter/Projet/app/Controllers/Auth.php(237): CodeIgniter\BaseModel->findAll()
#7 /home/peniela/codeigniter/Projet/system/CodeIgniter.php(933): App\Controllers\Auth->personnalStat()
#8 /home/peniela/codeigniter/Projet/system/CodeIgniter.php(509): CodeIgniter\CodeIgniter->runController()
#9 /home/peniela/codeigniter/Projet/system/CodeIgniter.php(355): CodeIgniter\CodeIgniter->handleRequest()
#10 /home/peniela/codeigniter/Projet/system/Boot.php(312): CodeIgniter\CodeIgniter->run()
#11 /home/peniela/codeigniter/Projet/system/Boot.php(67): CodeIgniter\Boot::runCodeIgniter()
#12 /home/peniela/codeigniter/Projet/public/index.php(56): CodeIgniter\Boot::bootWeb()
#13 {main}
CRITICAL - 2024-05-09 14:15:48 --> CodeIgniter\Database\Exceptions\DatabaseException: Not unique table/alias: 'dhcp'
[Method: GET, Route: PersonnalStat]
in SYSTEMPATH/Database/BaseConnection.php on line 676.
 1 SYSTEMPATH/Database/BaseBuilder.php(1629): CodeIgniter\Database\BaseConnection->query()
 2 SYSTEMPATH/Model.php(275): CodeIgniter\Database\BaseBuilder->get()
 3 SYSTEMPATH/BaseModel.php(676): CodeIgniter\Model->doFindAll()
 4 APPPATH/Controllers/Auth.php(237): CodeIgniter\BaseModel->findAll()
 5 SYSTEMPATH/CodeIgniter.php(933): App\Controllers\Auth->personnalStat()
 6 SYSTEMPATH/CodeIgniter.php(509): CodeIgniter\CodeIgniter->runController()
 7 SYSTEMPATH/CodeIgniter.php(355): CodeIgniter\CodeIgniter->handleRequest()
 8 SYSTEMPATH/Boot.php(312): CodeIgniter\CodeIgniter->run()
 9 SYSTEMPATH/Boot.php(67): CodeIgniter\Boot::runCodeIgniter()
10 FCPATH/index.php(56): CodeIgniter\Boot::bootWeb()
CRITICAL - 2024-05-09 14:15:48 --> [Caused by] CodeIgniter\Database\Exceptions\DatabaseException: Not unique table/alias: 'dhcp'
in SYSTEMPATH/Database/MySQLi/Connection.php on line 313.
 1 SYSTEMPATH/Database/BaseConnection.php(722): CodeIgniter\Database\MySQLi\Connection->execute()
 2 SYSTEMPATH/Database/BaseConnection.php(636): CodeIgniter\Database\BaseConnection->simpleQuery()
 3 SYSTEMPATH/Database/BaseBuilder.php(1629): CodeIgniter\Database\BaseConnection->query()
 4 SYSTEMPATH/Model.php(275): CodeIgniter\Database\BaseBuilder->get()
 5 SYSTEMPATH/BaseModel.php(676): CodeIgniter\Model->doFindAll()
 6 APPPATH/Controllers/Auth.php(237): CodeIgniter\BaseModel->findAll()
 7 SYSTEMPATH/CodeIgniter.php(933): App\Controllers\Auth->personnalStat()
 8 SYSTEMPATH/CodeIgniter.php(509): CodeIgniter\CodeIgniter->runController()
 9 SYSTEMPATH/CodeIgniter.php(355): CodeIgniter\CodeIgniter->handleRequest()
10 SYSTEMPATH/Boot.php(312): CodeIgniter\CodeIgniter->run()
11 SYSTEMPATH/Boot.php(67): CodeIgniter\Boot::runCodeIgniter()
12 FCPATH/index.php(56): CodeIgniter\Boot::bootWeb()
CRITICAL - 2024-05-09 14:15:48 --> [Caused by] mysqli_sql_exception: Not unique table/alias: 'dhcp'
in SYSTEMPATH/Database/MySQLi/Connection.php on line 308.
 1 SYSTEMPATH/Database/MySQLi/Connection.php(308): mysqli->query()
 2 SYSTEMPATH/Database/BaseConnection.php(722): CodeIgniter\Database\MySQLi\Connection->execute()
 3 SYSTEMPATH/Database/BaseConnection.php(636): CodeIgniter\Database\BaseConnection->simpleQuery()
 4 SYSTEMPATH/Database/BaseBuilder.php(1629): CodeIgniter\Database\BaseConnection->query()
 5 SYSTEMPATH/Model.php(275): CodeIgniter\Database\BaseBuilder->get()
 6 SYSTEMPATH/BaseModel.php(676): CodeIgniter\Model->doFindAll()
 7 APPPATH/Controllers/Auth.php(237): CodeIgniter\BaseModel->findAll()
 8 SYSTEMPATH/CodeIgniter.php(933): App\Controllers\Auth->personnalStat()
 9 SYSTEMPATH/CodeIgniter.php(509): CodeIgniter\CodeIgniter->runController()
10 SYSTEMPATH/CodeIgniter.php(355): CodeIgniter\CodeIgniter->handleRequest()
11 SYSTEMPATH/Boot.php(312): CodeIgniter\CodeIgniter->run()
12 SYSTEMPATH/Boot.php(67): CodeIgniter\Boot::runCodeIgniter()
13 FCPATH/index.php(56): CodeIgniter\Boot::bootWeb()
CRITICAL - 2024-05-09 14:15:57 --> ErrorException: Undefined variable $data
[Method: GET, Route: PersonnalStat]
in APPPATH/Controllers/Auth.php on line 240.
 1 APPPATH/Controllers/Auth.php(240): CodeIgniter\Debug\Exceptions->errorHandler()
 2 SYSTEMPATH/CodeIgniter.php(933): App\Controllers\Auth->personnalStat()
 3 SYSTEMPATH/CodeIgniter.php(509): CodeIgniter\CodeIgniter->runController()
 4 SYSTEMPATH/CodeIgniter.php(355): CodeIgniter\CodeIgniter->handleRequest()
 5 SYSTEMPATH/Boot.php(312): CodeIgniter\CodeIgniter->run()
 6 SYSTEMPATH/Boot.php(67): CodeIgniter\Boot::runCodeIgniter()
 7 FCPATH/index.php(56): CodeIgniter\Boot::bootWeb()
CRITICAL - 2024-05-09 14:15:59 --> ErrorException: Undefined variable $data
[Method: GET, Route: PersonnalStat]
in APPPATH/Controllers/Auth.php on line 240.
 1 APPPATH/Controllers/Auth.php(240): CodeIgniter\Debug\Exceptions->errorHandler()
 2 SYSTEMPATH/CodeIgniter.php(933): App\Controllers\Auth->personnalStat()
 3 SYSTEMPATH/CodeIgniter.php(509): CodeIgniter\CodeIgniter->runController()
 4 SYSTEMPATH/CodeIgniter.php(355): CodeIgniter\CodeIgniter->handleRequest()
 5 SYSTEMPATH/Boot.php(312): CodeIgniter\CodeIgniter->run()
 6 SYSTEMPATH/Boot.php(67): CodeIgniter\Boot::runCodeIgniter()
 7 FCPATH/index.php(56): CodeIgniter\Boot::bootWeb()
CRITICAL - 2024-05-09 14:15:59 --> ErrorException: Undefined variable $data
[Method: GET, Route: PersonnalStat]
in APPPATH/Controllers/Auth.php on line 240.
 1 APPPATH/Controllers/Auth.php(240): CodeIgniter\Debug\Exceptions->errorHandler()
 2 SYSTEMPATH/CodeIgniter.php(933): App\Controllers\Auth->personnalStat()
 3 SYSTEMPATH/CodeIgniter.php(509): CodeIgniter\CodeIgniter->runController()
 4 SYSTEMPATH/CodeIgniter.php(355): CodeIgniter\CodeIgniter->handleRequest()
 5 SYSTEMPATH/Boot.php(312): CodeIgniter\CodeIgniter->run()
 6 SYSTEMPATH/Boot.php(67): CodeIgniter\Boot::runCodeIgniter()
 7 FCPATH/index.php(56): CodeIgniter\Boot::bootWeb()
CRITICAL - 2024-05-09 14:33:54 --> Error: Call to undefined method CodeIgniter\Database\MySQLi\Result::num_rows()
[Method: GET, Route: PersonnalStat]
in APPPATH/Models/AuthLog.php on line 72.
 1 APPPATH/Controllers/Auth.php(236): App\Models\AuthLog->is_saved()
 2 SYSTEMPATH/CodeIgniter.php(933): App\Controllers\Auth->personnalStat()
 3 SYSTEMPATH/CodeIgniter.php(509): CodeIgniter\CodeIgniter->runController()
 4 SYSTEMPATH/CodeIgniter.php(355): CodeIgniter\CodeIgniter->handleRequest()
 5 SYSTEMPATH/Boot.php(312): CodeIgniter\CodeIgniter->run()
 6 SYSTEMPATH/Boot.php(67): CodeIgniter\Boot::runCodeIgniter()
 7 FCPATH/index.php(56): CodeIgniter\Boot::bootWeb()
CRITICAL - 2024-05-09 14:35:02 --> TypeError: count(): Argument #1 ($value) must be of type Countable|array, CodeIgniter\Database\MySQLi\Result given
[Method: GET, Route: PersonnalStat]
in APPPATH/Models/AuthLog.php on line 72.
 1 APPPATH/Models/AuthLog.php(72): count()
 2 APPPATH/Controllers/Auth.php(236): App\Models\AuthLog->is_saved()
 3 SYSTEMPATH/CodeIgniter.php(933): App\Controllers\Auth->personnalStat()
 4 SYSTEMPATH/CodeIgniter.php(509): CodeIgniter\CodeIgniter->runController()
 5 SYSTEMPATH/CodeIgniter.php(355): CodeIgniter\CodeIgniter->handleRequest()
 6 SYSTEMPATH/Boot.php(312): CodeIgniter\CodeIgniter->run()
 7 SYSTEMPATH/Boot.php(67): CodeIgniter\Boot::runCodeIgniter()
 8 FCPATH/index.php(56): CodeIgniter\Boot::bootWeb()
WARNING - 2024-05-09 15:14:25 --> [DEPRECATED] explode(): Passing null to parameter #2 ($string) of type string is deprecated in APPPATH/Controllers/Auth.php on line 47.
 1 APPPATH/Controllers/Auth.php(47): explode('i', null)
 2 SYSTEMPATH/CodeIgniter.php(933): App\Controllers\Auth->connected('0')
 3 SYSTEMPATH/CodeIgniter.php(509): CodeIgniter\CodeIgniter->runController(Object(App\Controllers\Auth))
 4 SYSTEMPATH/CodeIgniter.php(355): CodeIgniter\CodeIgniter->handleRequest(null, Object(Config\Cache), false)
 5 SYSTEMPATH/Boot.php(312): CodeIgniter\CodeIgniter->run()
 6 SYSTEMPATH/Boot.php(67): CodeIgniter\Boot::runCodeIgniter(Object(CodeIgniter\CodeIgniter))
 7 FCPATH/index.php(56): CodeIgniter\Boot::bootWeb(Object(Config\Paths))
CRITICAL - 2024-05-09 15:14:25 --> ErrorException: Undefined array key 0
[Method: GET, Route: Connected]
in APPPATH/Views/connected.php on line 43.
 1 APPPATH/Views/connected.php(43): CodeIgniter\Debug\Exceptions->errorHandler()
 2 SYSTEMPATH/View/View.php(234): include('/home/peniela/codeigniter/Projet/app/Views/connected.php')
 3 SYSTEMPATH/View/View.php(237): CodeIgniter\View\View->CodeIgniter\View\{closure}()
 4 SYSTEMPATH/Common.php(1171): CodeIgniter\View\View->render()
 5 APPPATH/Controllers/Auth.php(72): view()
 6 SYSTEMPATH/CodeIgniter.php(933): App\Controllers\Auth->connected()
 7 SYSTEMPATH/CodeIgniter.php(509): CodeIgniter\CodeIgniter->runController()
 8 SYSTEMPATH/CodeIgniter.php(355): CodeIgniter\CodeIgniter->handleRequest()
 9 SYSTEMPATH/Boot.php(312): CodeIgniter\CodeIgniter->run()
10 SYSTEMPATH/Boot.php(67): CodeIgniter\Boot::runCodeIgniter()
11 FCPATH/index.php(56): CodeIgniter\Boot::bootWeb()
WARNING - 2024-05-09 15:15:24 --> [DEPRECATED] explode(): Passing null to parameter #2 ($string) of type string is deprecated in APPPATH/Controllers/Auth.php on line 47.
 1 APPPATH/Controllers/Auth.php(47): explode('i', null)
 2 SYSTEMPATH/CodeIgniter.php(933): App\Controllers\Auth->connected('0')
 3 SYSTEMPATH/CodeIgniter.php(509): CodeIgniter\CodeIgniter->runController(Object(App\Controllers\Auth))
 4 SYSTEMPATH/CodeIgniter.php(355): CodeIgniter\CodeIgniter->handleRequest(null, Object(Config\Cache), false)
 5 SYSTEMPATH/Boot.php(312): CodeIgniter\CodeIgniter->run()
 6 SYSTEMPATH/Boot.php(67): CodeIgniter\Boot::runCodeIgniter(Object(CodeIgniter\CodeIgniter))
 7 FCPATH/index.php(56): CodeIgniter\Boot::bootWeb(Object(Config\Paths))
WARNING - 2024-05-09 15:15:50 --> [DEPRECATED] explode(): Passing null to parameter #2 ($string) of type string is deprecated in APPPATH/Controllers/Auth.php on line 47.
 1 APPPATH/Controllers/Auth.php(47): explode('i', null)
 2 SYSTEMPATH/CodeIgniter.php(933): App\Controllers\Auth->connected('0')
 3 SYSTEMPATH/CodeIgniter.php(509): CodeIgniter\CodeIgniter->runController(Object(App\Controllers\Auth))
 4 SYSTEMPATH/CodeIgniter.php(355): CodeIgniter\CodeIgniter->handleRequest(null, Object(Config\Cache), false)
 5 SYSTEMPATH/Boot.php(312): CodeIgniter\CodeIgniter->run()
 6 SYSTEMPATH/Boot.php(67): CodeIgniter\Boot::runCodeIgniter(Object(CodeIgniter\CodeIgniter))
 7 FCPATH/index.php(56): CodeIgniter\Boot::bootWeb(Object(Config\Paths))
WARNING - 2024-05-09 15:19:46 --> [DEPRECATED] explode(): Passing null to parameter #2 ($string) of type string is deprecated in APPPATH/Controllers/Auth.php on line 47.
 1 APPPATH/Controllers/Auth.php(47): explode('i', null)
 2 SYSTEMPATH/CodeIgniter.php(933): App\Controllers\Auth->connected('0')
 3 SYSTEMPATH/CodeIgniter.php(509): CodeIgniter\CodeIgniter->runController(Object(App\Controllers\Auth))
 4 SYSTEMPATH/CodeIgniter.php(355): CodeIgniter\CodeIgniter->handleRequest(null, Object(Config\Cache), false)
 5 SYSTEMPATH/Boot.php(312): CodeIgniter\CodeIgniter->run()
 6 SYSTEMPATH/Boot.php(67): CodeIgniter\Boot::runCodeIgniter(Object(CodeIgniter\CodeIgniter))
 7 FCPATH/index.php(56): CodeIgniter\Boot::bootWeb(Object(Config\Paths))
WARNING - 2024-05-09 15:20:32 --> [DEPRECATED] explode(): Passing null to parameter #2 ($string) of type string is deprecated in APPPATH/Controllers/Auth.php on line 47.
 1 APPPATH/Controllers/Auth.php(47): explode('i', null)
 2 SYSTEMPATH/CodeIgniter.php(933): App\Controllers\Auth->connected('0')
 3 SYSTEMPATH/CodeIgniter.php(509): CodeIgniter\CodeIgniter->runController(Object(App\Controllers\Auth))
 4 SYSTEMPATH/CodeIgniter.php(355): CodeIgniter\CodeIgniter->handleRequest(null, Object(Config\Cache), false)
 5 SYSTEMPATH/Boot.php(312): CodeIgniter\CodeIgniter->run()
 6 SYSTEMPATH/Boot.php(67): CodeIgniter\Boot::runCodeIgniter(Object(CodeIgniter\CodeIgniter))
 7 FCPATH/index.php(56): CodeIgniter\Boot::bootWeb(Object(Config\Paths))
WARNING - 2024-05-09 15:24:41 --> [DEPRECATED] explode(): Passing null to parameter #2 ($string) of type string is deprecated in APPPATH/Controllers/Auth.php on line 47.
 1 APPPATH/Controllers/Auth.php(47): explode('i', null)
 2 APPPATH/Controllers/Auth.php(166): App\Controllers\Auth->connected(0)
 3 SYSTEMPATH/CodeIgniter.php(933): App\Controllers\Auth->export('1')
 4 SYSTEMPATH/CodeIgniter.php(509): CodeIgniter\CodeIgniter->runController(Object(App\Controllers\Auth))
 5 SYSTEMPATH/CodeIgniter.php(355): CodeIgniter\CodeIgniter->handleRequest(null, Object(Config\Cache), false)
 6 SYSTEMPATH/Boot.php(312): CodeIgniter\CodeIgniter->run()
 7 SYSTEMPATH/Boot.php(67): CodeIgniter\Boot::runCodeIgniter(Object(CodeIgniter\CodeIgniter))
 8 FCPATH/index.php(56): CodeIgniter\Boot::bootWeb(Object(Config\Paths))
WARNING - 2024-05-09 15:26:41 --> [DEPRECATED] explode(): Passing null to parameter #2 ($string) of type string is deprecated in APPPATH/Controllers/Auth.php on line 47.
 1 APPPATH/Controllers/Auth.php(47): explode('i', null)
 2 APPPATH/Controllers/Auth.php(166): App\Controllers\Auth->connected(0)
 3 SYSTEMPATH/CodeIgniter.php(933): App\Controllers\Auth->export('1')
 4 SYSTEMPATH/CodeIgniter.php(509): CodeIgniter\CodeIgniter->runController(Object(App\Controllers\Auth))
 5 SYSTEMPATH/CodeIgniter.php(355): CodeIgniter\CodeIgniter->handleRequest(null, Object(Config\Cache), false)
 6 SYSTEMPATH/Boot.php(312): CodeIgniter\CodeIgniter->run()
 7 SYSTEMPATH/Boot.php(67): CodeIgniter\Boot::runCodeIgniter(Object(CodeIgniter\CodeIgniter))
 8 FCPATH/index.php(56): CodeIgniter\Boot::bootWeb(Object(Config\Paths))
WARNING - 2024-05-09 15:28:40 --> [DEPRECATED] explode(): Passing null to parameter #2 ($string) of type string is deprecated in APPPATH/Controllers/Auth.php on line 47.
 1 APPPATH/Controllers/Auth.php(47): explode('i', null)
 2 SYSTEMPATH/CodeIgniter.php(933): App\Controllers\Auth->connected('0')
 3 SYSTEMPATH/CodeIgniter.php(509): CodeIgniter\CodeIgniter->runController(Object(App\Controllers\Auth))
 4 SYSTEMPATH/CodeIgniter.php(355): CodeIgniter\CodeIgniter->handleRequest(null, Object(Config\Cache), false)
 5 SYSTEMPATH/Boot.php(312): CodeIgniter\CodeIgniter->run()
 6 SYSTEMPATH/Boot.php(67): CodeIgniter\Boot::runCodeIgniter(Object(CodeIgniter\CodeIgniter))
 7 FCPATH/index.php(56): CodeIgniter\Boot::bootWeb(Object(Config\Paths))
WARNING - 2024-05-09 15:28:57 --> [DEPRECATED] explode(): Passing null to parameter #2 ($string) of type string is deprecated in APPPATH/Controllers/Auth.php on line 47.
 1 APPPATH/Controllers/Auth.php(47): explode('i', null)
 2 SYSTEMPATH/CodeIgniter.php(933): App\Controllers\Auth->connected('0')
 3 SYSTEMPATH/CodeIgniter.php(509): CodeIgniter\CodeIgniter->runController(Object(App\Controllers\Auth))
 4 SYSTEMPATH/CodeIgniter.php(355): CodeIgniter\CodeIgniter->handleRequest(null, Object(Config\Cache), false)
 5 SYSTEMPATH/Boot.php(312): CodeIgniter\CodeIgniter->run()
 6 SYSTEMPATH/Boot.php(67): CodeIgniter\Boot::runCodeIgniter(Object(CodeIgniter\CodeIgniter))
 7 FCPATH/index.php(56): CodeIgniter\Boot::bootWeb(Object(Config\Paths))
WARNING - 2024-05-09 15:29:13 --> [DEPRECATED] explode(): Passing null to parameter #2 ($string) of type string is deprecated in APPPATH/Controllers/Auth.php on line 47.
 1 APPPATH/Controllers/Auth.php(47): explode('i', null)
 2 SYSTEMPATH/CodeIgniter.php(933): App\Controllers\Auth->connected('0')
 3 SYSTEMPATH/CodeIgniter.php(509): CodeIgniter\CodeIgniter->runController(Object(App\Controllers\Auth))
 4 SYSTEMPATH/CodeIgniter.php(355): CodeIgniter\CodeIgniter->handleRequest(null, Object(Config\Cache), false)
 5 SYSTEMPATH/Boot.php(312): CodeIgniter\CodeIgniter->run()
 6 SYSTEMPATH/Boot.php(67): CodeIgniter\Boot::runCodeIgniter(Object(CodeIgniter\CodeIgniter))
 7 FCPATH/index.php(56): CodeIgniter\Boot::bootWeb(Object(Config\Paths))
WARNING - 2024-05-09 15:29:35 --> [DEPRECATED] explode(): Passing null to parameter #2 ($string) of type string is deprecated in APPPATH/Controllers/Auth.php on line 47.
 1 APPPATH/Controllers/Auth.php(47): explode('i', null)
 2 SYSTEMPATH/CodeIgniter.php(933): App\Controllers\Auth->connected('0')
 3 SYSTEMPATH/CodeIgniter.php(509): CodeIgniter\CodeIgniter->runController(Object(App\Controllers\Auth))
 4 SYSTEMPATH/CodeIgniter.php(355): CodeIgniter\CodeIgniter->handleRequest(null, Object(Config\Cache), false)
 5 SYSTEMPATH/Boot.php(312): CodeIgniter\CodeIgniter->run()
 6 SYSTEMPATH/Boot.php(67): CodeIgniter\Boot::runCodeIgniter(Object(CodeIgniter\CodeIgniter))
 7 FCPATH/index.php(56): CodeIgniter\Boot::bootWeb(Object(Config\Paths))
WARNING - 2024-05-09 15:34:05 --> [DEPRECATED] explode(): Passing null to parameter #2 ($string) of type string is deprecated in APPPATH/Controllers/Auth.php on line 47.
 1 APPPATH/Controllers/Auth.php(47): explode('i', null)
 2 SYSTEMPATH/CodeIgniter.php(933): App\Controllers\Auth->connected('0')
 3 SYSTEMPATH/CodeIgniter.php(509): CodeIgniter\CodeIgniter->runController(Object(App\Controllers\Auth))
 4 SYSTEMPATH/CodeIgniter.php(355): CodeIgniter\CodeIgniter->handleRequest(null, Object(Config\Cache), false)
 5 SYSTEMPATH/Boot.php(312): CodeIgniter\CodeIgniter->run()
 6 SYSTEMPATH/Boot.php(67): CodeIgniter\Boot::runCodeIgniter(Object(CodeIgniter\CodeIgniter))
 7 FCPATH/index.php(56): CodeIgniter\Boot::bootWeb(Object(Config\Paths))
WARNING - 2024-05-09 15:35:14 --> [DEPRECATED] explode(): Passing null to parameter #2 ($string) of type string is deprecated in APPPATH/Controllers/Auth.php on line 47.
 1 APPPATH/Controllers/Auth.php(47): explode('i', null)
 2 SYSTEMPATH/CodeIgniter.php(933): App\Controllers\Auth->connected('0')
 3 SYSTEMPATH/CodeIgniter.php(509): CodeIgniter\CodeIgniter->runController(Object(App\Controllers\Auth))
 4 SYSTEMPATH/CodeIgniter.php(355): CodeIgniter\CodeIgniter->handleRequest(null, Object(Config\Cache), false)
 5 SYSTEMPATH/Boot.php(312): CodeIgniter\CodeIgniter->run()
 6 SYSTEMPATH/Boot.php(67): CodeIgniter\Boot::runCodeIgniter(Object(CodeIgniter\CodeIgniter))
 7 FCPATH/index.php(56): CodeIgniter\Boot::bootWeb(Object(Config\Paths))
