ERROR - 2024-04-25 00:14:50 --> Error connecting to the database: mysqli_sql_exception: Access denied for user 'root'@'localhost' in /home/mit/Web/Codeigniter-4/system/Database/MySQLi/Connection.php:186
Stack trace:
#0 /home/mit/Web/Codeigniter-4/system/Database/MySQLi/Connection.php(186): mysqli->real_connect()
#1 /home/mit/Web/Codeigniter-4/system/Database/BaseConnection.php(421): CodeIgniter\Database\MySQLi\Connection->connect()
#2 /home/mit/Web/Codeigniter-4/system/Database/BaseConnection.php(604): CodeIgniter\Database\BaseConnection->initialize()
#3 /home/mit/Web/Codeigniter-4/system/Database/BaseBuilder.php(2325): CodeIgniter\Database\BaseConnection->query()
#4 /home/mit/Web/Codeigniter-4/system/Model.php(383): CodeIgniter\Database\BaseBuilder->insert()
#5 /home/mit/Web/Codeigniter-4/system/BaseModel.php(840): CodeIgniter\Model->doInsert()
#6 /home/mit/Web/Codeigniter-4/system/Model.php(791): CodeIgniter\BaseModel->insert()
#7 /home/mit/Web/Codeigniter-4/app/Controllers/Inscription.php(24): CodeIgniter\Model->insert()
#8 /home/mit/Web/Codeigniter-4/system/CodeIgniter.php(933): App\Controllers\Inscription->inscrire()
#9 /home/mit/Web/Codeigniter-4/system/CodeIgniter.php(509): CodeIgniter\CodeIgniter->runController()
#10 /home/mit/Web/Codeigniter-4/system/CodeIgniter.php(355): CodeIgniter\CodeIgniter->handleRequest()
#11 /home/mit/Web/Codeigniter-4/system/Boot.php(312): CodeIgniter\CodeIgniter->run()
#12 /home/mit/Web/Codeigniter-4/system/Boot.php(67): CodeIgniter\Boot::runCodeIgniter()
#13 /home/mit/Web/Codeigniter-4/public/index.php(56): CodeIgniter\Boot::bootWeb()
#14 {main}

Next CodeIgniter\Database\Exceptions\DatabaseException: Access denied for user '****'@'localhost' in /home/mit/Web/Codeigniter-4/system/Database/MySQLi/Connection.php:231
Stack trace:
#0 /home/mit/Web/Codeigniter-4/system/Database/BaseConnection.php(421): CodeIgniter\Database\MySQLi\Connection->connect()
#1 /home/mit/Web/Codeigniter-4/system/Database/BaseConnection.php(604): CodeIgniter\Database\BaseConnection->initialize()
#2 /home/mit/Web/Codeigniter-4/system/Database/BaseBuilder.php(2325): CodeIgniter\Database\BaseConnection->query()
#3 /home/mit/Web/Codeigniter-4/system/Model.php(383): CodeIgniter\Database\BaseBuilder->insert()
#4 /home/mit/Web/Codeigniter-4/system/BaseModel.php(840): CodeIgniter\Model->doInsert()
#5 /home/mit/Web/Codeigniter-4/system/Model.php(791): CodeIgniter\BaseModel->insert()
#6 /home/mit/Web/Codeigniter-4/app/Controllers/Inscription.php(24): CodeIgniter\Model->insert()
#7 /home/mit/Web/Codeigniter-4/system/CodeIgniter.php(933): App\Controllers\Inscription->inscrire()
#8 /home/mit/Web/Codeigniter-4/system/CodeIgniter.php(509): CodeIgniter\CodeIgniter->runController()
#9 /home/mit/Web/Codeigniter-4/system/CodeIgniter.php(355): CodeIgniter\CodeIgniter->handleRequest()
#10 /home/mit/Web/Codeigniter-4/system/Boot.php(312): CodeIgniter\CodeIgniter->run()
#11 /home/mit/Web/Codeigniter-4/system/Boot.php(67): CodeIgniter\Boot::runCodeIgniter()
#12 /home/mit/Web/Codeigniter-4/public/index.php(56): CodeIgniter\Boot::bootWeb()
#13 {main}
CRITICAL - 2024-04-25 00:14:50 --> CodeIgniter\Database\Exceptions\DatabaseException: Unable to connect to the database.
Main connection [MySQLi]: Access denied for user '****'@'localhost'
[Method: GET, Route: Inscription/inscrire]
in SYSTEMPATH/Database/BaseConnection.php on line 457.
 1 SYSTEMPATH/Database/BaseConnection.php(604): CodeIgniter\Database\BaseConnection->initialize()
 2 SYSTEMPATH/Database/BaseBuilder.php(2325): CodeIgniter\Database\BaseConnection->query()
 3 SYSTEMPATH/Model.php(383): CodeIgniter\Database\BaseBuilder->insert()
 4 SYSTEMPATH/BaseModel.php(840): CodeIgniter\Model->doInsert()
 5 SYSTEMPATH/Model.php(791): CodeIgniter\BaseModel->insert()
 6 APPPATH/Controllers/Inscription.php(24): CodeIgniter\Model->insert()
 7 SYSTEMPATH/CodeIgniter.php(933): App\Controllers\Inscription->inscrire()
 8 SYSTEMPATH/CodeIgniter.php(509): CodeIgniter\CodeIgniter->runController()
 9 SYSTEMPATH/CodeIgniter.php(355): CodeIgniter\CodeIgniter->handleRequest()
10 SYSTEMPATH/Boot.php(312): CodeIgniter\CodeIgniter->run()
11 SYSTEMPATH/Boot.php(67): CodeIgniter\Boot::runCodeIgniter()
12 FCPATH/index.php(56): CodeIgniter\Boot::bootWeb()
ERROR - 2024-04-25 00:14:53 --> Error connecting to the database: mysqli_sql_exception: Access denied for user 'root'@'localhost' in /home/mit/Web/Codeigniter-4/system/Database/MySQLi/Connection.php:186
Stack trace:
#0 /home/mit/Web/Codeigniter-4/system/Database/MySQLi/Connection.php(186): mysqli->real_connect()
#1 /home/mit/Web/Codeigniter-4/system/Database/BaseConnection.php(421): CodeIgniter\Database\MySQLi\Connection->connect()
#2 /home/mit/Web/Codeigniter-4/system/Database/BaseConnection.php(604): CodeIgniter\Database\BaseConnection->initialize()
#3 /home/mit/Web/Codeigniter-4/system/Database/BaseBuilder.php(2325): CodeIgniter\Database\BaseConnection->query()
#4 /home/mit/Web/Codeigniter-4/system/Model.php(383): CodeIgniter\Database\BaseBuilder->insert()
#5 /home/mit/Web/Codeigniter-4/system/BaseModel.php(840): CodeIgniter\Model->doInsert()
#6 /home/mit/Web/Codeigniter-4/system/Model.php(791): CodeIgniter\BaseModel->insert()
#7 /home/mit/Web/Codeigniter-4/app/Controllers/Inscription.php(24): CodeIgniter\Model->insert()
#8 /home/mit/Web/Codeigniter-4/system/CodeIgniter.php(933): App\Controllers\Inscription->inscrire()
#9 /home/mit/Web/Codeigniter-4/system/CodeIgniter.php(509): CodeIgniter\CodeIgniter->runController()
#10 /home/mit/Web/Codeigniter-4/system/CodeIgniter.php(355): CodeIgniter\CodeIgniter->handleRequest()
#11 /home/mit/Web/Codeigniter-4/system/Boot.php(312): CodeIgniter\CodeIgniter->run()
#12 /home/mit/Web/Codeigniter-4/system/Boot.php(67): CodeIgniter\Boot::runCodeIgniter()
#13 /home/mit/Web/Codeigniter-4/public/index.php(56): CodeIgniter\Boot::bootWeb()
#14 {main}

Next CodeIgniter\Database\Exceptions\DatabaseException: Access denied for user '****'@'localhost' in /home/mit/Web/Codeigniter-4/system/Database/MySQLi/Connection.php:231
Stack trace:
#0 /home/mit/Web/Codeigniter-4/system/Database/BaseConnection.php(421): CodeIgniter\Database\MySQLi\Connection->connect()
#1 /home/mit/Web/Codeigniter-4/system/Database/BaseConnection.php(604): CodeIgniter\Database\BaseConnection->initialize()
#2 /home/mit/Web/Codeigniter-4/system/Database/BaseBuilder.php(2325): CodeIgniter\Database\BaseConnection->query()
#3 /home/mit/Web/Codeigniter-4/system/Model.php(383): CodeIgniter\Database\BaseBuilder->insert()
#4 /home/mit/Web/Codeigniter-4/system/BaseModel.php(840): CodeIgniter\Model->doInsert()
#5 /home/mit/Web/Codeigniter-4/system/Model.php(791): CodeIgniter\BaseModel->insert()
#6 /home/mit/Web/Codeigniter-4/app/Controllers/Inscription.php(24): CodeIgniter\Model->insert()
#7 /home/mit/Web/Codeigniter-4/system/CodeIgniter.php(933): App\Controllers\Inscription->inscrire()
#8 /home/mit/Web/Codeigniter-4/system/CodeIgniter.php(509): CodeIgniter\CodeIgniter->runController()
#9 /home/mit/Web/Codeigniter-4/system/CodeIgniter.php(355): CodeIgniter\CodeIgniter->handleRequest()
#10 /home/mit/Web/Codeigniter-4/system/Boot.php(312): CodeIgniter\CodeIgniter->run()
#11 /home/mit/Web/Codeigniter-4/system/Boot.php(67): CodeIgniter\Boot::runCodeIgniter()
#12 /home/mit/Web/Codeigniter-4/public/index.php(56): CodeIgniter\Boot::bootWeb()
#13 {main}
CRITICAL - 2024-04-25 00:14:53 --> CodeIgniter\Database\Exceptions\DatabaseException: Unable to connect to the database.
Main connection [MySQLi]: Access denied for user '****'@'localhost'
[Method: GET, Route: Inscription/inscrire]
in SYSTEMPATH/Database/BaseConnection.php on line 457.
 1 SYSTEMPATH/Database/BaseConnection.php(604): CodeIgniter\Database\BaseConnection->initialize()
 2 SYSTEMPATH/Database/BaseBuilder.php(2325): CodeIgniter\Database\BaseConnection->query()
 3 SYSTEMPATH/Model.php(383): CodeIgniter\Database\BaseBuilder->insert()
 4 SYSTEMPATH/BaseModel.php(840): CodeIgniter\Model->doInsert()
 5 SYSTEMPATH/Model.php(791): CodeIgniter\BaseModel->insert()
 6 APPPATH/Controllers/Inscription.php(24): CodeIgniter\Model->insert()
 7 SYSTEMPATH/CodeIgniter.php(933): App\Controllers\Inscription->inscrire()
 8 SYSTEMPATH/CodeIgniter.php(509): CodeIgniter\CodeIgniter->runController()
 9 SYSTEMPATH/CodeIgniter.php(355): CodeIgniter\CodeIgniter->handleRequest()
10 SYSTEMPATH/Boot.php(312): CodeIgniter\CodeIgniter->run()
11 SYSTEMPATH/Boot.php(67): CodeIgniter\Boot::runCodeIgniter()
12 FCPATH/index.php(56): CodeIgniter\Boot::bootWeb()
ERROR - 2024-04-25 00:15:34 --> Error connecting to the database: mysqli_sql_exception: Access denied for user 'root'@'localhost' in /home/mit/Web/Codeigniter-4/system/Database/MySQLi/Connection.php:186
Stack trace:
#0 /home/mit/Web/Codeigniter-4/system/Database/MySQLi/Connection.php(186): mysqli->real_connect()
#1 /home/mit/Web/Codeigniter-4/system/Database/BaseConnection.php(421): CodeIgniter\Database\MySQLi\Connection->connect()
#2 /home/mit/Web/Codeigniter-4/system/Database/BaseConnection.php(604): CodeIgniter\Database\BaseConnection->initialize()
#3 /home/mit/Web/Codeigniter-4/system/Database/BaseBuilder.php(2325): CodeIgniter\Database\BaseConnection->query()
#4 /home/mit/Web/Codeigniter-4/system/Model.php(383): CodeIgniter\Database\BaseBuilder->insert()
#5 /home/mit/Web/Codeigniter-4/system/BaseModel.php(840): CodeIgniter\Model->doInsert()
#6 /home/mit/Web/Codeigniter-4/system/Model.php(791): CodeIgniter\BaseModel->insert()
#7 /home/mit/Web/Codeigniter-4/app/Controllers/Inscription.php(24): CodeIgniter\Model->insert()
#8 /home/mit/Web/Codeigniter-4/system/CodeIgniter.php(933): App\Controllers\Inscription->inscrire()
#9 /home/mit/Web/Codeigniter-4/system/CodeIgniter.php(509): CodeIgniter\CodeIgniter->runController()
#10 /home/mit/Web/Codeigniter-4/system/CodeIgniter.php(355): CodeIgniter\CodeIgniter->handleRequest()
#11 /home/mit/Web/Codeigniter-4/system/Boot.php(312): CodeIgniter\CodeIgniter->run()
#12 /home/mit/Web/Codeigniter-4/system/Boot.php(67): CodeIgniter\Boot::runCodeIgniter()
#13 /home/mit/Web/Codeigniter-4/public/index.php(56): CodeIgniter\Boot::bootWeb()
#14 {main}

Next CodeIgniter\Database\Exceptions\DatabaseException: Access denied for user '****'@'localhost' in /home/mit/Web/Codeigniter-4/system/Database/MySQLi/Connection.php:231
Stack trace:
#0 /home/mit/Web/Codeigniter-4/system/Database/BaseConnection.php(421): CodeIgniter\Database\MySQLi\Connection->connect()
#1 /home/mit/Web/Codeigniter-4/system/Database/BaseConnection.php(604): CodeIgniter\Database\BaseConnection->initialize()
#2 /home/mit/Web/Codeigniter-4/system/Database/BaseBuilder.php(2325): CodeIgniter\Database\BaseConnection->query()
#3 /home/mit/Web/Codeigniter-4/system/Model.php(383): CodeIgniter\Database\BaseBuilder->insert()
#4 /home/mit/Web/Codeigniter-4/system/BaseModel.php(840): CodeIgniter\Model->doInsert()
#5 /home/mit/Web/Codeigniter-4/system/Model.php(791): CodeIgniter\BaseModel->insert()
#6 /home/mit/Web/Codeigniter-4/app/Controllers/Inscription.php(24): CodeIgniter\Model->insert()
#7 /home/mit/Web/Codeigniter-4/system/CodeIgniter.php(933): App\Controllers\Inscription->inscrire()
#8 /home/mit/Web/Codeigniter-4/system/CodeIgniter.php(509): CodeIgniter\CodeIgniter->runController()
#9 /home/mit/Web/Codeigniter-4/system/CodeIgniter.php(355): CodeIgniter\CodeIgniter->handleRequest()
#10 /home/mit/Web/Codeigniter-4/system/Boot.php(312): CodeIgniter\CodeIgniter->run()
#11 /home/mit/Web/Codeigniter-4/system/Boot.php(67): CodeIgniter\Boot::runCodeIgniter()
#12 /home/mit/Web/Codeigniter-4/public/index.php(56): CodeIgniter\Boot::bootWeb()
#13 {main}
CRITICAL - 2024-04-25 00:15:34 --> CodeIgniter\Database\Exceptions\DatabaseException: Unable to connect to the database.
Main connection [MySQLi]: Access denied for user '****'@'localhost'
[Method: GET, Route: Inscription/inscrire]
in SYSTEMPATH/Database/BaseConnection.php on line 457.
 1 SYSTEMPATH/Database/BaseConnection.php(604): CodeIgniter\Database\BaseConnection->initialize()
 2 SYSTEMPATH/Database/BaseBuilder.php(2325): CodeIgniter\Database\BaseConnection->query()
 3 SYSTEMPATH/Model.php(383): CodeIgniter\Database\BaseBuilder->insert()
 4 SYSTEMPATH/BaseModel.php(840): CodeIgniter\Model->doInsert()
 5 SYSTEMPATH/Model.php(791): CodeIgniter\BaseModel->insert()
 6 APPPATH/Controllers/Inscription.php(24): CodeIgniter\Model->insert()
 7 SYSTEMPATH/CodeIgniter.php(933): App\Controllers\Inscription->inscrire()
 8 SYSTEMPATH/CodeIgniter.php(509): CodeIgniter\CodeIgniter->runController()
 9 SYSTEMPATH/CodeIgniter.php(355): CodeIgniter\CodeIgniter->handleRequest()
10 SYSTEMPATH/Boot.php(312): CodeIgniter\CodeIgniter->run()
11 SYSTEMPATH/Boot.php(67): CodeIgniter\Boot::runCodeIgniter()
12 FCPATH/index.php(56): CodeIgniter\Boot::bootWeb()
ERROR - 2024-04-25 00:17:55 --> Error connecting to the database: mysqli_sql_exception: Access denied for user 'root'@'localhost' in /home/mit/Web/Codeigniter-4/system/Database/MySQLi/Connection.php:186
Stack trace:
#0 /home/mit/Web/Codeigniter-4/system/Database/MySQLi/Connection.php(186): mysqli->real_connect()
#1 /home/mit/Web/Codeigniter-4/system/Database/BaseConnection.php(421): CodeIgniter\Database\MySQLi\Connection->connect()
#2 /home/mit/Web/Codeigniter-4/system/Database/BaseConnection.php(604): CodeIgniter\Database\BaseConnection->initialize()
#3 /home/mit/Web/Codeigniter-4/system/Database/BaseBuilder.php(2325): CodeIgniter\Database\BaseConnection->query()
#4 /home/mit/Web/Codeigniter-4/system/Model.php(383): CodeIgniter\Database\BaseBuilder->insert()
#5 /home/mit/Web/Codeigniter-4/system/BaseModel.php(840): CodeIgniter\Model->doInsert()
#6 /home/mit/Web/Codeigniter-4/system/Model.php(791): CodeIgniter\BaseModel->insert()
#7 /home/mit/Web/Codeigniter-4/app/Controllers/Inscription.php(24): CodeIgniter\Model->insert()
#8 /home/mit/Web/Codeigniter-4/system/CodeIgniter.php(933): App\Controllers\Inscription->inscrire()
#9 /home/mit/Web/Codeigniter-4/system/CodeIgniter.php(509): CodeIgniter\CodeIgniter->runController()
#10 /home/mit/Web/Codeigniter-4/system/CodeIgniter.php(355): CodeIgniter\CodeIgniter->handleRequest()
#11 /home/mit/Web/Codeigniter-4/system/Boot.php(312): CodeIgniter\CodeIgniter->run()
#12 /home/mit/Web/Codeigniter-4/system/Boot.php(67): CodeIgniter\Boot::runCodeIgniter()
#13 /home/mit/Web/Codeigniter-4/public/index.php(56): CodeIgniter\Boot::bootWeb()
#14 {main}

Next CodeIgniter\Database\Exceptions\DatabaseException: Access denied for user '****'@'localhost' in /home/mit/Web/Codeigniter-4/system/Database/MySQLi/Connection.php:231
Stack trace:
#0 /home/mit/Web/Codeigniter-4/system/Database/BaseConnection.php(421): CodeIgniter\Database\MySQLi\Connection->connect()
#1 /home/mit/Web/Codeigniter-4/system/Database/BaseConnection.php(604): CodeIgniter\Database\BaseConnection->initialize()
#2 /home/mit/Web/Codeigniter-4/system/Database/BaseBuilder.php(2325): CodeIgniter\Database\BaseConnection->query()
#3 /home/mit/Web/Codeigniter-4/system/Model.php(383): CodeIgniter\Database\BaseBuilder->insert()
#4 /home/mit/Web/Codeigniter-4/system/BaseModel.php(840): CodeIgniter\Model->doInsert()
#5 /home/mit/Web/Codeigniter-4/system/Model.php(791): CodeIgniter\BaseModel->insert()
#6 /home/mit/Web/Codeigniter-4/app/Controllers/Inscription.php(24): CodeIgniter\Model->insert()
#7 /home/mit/Web/Codeigniter-4/system/CodeIgniter.php(933): App\Controllers\Inscription->inscrire()
#8 /home/mit/Web/Codeigniter-4/system/CodeIgniter.php(509): CodeIgniter\CodeIgniter->runController()
#9 /home/mit/Web/Codeigniter-4/system/CodeIgniter.php(355): CodeIgniter\CodeIgniter->handleRequest()
#10 /home/mit/Web/Codeigniter-4/system/Boot.php(312): CodeIgniter\CodeIgniter->run()
#11 /home/mit/Web/Codeigniter-4/system/Boot.php(67): CodeIgniter\Boot::runCodeIgniter()
#12 /home/mit/Web/Codeigniter-4/public/index.php(56): CodeIgniter\Boot::bootWeb()
#13 {main}
CRITICAL - 2024-04-25 00:17:55 --> CodeIgniter\Database\Exceptions\DatabaseException: Unable to connect to the database.
Main connection [MySQLi]: Access denied for user '****'@'localhost'
[Method: GET, Route: Inscription/inscrire]
in SYSTEMPATH/Database/BaseConnection.php on line 457.
 1 SYSTEMPATH/Database/BaseConnection.php(604): CodeIgniter\Database\BaseConnection->initialize()
 2 SYSTEMPATH/Database/BaseBuilder.php(2325): CodeIgniter\Database\BaseConnection->query()
 3 SYSTEMPATH/Model.php(383): CodeIgniter\Database\BaseBuilder->insert()
 4 SYSTEMPATH/BaseModel.php(840): CodeIgniter\Model->doInsert()
 5 SYSTEMPATH/Model.php(791): CodeIgniter\BaseModel->insert()
 6 APPPATH/Controllers/Inscription.php(24): CodeIgniter\Model->insert()
 7 SYSTEMPATH/CodeIgniter.php(933): App\Controllers\Inscription->inscrire()
 8 SYSTEMPATH/CodeIgniter.php(509): CodeIgniter\CodeIgniter->runController()
 9 SYSTEMPATH/CodeIgniter.php(355): CodeIgniter\CodeIgniter->handleRequest()
10 SYSTEMPATH/Boot.php(312): CodeIgniter\CodeIgniter->run()
11 SYSTEMPATH/Boot.php(67): CodeIgniter\Boot::runCodeIgniter()
12 FCPATH/index.php(56): CodeIgniter\Boot::bootWeb()
ERROR - 2024-04-25 00:18:13 --> Error connecting to the database: mysqli_sql_exception: Access denied for user 'root'@'localhost' in /home/mit/Web/Codeigniter-4/system/Database/MySQLi/Connection.php:186
Stack trace:
#0 /home/mit/Web/Codeigniter-4/system/Database/MySQLi/Connection.php(186): mysqli->real_connect()
#1 /home/mit/Web/Codeigniter-4/system/Database/BaseConnection.php(421): CodeIgniter\Database\MySQLi\Connection->connect()
#2 /home/mit/Web/Codeigniter-4/system/Database/BaseConnection.php(604): CodeIgniter\Database\BaseConnection->initialize()
#3 /home/mit/Web/Codeigniter-4/system/Database/BaseBuilder.php(2325): CodeIgniter\Database\BaseConnection->query()
#4 /home/mit/Web/Codeigniter-4/system/Model.php(383): CodeIgniter\Database\BaseBuilder->insert()
#5 /home/mit/Web/Codeigniter-4/system/BaseModel.php(840): CodeIgniter\Model->doInsert()
#6 /home/mit/Web/Codeigniter-4/system/Model.php(791): CodeIgniter\BaseModel->insert()
#7 /home/mit/Web/Codeigniter-4/app/Controllers/Inscription.php(24): CodeIgniter\Model->insert()
#8 /home/mit/Web/Codeigniter-4/system/CodeIgniter.php(933): App\Controllers\Inscription->inscrire()
#9 /home/mit/Web/Codeigniter-4/system/CodeIgniter.php(509): CodeIgniter\CodeIgniter->runController()
#10 /home/mit/Web/Codeigniter-4/system/CodeIgniter.php(355): CodeIgniter\CodeIgniter->handleRequest()
#11 /home/mit/Web/Codeigniter-4/system/Boot.php(312): CodeIgniter\CodeIgniter->run()
#12 /home/mit/Web/Codeigniter-4/system/Boot.php(67): CodeIgniter\Boot::runCodeIgniter()
#13 /home/mit/Web/Codeigniter-4/public/index.php(56): CodeIgniter\Boot::bootWeb()
#14 {main}

Next CodeIgniter\Database\Exceptions\DatabaseException: Access denied for user '****'@'localhost' in /home/mit/Web/Codeigniter-4/system/Database/MySQLi/Connection.php:231
Stack trace:
#0 /home/mit/Web/Codeigniter-4/system/Database/BaseConnection.php(421): CodeIgniter\Database\MySQLi\Connection->connect()
#1 /home/mit/Web/Codeigniter-4/system/Database/BaseConnection.php(604): CodeIgniter\Database\BaseConnection->initialize()
#2 /home/mit/Web/Codeigniter-4/system/Database/BaseBuilder.php(2325): CodeIgniter\Database\BaseConnection->query()
#3 /home/mit/Web/Codeigniter-4/system/Model.php(383): CodeIgniter\Database\BaseBuilder->insert()
#4 /home/mit/Web/Codeigniter-4/system/BaseModel.php(840): CodeIgniter\Model->doInsert()
#5 /home/mit/Web/Codeigniter-4/system/Model.php(791): CodeIgniter\BaseModel->insert()
#6 /home/mit/Web/Codeigniter-4/app/Controllers/Inscription.php(24): CodeIgniter\Model->insert()
#7 /home/mit/Web/Codeigniter-4/system/CodeIgniter.php(933): App\Controllers\Inscription->inscrire()
#8 /home/mit/Web/Codeigniter-4/system/CodeIgniter.php(509): CodeIgniter\CodeIgniter->runController()
#9 /home/mit/Web/Codeigniter-4/system/CodeIgniter.php(355): CodeIgniter\CodeIgniter->handleRequest()
#10 /home/mit/Web/Codeigniter-4/system/Boot.php(312): CodeIgniter\CodeIgniter->run()
#11 /home/mit/Web/Codeigniter-4/system/Boot.php(67): CodeIgniter\Boot::runCodeIgniter()
#12 /home/mit/Web/Codeigniter-4/public/index.php(56): CodeIgniter\Boot::bootWeb()
#13 {main}
CRITICAL - 2024-04-25 00:18:13 --> CodeIgniter\Database\Exceptions\DatabaseException: Unable to connect to the database.
Main connection [MySQLi]: Access denied for user '****'@'localhost'
[Method: GET, Route: Inscription/inscrire]
in SYSTEMPATH/Database/BaseConnection.php on line 457.
 1 SYSTEMPATH/Database/BaseConnection.php(604): CodeIgniter\Database\BaseConnection->initialize()
 2 SYSTEMPATH/Database/BaseBuilder.php(2325): CodeIgniter\Database\BaseConnection->query()
 3 SYSTEMPATH/Model.php(383): CodeIgniter\Database\BaseBuilder->insert()
 4 SYSTEMPATH/BaseModel.php(840): CodeIgniter\Model->doInsert()
 5 SYSTEMPATH/Model.php(791): CodeIgniter\BaseModel->insert()
 6 APPPATH/Controllers/Inscription.php(24): CodeIgniter\Model->insert()
 7 SYSTEMPATH/CodeIgniter.php(933): App\Controllers\Inscription->inscrire()
 8 SYSTEMPATH/CodeIgniter.php(509): CodeIgniter\CodeIgniter->runController()
 9 SYSTEMPATH/CodeIgniter.php(355): CodeIgniter\CodeIgniter->handleRequest()
10 SYSTEMPATH/Boot.php(312): CodeIgniter\CodeIgniter->run()
11 SYSTEMPATH/Boot.php(67): CodeIgniter\Boot::runCodeIgniter()
12 FCPATH/index.php(56): CodeIgniter\Boot::bootWeb()
ERROR - 2024-04-25 04:27:23 --> Error connecting to the database: mysqli_sql_exception: Access denied for user 'root'@'localhost' in /home/mit/Web/Codeigniter-4/system/Database/MySQLi/Connection.php:186
Stack trace:
#0 /home/mit/Web/Codeigniter-4/system/Database/MySQLi/Connection.php(186): mysqli->real_connect()
#1 /home/mit/Web/Codeigniter-4/system/Database/BaseConnection.php(421): CodeIgniter\Database\MySQLi\Connection->connect()
#2 /home/mit/Web/Codeigniter-4/system/Database/BaseConnection.php(604): CodeIgniter\Database\BaseConnection->initialize()
#3 /home/mit/Web/Codeigniter-4/system/Database/BaseBuilder.php(2325): CodeIgniter\Database\BaseConnection->query()
#4 /home/mit/Web/Codeigniter-4/system/Model.php(383): CodeIgniter\Database\BaseBuilder->insert()
#5 /home/mit/Web/Codeigniter-4/system/BaseModel.php(840): CodeIgniter\Model->doInsert()
#6 /home/mit/Web/Codeigniter-4/system/Model.php(791): CodeIgniter\BaseModel->insert()
#7 /home/mit/Web/Codeigniter-4/app/Controllers/Inscription.php(24): CodeIgniter\Model->insert()
#8 /home/mit/Web/Codeigniter-4/system/CodeIgniter.php(933): App\Controllers\Inscription->inscrire()
#9 /home/mit/Web/Codeigniter-4/system/CodeIgniter.php(509): CodeIgniter\CodeIgniter->runController()
#10 /home/mit/Web/Codeigniter-4/system/CodeIgniter.php(355): CodeIgniter\CodeIgniter->handleRequest()
#11 /home/mit/Web/Codeigniter-4/system/Boot.php(312): CodeIgniter\CodeIgniter->run()
#12 /home/mit/Web/Codeigniter-4/system/Boot.php(67): CodeIgniter\Boot::runCodeIgniter()
#13 /home/mit/Web/Codeigniter-4/public/index.php(56): CodeIgniter\Boot::bootWeb()
#14 {main}

Next CodeIgniter\Database\Exceptions\DatabaseException: Access denied for user '****'@'localhost' in /home/mit/Web/Codeigniter-4/system/Database/MySQLi/Connection.php:231
Stack trace:
#0 /home/mit/Web/Codeigniter-4/system/Database/BaseConnection.php(421): CodeIgniter\Database\MySQLi\Connection->connect()
#1 /home/mit/Web/Codeigniter-4/system/Database/BaseConnection.php(604): CodeIgniter\Database\BaseConnection->initialize()
#2 /home/mit/Web/Codeigniter-4/system/Database/BaseBuilder.php(2325): CodeIgniter\Database\BaseConnection->query()
#3 /home/mit/Web/Codeigniter-4/system/Model.php(383): CodeIgniter\Database\BaseBuilder->insert()
#4 /home/mit/Web/Codeigniter-4/system/BaseModel.php(840): CodeIgniter\Model->doInsert()
#5 /home/mit/Web/Codeigniter-4/system/Model.php(791): CodeIgniter\BaseModel->insert()
#6 /home/mit/Web/Codeigniter-4/app/Controllers/Inscription.php(24): CodeIgniter\Model->insert()
#7 /home/mit/Web/Codeigniter-4/system/CodeIgniter.php(933): App\Controllers\Inscription->inscrire()
#8 /home/mit/Web/Codeigniter-4/system/CodeIgniter.php(509): CodeIgniter\CodeIgniter->runController()
#9 /home/mit/Web/Codeigniter-4/system/CodeIgniter.php(355): CodeIgniter\CodeIgniter->handleRequest()
#10 /home/mit/Web/Codeigniter-4/system/Boot.php(312): CodeIgniter\CodeIgniter->run()
#11 /home/mit/Web/Codeigniter-4/system/Boot.php(67): CodeIgniter\Boot::runCodeIgniter()
#12 /home/mit/Web/Codeigniter-4/public/index.php(56): CodeIgniter\Boot::bootWeb()
#13 {main}
CRITICAL - 2024-04-25 04:27:23 --> CodeIgniter\Database\Exceptions\DatabaseException: Unable to connect to the database.
Main connection [MySQLi]: Access denied for user '****'@'localhost'
[Method: GET, Route: Inscription/inscrire]
in SYSTEMPATH/Database/BaseConnection.php on line 457.
 1 SYSTEMPATH/Database/BaseConnection.php(604): CodeIgniter\Database\BaseConnection->initialize()
 2 SYSTEMPATH/Database/BaseBuilder.php(2325): CodeIgniter\Database\BaseConnection->query()
 3 SYSTEMPATH/Model.php(383): CodeIgniter\Database\BaseBuilder->insert()
 4 SYSTEMPATH/BaseModel.php(840): CodeIgniter\Model->doInsert()
 5 SYSTEMPATH/Model.php(791): CodeIgniter\BaseModel->insert()
 6 APPPATH/Controllers/Inscription.php(24): CodeIgniter\Model->insert()
 7 SYSTEMPATH/CodeIgniter.php(933): App\Controllers\Inscription->inscrire()
 8 SYSTEMPATH/CodeIgniter.php(509): CodeIgniter\CodeIgniter->runController()
 9 SYSTEMPATH/CodeIgniter.php(355): CodeIgniter\CodeIgniter->handleRequest()
10 SYSTEMPATH/Boot.php(312): CodeIgniter\CodeIgniter->run()
11 SYSTEMPATH/Boot.php(67): CodeIgniter\Boot::runCodeIgniter()
12 FCPATH/index.php(56): CodeIgniter\Boot::bootWeb()
CRITICAL - 2024-04-25 05:07:16 --> ErrorException: Undefined variable $etud
[Method: GET, Route: Inscription/inscrire]
in APPPATH/Views/liste.php on line 9.
 1 APPPATH/Views/liste.php(9): CodeIgniter\Debug\Exceptions->errorHandler()
 2 SYSTEMPATH/View/View.php(234): include('/home/mit/Web/Codeigniter-4/app/Views/liste.php')
 3 SYSTEMPATH/View/View.php(237): CodeIgniter\View\View->CodeIgniter\View\{closure}()
 4 SYSTEMPATH/Common.php(1171): CodeIgniter\View\View->render()
 5 APPPATH/Controllers/Inscription.php(26): view()
 6 SYSTEMPATH/CodeIgniter.php(933): App\Controllers\Inscription->inscrire()
 7 SYSTEMPATH/CodeIgniter.php(509): CodeIgniter\CodeIgniter->runController()
 8 SYSTEMPATH/CodeIgniter.php(355): CodeIgniter\CodeIgniter->handleRequest()
 9 SYSTEMPATH/Boot.php(312): CodeIgniter\CodeIgniter->run()
10 SYSTEMPATH/Boot.php(67): CodeIgniter\Boot::runCodeIgniter()
11 FCPATH/index.php(56): CodeIgniter\Boot::bootWeb()
CRITICAL - 2024-04-25 05:30:51 --> ParseError: syntax error, unexpected identifier "i", expecting ";"
[Method: GET, Route: Inscription/inscrire]
in APPPATH/Views/liste.php on line 11.
 1 SYSTEMPATH/View/View.php(237): CodeIgniter\View\View->CodeIgniter\View\{closure}()
 2 SYSTEMPATH/Common.php(1171): CodeIgniter\View\View->render()
 3 APPPATH/Controllers/Inscription.php(28): view()
 4 SYSTEMPATH/CodeIgniter.php(933): App\Controllers\Inscription->inscrire()
 5 SYSTEMPATH/CodeIgniter.php(509): CodeIgniter\CodeIgniter->runController()
 6 SYSTEMPATH/CodeIgniter.php(355): CodeIgniter\CodeIgniter->handleRequest()
 7 SYSTEMPATH/Boot.php(312): CodeIgniter\CodeIgniter->run()
 8 SYSTEMPATH/Boot.php(67): CodeIgniter\Boot::runCodeIgniter()
 9 FCPATH/index.php(56): CodeIgniter\Boot::bootWeb()
CRITICAL - 2024-04-25 05:31:07 --> ErrorException: Undefined array key "name"
[Method: GET, Route: Inscription/inscrire]
in APPPATH/Views/liste.php on line 12.
 1 APPPATH/Views/liste.php(12): CodeIgniter\Debug\Exceptions->errorHandler()
 2 SYSTEMPATH/View/View.php(234): include('/home/mit/Web/Codeigniter-4/app/Views/liste.php')
 3 SYSTEMPATH/View/View.php(237): CodeIgniter\View\View->CodeIgniter\View\{closure}()
 4 SYSTEMPATH/Common.php(1171): CodeIgniter\View\View->render()
 5 APPPATH/Controllers/Inscription.php(28): view()
 6 SYSTEMPATH/CodeIgniter.php(933): App\Controllers\Inscription->inscrire()
 7 SYSTEMPATH/CodeIgniter.php(509): CodeIgniter\CodeIgniter->runController()
 8 SYSTEMPATH/CodeIgniter.php(355): CodeIgniter\CodeIgniter->handleRequest()
 9 SYSTEMPATH/Boot.php(312): CodeIgniter\CodeIgniter->run()
10 SYSTEMPATH/Boot.php(67): CodeIgniter\Boot::runCodeIgniter()
11 FCPATH/index.php(56): CodeIgniter\Boot::bootWeb()
CRITICAL - 2024-04-25 05:36:19 --> Error: Call to undefined function App\Controllers\getListe()
[Method: GET, Route: Inscription/inscrire]
in APPPATH/Controllers/Inscription.php on line 32.
 1 SYSTEMPATH/CodeIgniter.php(933): App\Controllers\Inscription->inscrire()
 2 SYSTEMPATH/CodeIgniter.php(509): CodeIgniter\CodeIgniter->runController()
 3 SYSTEMPATH/CodeIgniter.php(355): CodeIgniter\CodeIgniter->handleRequest()
 4 SYSTEMPATH/Boot.php(312): CodeIgniter\CodeIgniter->run()
 5 SYSTEMPATH/Boot.php(67): CodeIgniter\Boot::runCodeIgniter()
 6 FCPATH/index.php(56): CodeIgniter\Boot::bootWeb()
CRITICAL - 2024-04-25 05:41:50 --> Error: Call to undefined function App\Controllers\getListe()
[Method: GET, Route: Inscription/inscrire]
in APPPATH/Controllers/Inscription.php on line 35.
 1 SYSTEMPATH/CodeIgniter.php(933): App\Controllers\Inscription->inscrire()
 2 SYSTEMPATH/CodeIgniter.php(509): CodeIgniter\CodeIgniter->runController()
 3 SYSTEMPATH/CodeIgniter.php(355): CodeIgniter\CodeIgniter->handleRequest()
 4 SYSTEMPATH/Boot.php(312): CodeIgniter\CodeIgniter->run()
 5 SYSTEMPATH/Boot.php(67): CodeIgniter\Boot::runCodeIgniter()
 6 FCPATH/index.php(56): CodeIgniter\Boot::bootWeb()
CRITICAL - 2024-04-25 05:42:13 --> Error: Call to undefined function App\Controllers\getListe()
[Method: GET, Route: Inscription/inscrire]
in APPPATH/Controllers/Inscription.php on line 35.
 1 SYSTEMPATH/CodeIgniter.php(933): App\Controllers\Inscription->inscrire()
 2 SYSTEMPATH/CodeIgniter.php(509): CodeIgniter\CodeIgniter->runController()
 3 SYSTEMPATH/CodeIgniter.php(355): CodeIgniter\CodeIgniter->handleRequest()
 4 SYSTEMPATH/Boot.php(312): CodeIgniter\CodeIgniter->run()
 5 SYSTEMPATH/Boot.php(67): CodeIgniter\Boot::runCodeIgniter()
 6 FCPATH/index.php(56): CodeIgniter\Boot::bootWeb()
CRITICAL - 2024-04-25 05:47:34 --> ParseError: syntax error, unexpected token "[", expecting ";" or "{"
[Method: GET, Route: Inscription/inscrire]
in APPPATH/Controllers/Inscription.php on line 13.
 1 SYSTEMPATH/Router/Router.php(562): CodeIgniter\Router\AutoRouter->getRoute()
 2 SYSTEMPATH/Router/Router.php(227): CodeIgniter\Router\Router->autoRoute()
 3 SYSTEMPATH/CodeIgniter.php(834): CodeIgniter\Router\Router->handle()
 4 SYSTEMPATH/CodeIgniter.php(457): CodeIgniter\CodeIgniter->tryToRouteIt()
 5 SYSTEMPATH/CodeIgniter.php(355): CodeIgniter\CodeIgniter->handleRequest()
 6 SYSTEMPATH/Boot.php(312): CodeIgniter\CodeIgniter->run()
 7 SYSTEMPATH/Boot.php(67): CodeIgniter\Boot::runCodeIgniter()
 8 FCPATH/index.php(56): CodeIgniter\Boot::bootWeb()
CRITICAL - 2024-04-25 05:48:01 --> Error: Call to undefined function App\Controllers\getListe()
[Method: GET, Route: Inscription/inscrire]
in APPPATH/Controllers/Inscription.php on line 34.
 1 SYSTEMPATH/CodeIgniter.php(933): App\Controllers\Inscription->inscrire()
 2 SYSTEMPATH/CodeIgniter.php(509): CodeIgniter\CodeIgniter->runController()
 3 SYSTEMPATH/CodeIgniter.php(355): CodeIgniter\CodeIgniter->handleRequest()
 4 SYSTEMPATH/Boot.php(312): CodeIgniter\CodeIgniter->run()
 5 SYSTEMPATH/Boot.php(67): CodeIgniter\Boot::runCodeIgniter()
 6 FCPATH/index.php(56): CodeIgniter\Boot::bootWeb()
CRITICAL - 2024-04-25 06:01:56 --> TypeError: App\Controllers\Inscription::inscrire(): Return value must be of type string, CodeIgniter\HTTP\RedirectResponse returned
[Method: GET, Route: Inscription/inscrire]
in APPPATH/Controllers/Inscription.php on line 36.
 1 SYSTEMPATH/CodeIgniter.php(933): App\Controllers\Inscription->inscrire()
 2 SYSTEMPATH/CodeIgniter.php(509): CodeIgniter\CodeIgniter->runController()
 3 SYSTEMPATH/CodeIgniter.php(355): CodeIgniter\CodeIgniter->handleRequest()
 4 SYSTEMPATH/Boot.php(312): CodeIgniter\CodeIgniter->run()
 5 SYSTEMPATH/Boot.php(67): CodeIgniter\Boot::runCodeIgniter()
 6 FCPATH/index.php(56): CodeIgniter\Boot::bootWeb()
CRITICAL - 2024-04-25 06:03:37 --> ErrorException: Undefined variable $name
[Method: GET, Route: Inscription/liste]
in APPPATH/Views/liste.php on line 9.
 1 APPPATH/Views/liste.php(9): CodeIgniter\Debug\Exceptions->errorHandler()
 2 SYSTEMPATH/View/View.php(234): include('/home/mit/Web/Codeigniter-4/app/Views/liste.php')
 3 SYSTEMPATH/View/View.php(237): CodeIgniter\View\View->CodeIgniter\View\{closure}()
 4 SYSTEMPATH/Common.php(1171): CodeIgniter\View\View->render()
 5 APPPATH/Controllers/Inscription.php(40): view()
 6 SYSTEMPATH/CodeIgniter.php(933): App\Controllers\Inscription->liste()
 7 SYSTEMPATH/CodeIgniter.php(509): CodeIgniter\CodeIgniter->runController()
 8 SYSTEMPATH/CodeIgniter.php(355): CodeIgniter\CodeIgniter->handleRequest()
 9 SYSTEMPATH/Boot.php(312): CodeIgniter\CodeIgniter->run()
10 SYSTEMPATH/Boot.php(67): CodeIgniter\Boot::runCodeIgniter()
11 FCPATH/index.php(56): CodeIgniter\Boot::bootWeb()
CRITICAL - 2024-04-25 06:41:28 --> TypeError: CodeIgniter\Database\BaseBuilder::like(): Argument #2 ($match) must be of type string, null given, called in /home/mit/Web/Codeigniter-4/system/Model.php on line 919
[Method: GET, Route: Inscription/search]
in SYSTEMPATH/Database/BaseBuilder.php on line 987.
 1 SYSTEMPATH/Model.php(919): CodeIgniter\Database\BaseBuilder->like()
 2 APPPATH/Controllers/Inscription.php(44): CodeIgniter\Model->__call()
 3 SYSTEMPATH/CodeIgniter.php(933): App\Controllers\Inscription->search()
 4 SYSTEMPATH/CodeIgniter.php(509): CodeIgniter\CodeIgniter->runController()
 5 SYSTEMPATH/CodeIgniter.php(355): CodeIgniter\CodeIgniter->handleRequest()
 6 SYSTEMPATH/Boot.php(312): CodeIgniter\CodeIgniter->run()
 7 SYSTEMPATH/Boot.php(67): CodeIgniter\Boot::runCodeIgniter()
 8 FCPATH/index.php(56): CodeIgniter\Boot::bootWeb()
CRITICAL - 2024-04-25 06:50:45 --> TypeError: CodeIgniter\Database\BaseBuilder::like(): Argument #2 ($match) must be of type string, null given, called in /home/mit/Web/Codeigniter-4/system/Model.php on line 919
[Method: GET, Route: Inscription/search]
in SYSTEMPATH/Database/BaseBuilder.php on line 987.
 1 SYSTEMPATH/Model.php(919): CodeIgniter\Database\BaseBuilder->like()
 2 APPPATH/Controllers/Inscription.php(43): CodeIgniter\Model->__call()
 3 SYSTEMPATH/CodeIgniter.php(933): App\Controllers\Inscription->search()
 4 SYSTEMPATH/CodeIgniter.php(509): CodeIgniter\CodeIgniter->runController()
 5 SYSTEMPATH/CodeIgniter.php(355): CodeIgniter\CodeIgniter->handleRequest()
 6 SYSTEMPATH/Boot.php(312): CodeIgniter\CodeIgniter->run()
 7 SYSTEMPATH/Boot.php(67): CodeIgniter\Boot::runCodeIgniter()
 8 FCPATH/index.php(56): CodeIgniter\Boot::bootWeb()
CRITICAL - 2024-04-25 07:08:12 --> Error: Undefined constant "App\Controllers\s"
[Method: POST, Route: Inscription/search]
in APPPATH/Controllers/Inscription.php on line 45.
 1 SYSTEMPATH/CodeIgniter.php(933): App\Controllers\Inscription->search()
 2 SYSTEMPATH/CodeIgniter.php(509): CodeIgniter\CodeIgniter->runController()
 3 SYSTEMPATH/CodeIgniter.php(355): CodeIgniter\CodeIgniter->handleRequest()
 4 SYSTEMPATH/Boot.php(312): CodeIgniter\CodeIgniter->run()
 5 SYSTEMPATH/Boot.php(67): CodeIgniter\Boot::runCodeIgniter()
 6 FCPATH/index.php(56): CodeIgniter\Boot::bootWeb()
CRITICAL - 2024-04-25 07:08:33 --> BadMethodCallException: Call to undefined method App\Models\Inscrits::or_like
[Method: POST, Route: Inscription/search]
in SYSTEMPATH/Model.php on line 921.
 1 APPPATH/Controllers/Inscription.php(45): CodeIgniter\Model->__call()
 2 SYSTEMPATH/CodeIgniter.php(933): App\Controllers\Inscription->search()
 3 SYSTEMPATH/CodeIgniter.php(509): CodeIgniter\CodeIgniter->runController()
 4 SYSTEMPATH/CodeIgniter.php(355): CodeIgniter\CodeIgniter->handleRequest()
 5 SYSTEMPATH/Boot.php(312): CodeIgniter\CodeIgniter->run()
 6 SYSTEMPATH/Boot.php(67): CodeIgniter\Boot::runCodeIgniter()
 7 FCPATH/index.php(56): CodeIgniter\Boot::bootWeb()
CRITICAL - 2024-04-25 08:20:08 --> ErrorException: Undefined array key "name"
[Method: GET, Route: Inscription/modify]
in APPPATH/Views/inscription.php on line 10.
 1 APPPATH/Views/inscription.php(10): CodeIgniter\Debug\Exceptions->errorHandler()
 2 SYSTEMPATH/View/View.php(234): include('/home/mit/Web/Codeigniter-4/app/Views/inscription.php')
 3 SYSTEMPATH/View/View.php(237): CodeIgniter\View\View->CodeIgniter\View\{closure}()
 4 SYSTEMPATH/Common.php(1171): CodeIgniter\View\View->render()
 5 APPPATH/Controllers/Inscription.php(59): view()
 6 SYSTEMPATH/CodeIgniter.php(933): App\Controllers\Inscription->modify()
 7 SYSTEMPATH/CodeIgniter.php(509): CodeIgniter\CodeIgniter->runController()
 8 SYSTEMPATH/CodeIgniter.php(355): CodeIgniter\CodeIgniter->handleRequest()
 9 SYSTEMPATH/Boot.php(312): CodeIgniter\CodeIgniter->run()
10 SYSTEMPATH/Boot.php(67): CodeIgniter\Boot::runCodeIgniter()
11 FCPATH/index.php(56): CodeIgniter\Boot::bootWeb()
CRITICAL - 2024-04-25 08:25:05 --> ErrorException: Undefined array key "name"
[Method: GET, Route: Inscription/modify]
in APPPATH/Views/inscription.php on line 10.
 1 APPPATH/Views/inscription.php(10): CodeIgniter\Debug\Exceptions->errorHandler()
 2 SYSTEMPATH/View/View.php(234): include('/home/mit/Web/Codeigniter-4/app/Views/inscription.php')
 3 SYSTEMPATH/View/View.php(237): CodeIgniter\View\View->CodeIgniter\View\{closure}()
 4 SYSTEMPATH/Common.php(1171): CodeIgniter\View\View->render()
 5 APPPATH/Controllers/Inscription.php(59): view()
 6 SYSTEMPATH/CodeIgniter.php(933): App\Controllers\Inscription->modify()
 7 SYSTEMPATH/CodeIgniter.php(509): CodeIgniter\CodeIgniter->runController()
 8 SYSTEMPATH/CodeIgniter.php(355): CodeIgniter\CodeIgniter->handleRequest()
 9 SYSTEMPATH/Boot.php(312): CodeIgniter\CodeIgniter->run()
10 SYSTEMPATH/Boot.php(67): CodeIgniter\Boot::runCodeIgniter()
11 FCPATH/index.php(56): CodeIgniter\Boot::bootWeb()
CRITICAL - 2024-04-25 08:25:07 --> ErrorException: Undefined array key "name"
[Method: GET, Route: Inscription/modify]
in APPPATH/Views/inscription.php on line 10.
 1 APPPATH/Views/inscription.php(10): CodeIgniter\Debug\Exceptions->errorHandler()
 2 SYSTEMPATH/View/View.php(234): include('/home/mit/Web/Codeigniter-4/app/Views/inscription.php')
 3 SYSTEMPATH/View/View.php(237): CodeIgniter\View\View->CodeIgniter\View\{closure}()
 4 SYSTEMPATH/Common.php(1171): CodeIgniter\View\View->render()
 5 APPPATH/Controllers/Inscription.php(59): view()
 6 SYSTEMPATH/CodeIgniter.php(933): App\Controllers\Inscription->modify()
 7 SYSTEMPATH/CodeIgniter.php(509): CodeIgniter\CodeIgniter->runController()
 8 SYSTEMPATH/CodeIgniter.php(355): CodeIgniter\CodeIgniter->handleRequest()
 9 SYSTEMPATH/Boot.php(312): CodeIgniter\CodeIgniter->run()
10 SYSTEMPATH/Boot.php(67): CodeIgniter\Boot::runCodeIgniter()
11 FCPATH/index.php(56): CodeIgniter\Boot::bootWeb()
CRITICAL - 2024-04-25 08:25:07 --> ErrorException: Undefined array key "name"
[Method: GET, Route: Inscription/modify]
in APPPATH/Views/inscription.php on line 10.
 1 APPPATH/Views/inscription.php(10): CodeIgniter\Debug\Exceptions->errorHandler()
 2 SYSTEMPATH/View/View.php(234): include('/home/mit/Web/Codeigniter-4/app/Views/inscription.php')
 3 SYSTEMPATH/View/View.php(237): CodeIgniter\View\View->CodeIgniter\View\{closure}()
 4 SYSTEMPATH/Common.php(1171): CodeIgniter\View\View->render()
 5 APPPATH/Controllers/Inscription.php(59): view()
 6 SYSTEMPATH/CodeIgniter.php(933): App\Controllers\Inscription->modify()
 7 SYSTEMPATH/CodeIgniter.php(509): CodeIgniter\CodeIgniter->runController()
 8 SYSTEMPATH/CodeIgniter.php(355): CodeIgniter\CodeIgniter->handleRequest()
 9 SYSTEMPATH/Boot.php(312): CodeIgniter\CodeIgniter->run()
10 SYSTEMPATH/Boot.php(67): CodeIgniter\Boot::runCodeIgniter()
11 FCPATH/index.php(56): CodeIgniter\Boot::bootWeb()
CRITICAL - 2024-04-25 08:25:08 --> ErrorException: Undefined array key "name"
[Method: GET, Route: Inscription/modify]
in APPPATH/Views/inscription.php on line 10.
 1 APPPATH/Views/inscription.php(10): CodeIgniter\Debug\Exceptions->errorHandler()
 2 SYSTEMPATH/View/View.php(234): include('/home/mit/Web/Codeigniter-4/app/Views/inscription.php')
 3 SYSTEMPATH/View/View.php(237): CodeIgniter\View\View->CodeIgniter\View\{closure}()
 4 SYSTEMPATH/Common.php(1171): CodeIgniter\View\View->render()
 5 APPPATH/Controllers/Inscription.php(59): view()
 6 SYSTEMPATH/CodeIgniter.php(933): App\Controllers\Inscription->modify()
 7 SYSTEMPATH/CodeIgniter.php(509): CodeIgniter\CodeIgniter->runController()
 8 SYSTEMPATH/CodeIgniter.php(355): CodeIgniter\CodeIgniter->handleRequest()
 9 SYSTEMPATH/Boot.php(312): CodeIgniter\CodeIgniter->run()
10 SYSTEMPATH/Boot.php(67): CodeIgniter\Boot::runCodeIgniter()
11 FCPATH/index.php(56): CodeIgniter\Boot::bootWeb()
CRITICAL - 2024-04-25 08:25:08 --> ErrorException: Undefined array key "name"
[Method: GET, Route: Inscription/modify]
in APPPATH/Views/inscription.php on line 10.
 1 APPPATH/Views/inscription.php(10): CodeIgniter\Debug\Exceptions->errorHandler()
 2 SYSTEMPATH/View/View.php(234): include('/home/mit/Web/Codeigniter-4/app/Views/inscription.php')
 3 SYSTEMPATH/View/View.php(237): CodeIgniter\View\View->CodeIgniter\View\{closure}()
 4 SYSTEMPATH/Common.php(1171): CodeIgniter\View\View->render()
 5 APPPATH/Controllers/Inscription.php(59): view()
 6 SYSTEMPATH/CodeIgniter.php(933): App\Controllers\Inscription->modify()
 7 SYSTEMPATH/CodeIgniter.php(509): CodeIgniter\CodeIgniter->runController()
 8 SYSTEMPATH/CodeIgniter.php(355): CodeIgniter\CodeIgniter->handleRequest()
 9 SYSTEMPATH/Boot.php(312): CodeIgniter\CodeIgniter->run()
10 SYSTEMPATH/Boot.php(67): CodeIgniter\Boot::runCodeIgniter()
11 FCPATH/index.php(56): CodeIgniter\Boot::bootWeb()
CRITICAL - 2024-04-25 08:25:08 --> ErrorException: Undefined array key "name"
[Method: GET, Route: Inscription/modify]
in APPPATH/Views/inscription.php on line 10.
 1 APPPATH/Views/inscription.php(10): CodeIgniter\Debug\Exceptions->errorHandler()
 2 SYSTEMPATH/View/View.php(234): include('/home/mit/Web/Codeigniter-4/app/Views/inscription.php')
 3 SYSTEMPATH/View/View.php(237): CodeIgniter\View\View->CodeIgniter\View\{closure}()
 4 SYSTEMPATH/Common.php(1171): CodeIgniter\View\View->render()
 5 APPPATH/Controllers/Inscription.php(59): view()
 6 SYSTEMPATH/CodeIgniter.php(933): App\Controllers\Inscription->modify()
 7 SYSTEMPATH/CodeIgniter.php(509): CodeIgniter\CodeIgniter->runController()
 8 SYSTEMPATH/CodeIgniter.php(355): CodeIgniter\CodeIgniter->handleRequest()
 9 SYSTEMPATH/Boot.php(312): CodeIgniter\CodeIgniter->run()
10 SYSTEMPATH/Boot.php(67): CodeIgniter\Boot::runCodeIgniter()
11 FCPATH/index.php(56): CodeIgniter\Boot::bootWeb()
CRITICAL - 2024-04-25 08:28:18 --> ErrorException: Undefined array key "name"
[Method: GET, Route: Inscription/modify]
in APPPATH/Views/inscription.php on line 11.
 1 APPPATH/Views/inscription.php(11): CodeIgniter\Debug\Exceptions->errorHandler()
 2 SYSTEMPATH/View/View.php(234): include('/home/mit/Web/Codeigniter-4/app/Views/inscription.php')
 3 SYSTEMPATH/View/View.php(237): CodeIgniter\View\View->CodeIgniter\View\{closure}()
 4 SYSTEMPATH/Common.php(1171): CodeIgniter\View\View->render()
 5 APPPATH/Controllers/Inscription.php(59): view()
 6 SYSTEMPATH/CodeIgniter.php(933): App\Controllers\Inscription->modify()
 7 SYSTEMPATH/CodeIgniter.php(509): CodeIgniter\CodeIgniter->runController()
 8 SYSTEMPATH/CodeIgniter.php(355): CodeIgniter\CodeIgniter->handleRequest()
 9 SYSTEMPATH/Boot.php(312): CodeIgniter\CodeIgniter->run()
10 SYSTEMPATH/Boot.php(67): CodeIgniter\Boot::runCodeIgniter()
11 FCPATH/index.php(56): CodeIgniter\Boot::bootWeb()
CRITICAL - 2024-04-25 08:30:42 --> TypeError: App\Controllers\Inscription::modify(): Return value must be of type string, none returned
[Method: GET, Route: Inscription/modify]
in APPPATH/Controllers/Inscription.php on line 60.
 1 SYSTEMPATH/CodeIgniter.php(933): App\Controllers\Inscription->modify()
 2 SYSTEMPATH/CodeIgniter.php(509): CodeIgniter\CodeIgniter->runController()
 3 SYSTEMPATH/CodeIgniter.php(355): CodeIgniter\CodeIgniter->handleRequest()
 4 SYSTEMPATH/Boot.php(312): CodeIgniter\CodeIgniter->run()
 5 SYSTEMPATH/Boot.php(67): CodeIgniter\Boot::runCodeIgniter()
 6 FCPATH/index.php(56): CodeIgniter\Boot::bootWeb()
ERROR - 2024-04-25 08:31:36 --> mysqli_sql_exception: Unknown column 'id_inscripts' in 'where clause' in /home/mit/Web/Codeigniter-4/system/Database/MySQLi/Connection.php:308
Stack trace:
#0 /home/mit/Web/Codeigniter-4/system/Database/MySQLi/Connection.php(308): mysqli->query()
#1 /home/mit/Web/Codeigniter-4/system/Database/BaseConnection.php(722): CodeIgniter\Database\MySQLi\Connection->execute()
#2 /home/mit/Web/Codeigniter-4/system/Database/BaseConnection.php(636): CodeIgniter\Database\BaseConnection->simpleQuery()
#3 /home/mit/Web/Codeigniter-4/system/Database/BaseBuilder.php(1629): CodeIgniter\Database\BaseConnection->query()
#4 /home/mit/Web/Codeigniter-4/system/Model.php(919): CodeIgniter\Database\BaseBuilder->get()
#5 /home/mit/Web/Codeigniter-4/app/Controllers/Inscription.php(57): CodeIgniter\Model->__call()
#6 /home/mit/Web/Codeigniter-4/system/CodeIgniter.php(933): App\Controllers\Inscription->modify()
#7 /home/mit/Web/Codeigniter-4/system/CodeIgniter.php(509): CodeIgniter\CodeIgniter->runController()
#8 /home/mit/Web/Codeigniter-4/system/CodeIgniter.php(355): CodeIgniter\CodeIgniter->handleRequest()
#9 /home/mit/Web/Codeigniter-4/system/Boot.php(312): CodeIgniter\CodeIgniter->run()
#10 /home/mit/Web/Codeigniter-4/system/Boot.php(67): CodeIgniter\Boot::runCodeIgniter()
#11 /home/mit/Web/Codeigniter-4/public/index.php(56): CodeIgniter\Boot::bootWeb()
#12 {main}
CRITICAL - 2024-04-25 08:31:36 --> CodeIgniter\Database\Exceptions\DatabaseException: Unknown column 'id_inscripts' in 'where clause'
[Method: GET, Route: Inscription/modify]
in SYSTEMPATH/Database/BaseConnection.php on line 676.
 1 SYSTEMPATH/Database/BaseBuilder.php(1629): CodeIgniter\Database\BaseConnection->query()
 2 SYSTEMPATH/Model.php(919): CodeIgniter\Database\BaseBuilder->get()
 3 APPPATH/Controllers/Inscription.php(57): CodeIgniter\Model->__call()
 4 SYSTEMPATH/CodeIgniter.php(933): App\Controllers\Inscription->modify()
 5 SYSTEMPATH/CodeIgniter.php(509): CodeIgniter\CodeIgniter->runController()
 6 SYSTEMPATH/CodeIgniter.php(355): CodeIgniter\CodeIgniter->handleRequest()
 7 SYSTEMPATH/Boot.php(312): CodeIgniter\CodeIgniter->run()
 8 SYSTEMPATH/Boot.php(67): CodeIgniter\Boot::runCodeIgniter()
 9 FCPATH/index.php(56): CodeIgniter\Boot::bootWeb()
CRITICAL - 2024-04-25 08:31:36 --> [Caused by] CodeIgniter\Database\Exceptions\DatabaseException: Unknown column 'id_inscripts' in 'where clause'
in SYSTEMPATH/Database/MySQLi/Connection.php on line 313.
 1 SYSTEMPATH/Database/BaseConnection.php(722): CodeIgniter\Database\MySQLi\Connection->execute()
 2 SYSTEMPATH/Database/BaseConnection.php(636): CodeIgniter\Database\BaseConnection->simpleQuery()
 3 SYSTEMPATH/Database/BaseBuilder.php(1629): CodeIgniter\Database\BaseConnection->query()
 4 SYSTEMPATH/Model.php(919): CodeIgniter\Database\BaseBuilder->get()
 5 APPPATH/Controllers/Inscription.php(57): CodeIgniter\Model->__call()
 6 SYSTEMPATH/CodeIgniter.php(933): App\Controllers\Inscription->modify()
 7 SYSTEMPATH/CodeIgniter.php(509): CodeIgniter\CodeIgniter->runController()
 8 SYSTEMPATH/CodeIgniter.php(355): CodeIgniter\CodeIgniter->handleRequest()
 9 SYSTEMPATH/Boot.php(312): CodeIgniter\CodeIgniter->run()
10 SYSTEMPATH/Boot.php(67): CodeIgniter\Boot::runCodeIgniter()
11 FCPATH/index.php(56): CodeIgniter\Boot::bootWeb()
CRITICAL - 2024-04-25 08:31:36 --> [Caused by] mysqli_sql_exception: Unknown column 'id_inscripts' in 'where clause'
in SYSTEMPATH/Database/MySQLi/Connection.php on line 308.
 1 SYSTEMPATH/Database/MySQLi/Connection.php(308): mysqli->query()
 2 SYSTEMPATH/Database/BaseConnection.php(722): CodeIgniter\Database\MySQLi\Connection->execute()
 3 SYSTEMPATH/Database/BaseConnection.php(636): CodeIgniter\Database\BaseConnection->simpleQuery()
 4 SYSTEMPATH/Database/BaseBuilder.php(1629): CodeIgniter\Database\BaseConnection->query()
 5 SYSTEMPATH/Model.php(919): CodeIgniter\Database\BaseBuilder->get()
 6 APPPATH/Controllers/Inscription.php(57): CodeIgniter\Model->__call()
 7 SYSTEMPATH/CodeIgniter.php(933): App\Controllers\Inscription->modify()
 8 SYSTEMPATH/CodeIgniter.php(509): CodeIgniter\CodeIgniter->runController()
 9 SYSTEMPATH/CodeIgniter.php(355): CodeIgniter\CodeIgniter->handleRequest()
10 SYSTEMPATH/Boot.php(312): CodeIgniter\CodeIgniter->run()
11 SYSTEMPATH/Boot.php(67): CodeIgniter\Boot::runCodeIgniter()
12 FCPATH/index.php(56): CodeIgniter\Boot::bootWeb()
CRITICAL - 2024-04-25 08:32:11 --> ErrorException: Undefined array key "name"
[Method: GET, Route: Inscription/modify]
in APPPATH/Views/inscription.php on line 11.
 1 APPPATH/Views/inscription.php(11): CodeIgniter\Debug\Exceptions->errorHandler()
 2 SYSTEMPATH/View/View.php(234): include('/home/mit/Web/Codeigniter-4/app/Views/inscription.php')
 3 SYSTEMPATH/View/View.php(237): CodeIgniter\View\View->CodeIgniter\View\{closure}()
 4 SYSTEMPATH/Common.php(1171): CodeIgniter\View\View->render()
 5 APPPATH/Controllers/Inscription.php(60): view()
 6 SYSTEMPATH/CodeIgniter.php(933): App\Controllers\Inscription->modify()
 7 SYSTEMPATH/CodeIgniter.php(509): CodeIgniter\CodeIgniter->runController()
 8 SYSTEMPATH/CodeIgniter.php(355): CodeIgniter\CodeIgniter->handleRequest()
 9 SYSTEMPATH/Boot.php(312): CodeIgniter\CodeIgniter->run()
10 SYSTEMPATH/Boot.php(67): CodeIgniter\Boot::runCodeIgniter()
11 FCPATH/index.php(56): CodeIgniter\Boot::bootWeb()
ERROR - 2024-04-25 08:49:11 --> mysqli_sql_exception: Unknown column 'Inscrits.id' in 'where clause' in /home/mit/Web/Codeigniter-4/system/Database/MySQLi/Connection.php:308
Stack trace:
#0 /home/mit/Web/Codeigniter-4/system/Database/MySQLi/Connection.php(308): mysqli->query()
#1 /home/mit/Web/Codeigniter-4/system/Database/BaseConnection.php(722): CodeIgniter\Database\MySQLi\Connection->execute()
#2 /home/mit/Web/Codeigniter-4/system/Database/BaseConnection.php(636): CodeIgniter\Database\BaseConnection->simpleQuery()
#3 /home/mit/Web/Codeigniter-4/system/Database/BaseBuilder.php(2497): CodeIgniter\Database\BaseConnection->query()
#4 /home/mit/Web/Codeigniter-4/system/Model.php(450): CodeIgniter\Database\BaseBuilder->update()
#5 /home/mit/Web/Codeigniter-4/system/BaseModel.php(1028): CodeIgniter\Model->doUpdate()
#6 /home/mit/Web/Codeigniter-4/system/Model.php(854): CodeIgniter\BaseModel->update()
#7 /home/mit/Web/Codeigniter-4/app/Controllers/Inscription.php(74): CodeIgniter\Model->update()
#8 /home/mit/Web/Codeigniter-4/system/CodeIgniter.php(933): App\Controllers\Inscription->updateListe()
#9 /home/mit/Web/Codeigniter-4/system/CodeIgniter.php(509): CodeIgniter\CodeIgniter->runController()
#10 /home/mit/Web/Codeigniter-4/system/CodeIgniter.php(355): CodeIgniter\CodeIgniter->handleRequest()
#11 /home/mit/Web/Codeigniter-4/system/Boot.php(312): CodeIgniter\CodeIgniter->run()
#12 /home/mit/Web/Codeigniter-4/system/Boot.php(67): CodeIgniter\Boot::runCodeIgniter()
#13 /home/mit/Web/Codeigniter-4/public/index.php(56): CodeIgniter\Boot::bootWeb()
#14 {main}
CRITICAL - 2024-04-25 08:49:11 --> CodeIgniter\Database\Exceptions\DatabaseException: Unknown column 'Inscrits.id' in 'where clause'
[Method: POST, Route: Inscription/updateListe]
in SYSTEMPATH/Database/BaseConnection.php on line 676.
 1 SYSTEMPATH/Database/BaseBuilder.php(2497): CodeIgniter\Database\BaseConnection->query()
 2 SYSTEMPATH/Model.php(450): CodeIgniter\Database\BaseBuilder->update()
 3 SYSTEMPATH/BaseModel.php(1028): CodeIgniter\Model->doUpdate()
 4 SYSTEMPATH/Model.php(854): CodeIgniter\BaseModel->update()
 5 APPPATH/Controllers/Inscription.php(74): CodeIgniter\Model->update()
 6 SYSTEMPATH/CodeIgniter.php(933): App\Controllers\Inscription->updateListe()
 7 SYSTEMPATH/CodeIgniter.php(509): CodeIgniter\CodeIgniter->runController()
 8 SYSTEMPATH/CodeIgniter.php(355): CodeIgniter\CodeIgniter->handleRequest()
 9 SYSTEMPATH/Boot.php(312): CodeIgniter\CodeIgniter->run()
10 SYSTEMPATH/Boot.php(67): CodeIgniter\Boot::runCodeIgniter()
11 FCPATH/index.php(56): CodeIgniter\Boot::bootWeb()
CRITICAL - 2024-04-25 08:49:11 --> [Caused by] CodeIgniter\Database\Exceptions\DatabaseException: Unknown column 'Inscrits.id' in 'where clause'
in SYSTEMPATH/Database/MySQLi/Connection.php on line 313.
 1 SYSTEMPATH/Database/BaseConnection.php(722): CodeIgniter\Database\MySQLi\Connection->execute()
 2 SYSTEMPATH/Database/BaseConnection.php(636): CodeIgniter\Database\BaseConnection->simpleQuery()
 3 SYSTEMPATH/Database/BaseBuilder.php(2497): CodeIgniter\Database\BaseConnection->query()
 4 SYSTEMPATH/Model.php(450): CodeIgniter\Database\BaseBuilder->update()
 5 SYSTEMPATH/BaseModel.php(1028): CodeIgniter\Model->doUpdate()
 6 SYSTEMPATH/Model.php(854): CodeIgniter\BaseModel->update()
 7 APPPATH/Controllers/Inscription.php(74): CodeIgniter\Model->update()
 8 SYSTEMPATH/CodeIgniter.php(933): App\Controllers\Inscription->updateListe()
 9 SYSTEMPATH/CodeIgniter.php(509): CodeIgniter\CodeIgniter->runController()
10 SYSTEMPATH/CodeIgniter.php(355): CodeIgniter\CodeIgniter->handleRequest()
11 SYSTEMPATH/Boot.php(312): CodeIgniter\CodeIgniter->run()
12 SYSTEMPATH/Boot.php(67): CodeIgniter\Boot::runCodeIgniter()
13 FCPATH/index.php(56): CodeIgniter\Boot::bootWeb()
CRITICAL - 2024-04-25 08:49:11 --> [Caused by] mysqli_sql_exception: Unknown column 'Inscrits.id' in 'where clause'
in SYSTEMPATH/Database/MySQLi/Connection.php on line 308.
 1 SYSTEMPATH/Database/MySQLi/Connection.php(308): mysqli->query()
 2 SYSTEMPATH/Database/BaseConnection.php(722): CodeIgniter\Database\MySQLi\Connection->execute()
 3 SYSTEMPATH/Database/BaseConnection.php(636): CodeIgniter\Database\BaseConnection->simpleQuery()
 4 SYSTEMPATH/Database/BaseBuilder.php(2497): CodeIgniter\Database\BaseConnection->query()
 5 SYSTEMPATH/Model.php(450): CodeIgniter\Database\BaseBuilder->update()
 6 SYSTEMPATH/BaseModel.php(1028): CodeIgniter\Model->doUpdate()
 7 SYSTEMPATH/Model.php(854): CodeIgniter\BaseModel->update()
 8 APPPATH/Controllers/Inscription.php(74): CodeIgniter\Model->update()
 9 SYSTEMPATH/CodeIgniter.php(933): App\Controllers\Inscription->updateListe()
10 SYSTEMPATH/CodeIgniter.php(509): CodeIgniter\CodeIgniter->runController()
11 SYSTEMPATH/CodeIgniter.php(355): CodeIgniter\CodeIgniter->handleRequest()
12 SYSTEMPATH/Boot.php(312): CodeIgniter\CodeIgniter->run()
13 SYSTEMPATH/Boot.php(67): CodeIgniter\Boot::runCodeIgniter()
14 FCPATH/index.php(56): CodeIgniter\Boot::bootWeb()
ERROR - 2024-04-25 08:52:25 --> mysqli_sql_exception: Unknown column 'Inscrits.id' in 'where clause' in /home/mit/Web/Codeigniter-4/system/Database/MySQLi/Connection.php:308
Stack trace:
#0 /home/mit/Web/Codeigniter-4/system/Database/MySQLi/Connection.php(308): mysqli->query()
#1 /home/mit/Web/Codeigniter-4/system/Database/BaseConnection.php(722): CodeIgniter\Database\MySQLi\Connection->execute()
#2 /home/mit/Web/Codeigniter-4/system/Database/BaseConnection.php(636): CodeIgniter\Database\BaseConnection->simpleQuery()
#3 /home/mit/Web/Codeigniter-4/system/Database/BaseBuilder.php(2497): CodeIgniter\Database\BaseConnection->query()
#4 /home/mit/Web/Codeigniter-4/system/Model.php(450): CodeIgniter\Database\BaseBuilder->update()
#5 /home/mit/Web/Codeigniter-4/system/BaseModel.php(1028): CodeIgniter\Model->doUpdate()
#6 /home/mit/Web/Codeigniter-4/system/Model.php(854): CodeIgniter\BaseModel->update()
#7 /home/mit/Web/Codeigniter-4/app/Controllers/Inscription.php(74): CodeIgniter\Model->update()
#8 /home/mit/Web/Codeigniter-4/system/CodeIgniter.php(933): App\Controllers\Inscription->updateListe()
#9 /home/mit/Web/Codeigniter-4/system/CodeIgniter.php(509): CodeIgniter\CodeIgniter->runController()
#10 /home/mit/Web/Codeigniter-4/system/CodeIgniter.php(355): CodeIgniter\CodeIgniter->handleRequest()
#11 /home/mit/Web/Codeigniter-4/system/Boot.php(312): CodeIgniter\CodeIgniter->run()
#12 /home/mit/Web/Codeigniter-4/system/Boot.php(67): CodeIgniter\Boot::runCodeIgniter()
#13 /home/mit/Web/Codeigniter-4/public/index.php(56): CodeIgniter\Boot::bootWeb()
#14 {main}
CRITICAL - 2024-04-25 08:52:25 --> CodeIgniter\Database\Exceptions\DatabaseException: Unknown column 'Inscrits.id' in 'where clause'
[Method: POST, Route: Inscription/updateListe]
in SYSTEMPATH/Database/BaseConnection.php on line 676.
 1 SYSTEMPATH/Database/BaseBuilder.php(2497): CodeIgniter\Database\BaseConnection->query()
 2 SYSTEMPATH/Model.php(450): CodeIgniter\Database\BaseBuilder->update()
 3 SYSTEMPATH/BaseModel.php(1028): CodeIgniter\Model->doUpdate()
 4 SYSTEMPATH/Model.php(854): CodeIgniter\BaseModel->update()
 5 APPPATH/Controllers/Inscription.php(74): CodeIgniter\Model->update()
 6 SYSTEMPATH/CodeIgniter.php(933): App\Controllers\Inscription->updateListe()
 7 SYSTEMPATH/CodeIgniter.php(509): CodeIgniter\CodeIgniter->runController()
 8 SYSTEMPATH/CodeIgniter.php(355): CodeIgniter\CodeIgniter->handleRequest()
 9 SYSTEMPATH/Boot.php(312): CodeIgniter\CodeIgniter->run()
10 SYSTEMPATH/Boot.php(67): CodeIgniter\Boot::runCodeIgniter()
11 FCPATH/index.php(56): CodeIgniter\Boot::bootWeb()
CRITICAL - 2024-04-25 08:52:25 --> [Caused by] CodeIgniter\Database\Exceptions\DatabaseException: Unknown column 'Inscrits.id' in 'where clause'
in SYSTEMPATH/Database/MySQLi/Connection.php on line 313.
 1 SYSTEMPATH/Database/BaseConnection.php(722): CodeIgniter\Database\MySQLi\Connection->execute()
 2 SYSTEMPATH/Database/BaseConnection.php(636): CodeIgniter\Database\BaseConnection->simpleQuery()
 3 SYSTEMPATH/Database/BaseBuilder.php(2497): CodeIgniter\Database\BaseConnection->query()
 4 SYSTEMPATH/Model.php(450): CodeIgniter\Database\BaseBuilder->update()
 5 SYSTEMPATH/BaseModel.php(1028): CodeIgniter\Model->doUpdate()
 6 SYSTEMPATH/Model.php(854): CodeIgniter\BaseModel->update()
 7 APPPATH/Controllers/Inscription.php(74): CodeIgniter\Model->update()
 8 SYSTEMPATH/CodeIgniter.php(933): App\Controllers\Inscription->updateListe()
 9 SYSTEMPATH/CodeIgniter.php(509): CodeIgniter\CodeIgniter->runController()
10 SYSTEMPATH/CodeIgniter.php(355): CodeIgniter\CodeIgniter->handleRequest()
11 SYSTEMPATH/Boot.php(312): CodeIgniter\CodeIgniter->run()
12 SYSTEMPATH/Boot.php(67): CodeIgniter\Boot::runCodeIgniter()
13 FCPATH/index.php(56): CodeIgniter\Boot::bootWeb()
CRITICAL - 2024-04-25 08:52:25 --> [Caused by] mysqli_sql_exception: Unknown column 'Inscrits.id' in 'where clause'
in SYSTEMPATH/Database/MySQLi/Connection.php on line 308.
 1 SYSTEMPATH/Database/MySQLi/Connection.php(308): mysqli->query()
 2 SYSTEMPATH/Database/BaseConnection.php(722): CodeIgniter\Database\MySQLi\Connection->execute()
 3 SYSTEMPATH/Database/BaseConnection.php(636): CodeIgniter\Database\BaseConnection->simpleQuery()
 4 SYSTEMPATH/Database/BaseBuilder.php(2497): CodeIgniter\Database\BaseConnection->query()
 5 SYSTEMPATH/Model.php(450): CodeIgniter\Database\BaseBuilder->update()
 6 SYSTEMPATH/BaseModel.php(1028): CodeIgniter\Model->doUpdate()
 7 SYSTEMPATH/Model.php(854): CodeIgniter\BaseModel->update()
 8 APPPATH/Controllers/Inscription.php(74): CodeIgniter\Model->update()
 9 SYSTEMPATH/CodeIgniter.php(933): App\Controllers\Inscription->updateListe()
10 SYSTEMPATH/CodeIgniter.php(509): CodeIgniter\CodeIgniter->runController()
11 SYSTEMPATH/CodeIgniter.php(355): CodeIgniter\CodeIgniter->handleRequest()
12 SYSTEMPATH/Boot.php(312): CodeIgniter\CodeIgniter->run()
13 SYSTEMPATH/Boot.php(67): CodeIgniter\Boot::runCodeIgniter()
14 FCPATH/index.php(56): CodeIgniter\Boot::bootWeb()
ERROR - 2024-04-25 08:53:28 --> mysqli_sql_exception: Unknown column 'Inscrits.id' in 'where clause' in /home/mit/Web/Codeigniter-4/system/Database/MySQLi/Connection.php:308
Stack trace:
#0 /home/mit/Web/Codeigniter-4/system/Database/MySQLi/Connection.php(308): mysqli->query()
#1 /home/mit/Web/Codeigniter-4/system/Database/BaseConnection.php(722): CodeIgniter\Database\MySQLi\Connection->execute()
#2 /home/mit/Web/Codeigniter-4/system/Database/BaseConnection.php(636): CodeIgniter\Database\BaseConnection->simpleQuery()
#3 /home/mit/Web/Codeigniter-4/system/Database/BaseBuilder.php(2497): CodeIgniter\Database\BaseConnection->query()
#4 /home/mit/Web/Codeigniter-4/system/Model.php(450): CodeIgniter\Database\BaseBuilder->update()
#5 /home/mit/Web/Codeigniter-4/system/BaseModel.php(1028): CodeIgniter\Model->doUpdate()
#6 /home/mit/Web/Codeigniter-4/system/Model.php(854): CodeIgniter\BaseModel->update()
#7 /home/mit/Web/Codeigniter-4/app/Controllers/Inscription.php(74): CodeIgniter\Model->update()
#8 /home/mit/Web/Codeigniter-4/system/CodeIgniter.php(933): App\Controllers\Inscription->updateListe()
#9 /home/mit/Web/Codeigniter-4/system/CodeIgniter.php(509): CodeIgniter\CodeIgniter->runController()
#10 /home/mit/Web/Codeigniter-4/system/CodeIgniter.php(355): CodeIgniter\CodeIgniter->handleRequest()
#11 /home/mit/Web/Codeigniter-4/system/Boot.php(312): CodeIgniter\CodeIgniter->run()
#12 /home/mit/Web/Codeigniter-4/system/Boot.php(67): CodeIgniter\Boot::runCodeIgniter()
#13 /home/mit/Web/Codeigniter-4/public/index.php(56): CodeIgniter\Boot::bootWeb()
#14 {main}
CRITICAL - 2024-04-25 08:53:28 --> CodeIgniter\Database\Exceptions\DatabaseException: Unknown column 'Inscrits.id' in 'where clause'
[Method: POST, Route: Inscription/updateListe]
in SYSTEMPATH/Database/BaseConnection.php on line 676.
 1 SYSTEMPATH/Database/BaseBuilder.php(2497): CodeIgniter\Database\BaseConnection->query()
 2 SYSTEMPATH/Model.php(450): CodeIgniter\Database\BaseBuilder->update()
 3 SYSTEMPATH/BaseModel.php(1028): CodeIgniter\Model->doUpdate()
 4 SYSTEMPATH/Model.php(854): CodeIgniter\BaseModel->update()
 5 APPPATH/Controllers/Inscription.php(74): CodeIgniter\Model->update()
 6 SYSTEMPATH/CodeIgniter.php(933): App\Controllers\Inscription->updateListe()
 7 SYSTEMPATH/CodeIgniter.php(509): CodeIgniter\CodeIgniter->runController()
 8 SYSTEMPATH/CodeIgniter.php(355): CodeIgniter\CodeIgniter->handleRequest()
 9 SYSTEMPATH/Boot.php(312): CodeIgniter\CodeIgniter->run()
10 SYSTEMPATH/Boot.php(67): CodeIgniter\Boot::runCodeIgniter()
11 FCPATH/index.php(56): CodeIgniter\Boot::bootWeb()
CRITICAL - 2024-04-25 08:53:28 --> [Caused by] CodeIgniter\Database\Exceptions\DatabaseException: Unknown column 'Inscrits.id' in 'where clause'
in SYSTEMPATH/Database/MySQLi/Connection.php on line 313.
 1 SYSTEMPATH/Database/BaseConnection.php(722): CodeIgniter\Database\MySQLi\Connection->execute()
 2 SYSTEMPATH/Database/BaseConnection.php(636): CodeIgniter\Database\BaseConnection->simpleQuery()
 3 SYSTEMPATH/Database/BaseBuilder.php(2497): CodeIgniter\Database\BaseConnection->query()
 4 SYSTEMPATH/Model.php(450): CodeIgniter\Database\BaseBuilder->update()
 5 SYSTEMPATH/BaseModel.php(1028): CodeIgniter\Model->doUpdate()
 6 SYSTEMPATH/Model.php(854): CodeIgniter\BaseModel->update()
 7 APPPATH/Controllers/Inscription.php(74): CodeIgniter\Model->update()
 8 SYSTEMPATH/CodeIgniter.php(933): App\Controllers\Inscription->updateListe()
 9 SYSTEMPATH/CodeIgniter.php(509): CodeIgniter\CodeIgniter->runController()
10 SYSTEMPATH/CodeIgniter.php(355): CodeIgniter\CodeIgniter->handleRequest()
11 SYSTEMPATH/Boot.php(312): CodeIgniter\CodeIgniter->run()
12 SYSTEMPATH/Boot.php(67): CodeIgniter\Boot::runCodeIgniter()
13 FCPATH/index.php(56): CodeIgniter\Boot::bootWeb()
CRITICAL - 2024-04-25 08:53:28 --> [Caused by] mysqli_sql_exception: Unknown column 'Inscrits.id' in 'where clause'
in SYSTEMPATH/Database/MySQLi/Connection.php on line 308.
 1 SYSTEMPATH/Database/MySQLi/Connection.php(308): mysqli->query()
 2 SYSTEMPATH/Database/BaseConnection.php(722): CodeIgniter\Database\MySQLi\Connection->execute()
 3 SYSTEMPATH/Database/BaseConnection.php(636): CodeIgniter\Database\BaseConnection->simpleQuery()
 4 SYSTEMPATH/Database/BaseBuilder.php(2497): CodeIgniter\Database\BaseConnection->query()
 5 SYSTEMPATH/Model.php(450): CodeIgniter\Database\BaseBuilder->update()
 6 SYSTEMPATH/BaseModel.php(1028): CodeIgniter\Model->doUpdate()
 7 SYSTEMPATH/Model.php(854): CodeIgniter\BaseModel->update()
 8 APPPATH/Controllers/Inscription.php(74): CodeIgniter\Model->update()
 9 SYSTEMPATH/CodeIgniter.php(933): App\Controllers\Inscription->updateListe()
10 SYSTEMPATH/CodeIgniter.php(509): CodeIgniter\CodeIgniter->runController()
11 SYSTEMPATH/CodeIgniter.php(355): CodeIgniter\CodeIgniter->handleRequest()
12 SYSTEMPATH/Boot.php(312): CodeIgniter\CodeIgniter->run()
13 SYSTEMPATH/Boot.php(67): CodeIgniter\Boot::runCodeIgniter()
14 FCPATH/index.php(56): CodeIgniter\Boot::bootWeb()
ERROR - 2024-04-25 08:53:31 --> mysqli_sql_exception: Unknown column 'Inscrits.id' in 'where clause' in /home/mit/Web/Codeigniter-4/system/Database/MySQLi/Connection.php:308
Stack trace:
#0 /home/mit/Web/Codeigniter-4/system/Database/MySQLi/Connection.php(308): mysqli->query()
#1 /home/mit/Web/Codeigniter-4/system/Database/BaseConnection.php(722): CodeIgniter\Database\MySQLi\Connection->execute()
#2 /home/mit/Web/Codeigniter-4/system/Database/BaseConnection.php(636): CodeIgniter\Database\BaseConnection->simpleQuery()
#3 /home/mit/Web/Codeigniter-4/system/Database/BaseBuilder.php(2497): CodeIgniter\Database\BaseConnection->query()
#4 /home/mit/Web/Codeigniter-4/system/Model.php(450): CodeIgniter\Database\BaseBuilder->update()
#5 /home/mit/Web/Codeigniter-4/system/BaseModel.php(1028): CodeIgniter\Model->doUpdate()
#6 /home/mit/Web/Codeigniter-4/system/Model.php(854): CodeIgniter\BaseModel->update()
#7 /home/mit/Web/Codeigniter-4/app/Controllers/Inscription.php(74): CodeIgniter\Model->update()
#8 /home/mit/Web/Codeigniter-4/system/CodeIgniter.php(933): App\Controllers\Inscription->updateListe()
#9 /home/mit/Web/Codeigniter-4/system/CodeIgniter.php(509): CodeIgniter\CodeIgniter->runController()
#10 /home/mit/Web/Codeigniter-4/system/CodeIgniter.php(355): CodeIgniter\CodeIgniter->handleRequest()
#11 /home/mit/Web/Codeigniter-4/system/Boot.php(312): CodeIgniter\CodeIgniter->run()
#12 /home/mit/Web/Codeigniter-4/system/Boot.php(67): CodeIgniter\Boot::runCodeIgniter()
#13 /home/mit/Web/Codeigniter-4/public/index.php(56): CodeIgniter\Boot::bootWeb()
#14 {main}
CRITICAL - 2024-04-25 08:53:31 --> CodeIgniter\Database\Exceptions\DatabaseException: Unknown column 'Inscrits.id' in 'where clause'
[Method: POST, Route: Inscription/updateListe]
in SYSTEMPATH/Database/BaseConnection.php on line 676.
 1 SYSTEMPATH/Database/BaseBuilder.php(2497): CodeIgniter\Database\BaseConnection->query()
 2 SYSTEMPATH/Model.php(450): CodeIgniter\Database\BaseBuilder->update()
 3 SYSTEMPATH/BaseModel.php(1028): CodeIgniter\Model->doUpdate()
 4 SYSTEMPATH/Model.php(854): CodeIgniter\BaseModel->update()
 5 APPPATH/Controllers/Inscription.php(74): CodeIgniter\Model->update()
 6 SYSTEMPATH/CodeIgniter.php(933): App\Controllers\Inscription->updateListe()
 7 SYSTEMPATH/CodeIgniter.php(509): CodeIgniter\CodeIgniter->runController()
 8 SYSTEMPATH/CodeIgniter.php(355): CodeIgniter\CodeIgniter->handleRequest()
 9 SYSTEMPATH/Boot.php(312): CodeIgniter\CodeIgniter->run()
10 SYSTEMPATH/Boot.php(67): CodeIgniter\Boot::runCodeIgniter()
11 FCPATH/index.php(56): CodeIgniter\Boot::bootWeb()
CRITICAL - 2024-04-25 08:53:31 --> [Caused by] CodeIgniter\Database\Exceptions\DatabaseException: Unknown column 'Inscrits.id' in 'where clause'
in SYSTEMPATH/Database/MySQLi/Connection.php on line 313.
 1 SYSTEMPATH/Database/BaseConnection.php(722): CodeIgniter\Database\MySQLi\Connection->execute()
 2 SYSTEMPATH/Database/BaseConnection.php(636): CodeIgniter\Database\BaseConnection->simpleQuery()
 3 SYSTEMPATH/Database/BaseBuilder.php(2497): CodeIgniter\Database\BaseConnection->query()
 4 SYSTEMPATH/Model.php(450): CodeIgniter\Database\BaseBuilder->update()
 5 SYSTEMPATH/BaseModel.php(1028): CodeIgniter\Model->doUpdate()
 6 SYSTEMPATH/Model.php(854): CodeIgniter\BaseModel->update()
 7 APPPATH/Controllers/Inscription.php(74): CodeIgniter\Model->update()
 8 SYSTEMPATH/CodeIgniter.php(933): App\Controllers\Inscription->updateListe()
 9 SYSTEMPATH/CodeIgniter.php(509): CodeIgniter\CodeIgniter->runController()
10 SYSTEMPATH/CodeIgniter.php(355): CodeIgniter\CodeIgniter->handleRequest()
11 SYSTEMPATH/Boot.php(312): CodeIgniter\CodeIgniter->run()
12 SYSTEMPATH/Boot.php(67): CodeIgniter\Boot::runCodeIgniter()
13 FCPATH/index.php(56): CodeIgniter\Boot::bootWeb()
CRITICAL - 2024-04-25 08:53:31 --> [Caused by] mysqli_sql_exception: Unknown column 'Inscrits.id' in 'where clause'
in SYSTEMPATH/Database/MySQLi/Connection.php on line 308.
 1 SYSTEMPATH/Database/MySQLi/Connection.php(308): mysqli->query()
 2 SYSTEMPATH/Database/BaseConnection.php(722): CodeIgniter\Database\MySQLi\Connection->execute()
 3 SYSTEMPATH/Database/BaseConnection.php(636): CodeIgniter\Database\BaseConnection->simpleQuery()
 4 SYSTEMPATH/Database/BaseBuilder.php(2497): CodeIgniter\Database\BaseConnection->query()
 5 SYSTEMPATH/Model.php(450): CodeIgniter\Database\BaseBuilder->update()
 6 SYSTEMPATH/BaseModel.php(1028): CodeIgniter\Model->doUpdate()
 7 SYSTEMPATH/Model.php(854): CodeIgniter\BaseModel->update()
 8 APPPATH/Controllers/Inscription.php(74): CodeIgniter\Model->update()
 9 SYSTEMPATH/CodeIgniter.php(933): App\Controllers\Inscription->updateListe()
10 SYSTEMPATH/CodeIgniter.php(509): CodeIgniter\CodeIgniter->runController()
11 SYSTEMPATH/CodeIgniter.php(355): CodeIgniter\CodeIgniter->handleRequest()
12 SYSTEMPATH/Boot.php(312): CodeIgniter\CodeIgniter->run()
13 SYSTEMPATH/Boot.php(67): CodeIgniter\Boot::runCodeIgniter()
14 FCPATH/index.php(56): CodeIgniter\Boot::bootWeb()
ERROR - 2024-04-25 09:41:33 --> mysqli_sql_exception: Unknown column 'Inscrits.id' in 'where clause' in /home/mit/Web/Codeigniter-4/system/Database/MySQLi/Connection.php:308
Stack trace:
#0 /home/mit/Web/Codeigniter-4/system/Database/MySQLi/Connection.php(308): mysqli->query()
#1 /home/mit/Web/Codeigniter-4/system/Database/BaseConnection.php(722): CodeIgniter\Database\MySQLi\Connection->execute()
#2 /home/mit/Web/Codeigniter-4/system/Database/BaseConnection.php(636): CodeIgniter\Database\BaseConnection->simpleQuery()
#3 /home/mit/Web/Codeigniter-4/system/Database/BaseBuilder.php(2497): CodeIgniter\Database\BaseConnection->query()
#4 /home/mit/Web/Codeigniter-4/system/Model.php(450): CodeIgniter\Database\BaseBuilder->update()
#5 /home/mit/Web/Codeigniter-4/system/BaseModel.php(1028): CodeIgniter\Model->doUpdate()
#6 /home/mit/Web/Codeigniter-4/system/Model.php(854): CodeIgniter\BaseModel->update()
#7 /home/mit/Web/Codeigniter-4/app/Controllers/Inscription.php(74): CodeIgniter\Model->update()
#8 /home/mit/Web/Codeigniter-4/system/CodeIgniter.php(933): App\Controllers\Inscription->updateListe()
#9 /home/mit/Web/Codeigniter-4/system/CodeIgniter.php(509): CodeIgniter\CodeIgniter->runController()
#10 /home/mit/Web/Codeigniter-4/system/CodeIgniter.php(355): CodeIgniter\CodeIgniter->handleRequest()
#11 /home/mit/Web/Codeigniter-4/system/Boot.php(312): CodeIgniter\CodeIgniter->run()
#12 /home/mit/Web/Codeigniter-4/system/Boot.php(67): CodeIgniter\Boot::runCodeIgniter()
#13 /home/mit/Web/Codeigniter-4/public/index.php(56): CodeIgniter\Boot::bootWeb()
#14 {main}
CRITICAL - 2024-04-25 09:41:33 --> CodeIgniter\Database\Exceptions\DatabaseException: Unknown column 'Inscrits.id' in 'where clause'
[Method: POST, Route: Inscription/updateListe]
in SYSTEMPATH/Database/BaseConnection.php on line 676.
 1 SYSTEMPATH/Database/BaseBuilder.php(2497): CodeIgniter\Database\BaseConnection->query()
 2 SYSTEMPATH/Model.php(450): CodeIgniter\Database\BaseBuilder->update()
 3 SYSTEMPATH/BaseModel.php(1028): CodeIgniter\Model->doUpdate()
 4 SYSTEMPATH/Model.php(854): CodeIgniter\BaseModel->update()
 5 APPPATH/Controllers/Inscription.php(74): CodeIgniter\Model->update()
 6 SYSTEMPATH/CodeIgniter.php(933): App\Controllers\Inscription->updateListe()
 7 SYSTEMPATH/CodeIgniter.php(509): CodeIgniter\CodeIgniter->runController()
 8 SYSTEMPATH/CodeIgniter.php(355): CodeIgniter\CodeIgniter->handleRequest()
 9 SYSTEMPATH/Boot.php(312): CodeIgniter\CodeIgniter->run()
10 SYSTEMPATH/Boot.php(67): CodeIgniter\Boot::runCodeIgniter()
11 FCPATH/index.php(56): CodeIgniter\Boot::bootWeb()
CRITICAL - 2024-04-25 09:41:33 --> [Caused by] CodeIgniter\Database\Exceptions\DatabaseException: Unknown column 'Inscrits.id' in 'where clause'
in SYSTEMPATH/Database/MySQLi/Connection.php on line 313.
 1 SYSTEMPATH/Database/BaseConnection.php(722): CodeIgniter\Database\MySQLi\Connection->execute()
 2 SYSTEMPATH/Database/BaseConnection.php(636): CodeIgniter\Database\BaseConnection->simpleQuery()
 3 SYSTEMPATH/Database/BaseBuilder.php(2497): CodeIgniter\Database\BaseConnection->query()
 4 SYSTEMPATH/Model.php(450): CodeIgniter\Database\BaseBuilder->update()
 5 SYSTEMPATH/BaseModel.php(1028): CodeIgniter\Model->doUpdate()
 6 SYSTEMPATH/Model.php(854): CodeIgniter\BaseModel->update()
 7 APPPATH/Controllers/Inscription.php(74): CodeIgniter\Model->update()
 8 SYSTEMPATH/CodeIgniter.php(933): App\Controllers\Inscription->updateListe()
 9 SYSTEMPATH/CodeIgniter.php(509): CodeIgniter\CodeIgniter->runController()
10 SYSTEMPATH/CodeIgniter.php(355): CodeIgniter\CodeIgniter->handleRequest()
11 SYSTEMPATH/Boot.php(312): CodeIgniter\CodeIgniter->run()
12 SYSTEMPATH/Boot.php(67): CodeIgniter\Boot::runCodeIgniter()
13 FCPATH/index.php(56): CodeIgniter\Boot::bootWeb()
CRITICAL - 2024-04-25 09:41:33 --> [Caused by] mysqli_sql_exception: Unknown column 'Inscrits.id' in 'where clause'
in SYSTEMPATH/Database/MySQLi/Connection.php on line 308.
 1 SYSTEMPATH/Database/MySQLi/Connection.php(308): mysqli->query()
 2 SYSTEMPATH/Database/BaseConnection.php(722): CodeIgniter\Database\MySQLi\Connection->execute()
 3 SYSTEMPATH/Database/BaseConnection.php(636): CodeIgniter\Database\BaseConnection->simpleQuery()
 4 SYSTEMPATH/Database/BaseBuilder.php(2497): CodeIgniter\Database\BaseConnection->query()
 5 SYSTEMPATH/Model.php(450): CodeIgniter\Database\BaseBuilder->update()
 6 SYSTEMPATH/BaseModel.php(1028): CodeIgniter\Model->doUpdate()
 7 SYSTEMPATH/Model.php(854): CodeIgniter\BaseModel->update()
 8 APPPATH/Controllers/Inscription.php(74): CodeIgniter\Model->update()
 9 SYSTEMPATH/CodeIgniter.php(933): App\Controllers\Inscription->updateListe()
10 SYSTEMPATH/CodeIgniter.php(509): CodeIgniter\CodeIgniter->runController()
11 SYSTEMPATH/CodeIgniter.php(355): CodeIgniter\CodeIgniter->handleRequest()
12 SYSTEMPATH/Boot.php(312): CodeIgniter\CodeIgniter->run()
13 SYSTEMPATH/Boot.php(67): CodeIgniter\Boot::runCodeIgniter()
14 FCPATH/index.php(56): CodeIgniter\Boot::bootWeb()
ERROR - 2024-04-25 09:46:15 --> mysqli_sql_exception: Unknown column 'Inscrits.id' in 'where clause' in /home/mit/Web/Codeigniter-4/system/Database/MySQLi/Connection.php:308
Stack trace:
#0 /home/mit/Web/Codeigniter-4/system/Database/MySQLi/Connection.php(308): mysqli->query()
#1 /home/mit/Web/Codeigniter-4/system/Database/BaseConnection.php(722): CodeIgniter\Database\MySQLi\Connection->execute()
#2 /home/mit/Web/Codeigniter-4/system/Database/BaseConnection.php(636): CodeIgniter\Database\BaseConnection->simpleQuery()
#3 /home/mit/Web/Codeigniter-4/system/Database/BaseBuilder.php(2497): CodeIgniter\Database\BaseConnection->query()
#4 /home/mit/Web/Codeigniter-4/system/Model.php(450): CodeIgniter\Database\BaseBuilder->update()
#5 /home/mit/Web/Codeigniter-4/system/BaseModel.php(1028): CodeIgniter\Model->doUpdate()
#6 /home/mit/Web/Codeigniter-4/system/Model.php(854): CodeIgniter\BaseModel->update()
#7 /home/mit/Web/Codeigniter-4/app/Controllers/Inscription.php(74): CodeIgniter\Model->update()
#8 /home/mit/Web/Codeigniter-4/system/CodeIgniter.php(933): App\Controllers\Inscription->updateListe()
#9 /home/mit/Web/Codeigniter-4/system/CodeIgniter.php(509): CodeIgniter\CodeIgniter->runController()
#10 /home/mit/Web/Codeigniter-4/system/CodeIgniter.php(355): CodeIgniter\CodeIgniter->handleRequest()
#11 /home/mit/Web/Codeigniter-4/system/Boot.php(312): CodeIgniter\CodeIgniter->run()
#12 /home/mit/Web/Codeigniter-4/system/Boot.php(67): CodeIgniter\Boot::runCodeIgniter()
#13 /home/mit/Web/Codeigniter-4/public/index.php(56): CodeIgniter\Boot::bootWeb()
#14 {main}
CRITICAL - 2024-04-25 09:46:15 --> CodeIgniter\Database\Exceptions\DatabaseException: Unknown column 'Inscrits.id' in 'where clause'
[Method: POST, Route: Inscription/updateListe]
in SYSTEMPATH/Database/BaseConnection.php on line 676.
 1 SYSTEMPATH/Database/BaseBuilder.php(2497): CodeIgniter\Database\BaseConnection->query()
 2 SYSTEMPATH/Model.php(450): CodeIgniter\Database\BaseBuilder->update()
 3 SYSTEMPATH/BaseModel.php(1028): CodeIgniter\Model->doUpdate()
 4 SYSTEMPATH/Model.php(854): CodeIgniter\BaseModel->update()
 5 APPPATH/Controllers/Inscription.php(74): CodeIgniter\Model->update()
 6 SYSTEMPATH/CodeIgniter.php(933): App\Controllers\Inscription->updateListe()
 7 SYSTEMPATH/CodeIgniter.php(509): CodeIgniter\CodeIgniter->runController()
 8 SYSTEMPATH/CodeIgniter.php(355): CodeIgniter\CodeIgniter->handleRequest()
 9 SYSTEMPATH/Boot.php(312): CodeIgniter\CodeIgniter->run()
10 SYSTEMPATH/Boot.php(67): CodeIgniter\Boot::runCodeIgniter()
11 FCPATH/index.php(56): CodeIgniter\Boot::bootWeb()
CRITICAL - 2024-04-25 09:46:15 --> [Caused by] CodeIgniter\Database\Exceptions\DatabaseException: Unknown column 'Inscrits.id' in 'where clause'
in SYSTEMPATH/Database/MySQLi/Connection.php on line 313.
 1 SYSTEMPATH/Database/BaseConnection.php(722): CodeIgniter\Database\MySQLi\Connection->execute()
 2 SYSTEMPATH/Database/BaseConnection.php(636): CodeIgniter\Database\BaseConnection->simpleQuery()
 3 SYSTEMPATH/Database/BaseBuilder.php(2497): CodeIgniter\Database\BaseConnection->query()
 4 SYSTEMPATH/Model.php(450): CodeIgniter\Database\BaseBuilder->update()
 5 SYSTEMPATH/BaseModel.php(1028): CodeIgniter\Model->doUpdate()
 6 SYSTEMPATH/Model.php(854): CodeIgniter\BaseModel->update()
 7 APPPATH/Controllers/Inscription.php(74): CodeIgniter\Model->update()
 8 SYSTEMPATH/CodeIgniter.php(933): App\Controllers\Inscription->updateListe()
 9 SYSTEMPATH/CodeIgniter.php(509): CodeIgniter\CodeIgniter->runController()
10 SYSTEMPATH/CodeIgniter.php(355): CodeIgniter\CodeIgniter->handleRequest()
11 SYSTEMPATH/Boot.php(312): CodeIgniter\CodeIgniter->run()
12 SYSTEMPATH/Boot.php(67): CodeIgniter\Boot::runCodeIgniter()
13 FCPATH/index.php(56): CodeIgniter\Boot::bootWeb()
CRITICAL - 2024-04-25 09:46:15 --> [Caused by] mysqli_sql_exception: Unknown column 'Inscrits.id' in 'where clause'
in SYSTEMPATH/Database/MySQLi/Connection.php on line 308.
 1 SYSTEMPATH/Database/MySQLi/Connection.php(308): mysqli->query()
 2 SYSTEMPATH/Database/BaseConnection.php(722): CodeIgniter\Database\MySQLi\Connection->execute()
 3 SYSTEMPATH/Database/BaseConnection.php(636): CodeIgniter\Database\BaseConnection->simpleQuery()
 4 SYSTEMPATH/Database/BaseBuilder.php(2497): CodeIgniter\Database\BaseConnection->query()
 5 SYSTEMPATH/Model.php(450): CodeIgniter\Database\BaseBuilder->update()
 6 SYSTEMPATH/BaseModel.php(1028): CodeIgniter\Model->doUpdate()
 7 SYSTEMPATH/Model.php(854): CodeIgniter\BaseModel->update()
 8 APPPATH/Controllers/Inscription.php(74): CodeIgniter\Model->update()
 9 SYSTEMPATH/CodeIgniter.php(933): App\Controllers\Inscription->updateListe()
10 SYSTEMPATH/CodeIgniter.php(509): CodeIgniter\CodeIgniter->runController()
11 SYSTEMPATH/CodeIgniter.php(355): CodeIgniter\CodeIgniter->handleRequest()
12 SYSTEMPATH/Boot.php(312): CodeIgniter\CodeIgniter->run()
13 SYSTEMPATH/Boot.php(67): CodeIgniter\Boot::runCodeIgniter()
14 FCPATH/index.php(56): CodeIgniter\Boot::bootWeb()
CRITICAL - 2024-04-25 09:51:26 --> ErrorException: Undefined array key "id_inscrits"
[Method: GET, Route: Inscription/modify]
in APPPATH/Views/inscription.php on line 52.
 1 APPPATH/Views/inscription.php(52): CodeIgniter\Debug\Exceptions->errorHandler()
 2 SYSTEMPATH/View/View.php(234): include('/home/mit/Web/Codeigniter-4/app/Views/inscription.php')
 3 SYSTEMPATH/View/View.php(237): CodeIgniter\View\View->CodeIgniter\View\{closure}()
 4 SYSTEMPATH/Common.php(1171): CodeIgniter\View\View->render()
 5 APPPATH/Controllers/Inscription.php(60): view()
 6 SYSTEMPATH/CodeIgniter.php(933): App\Controllers\Inscription->modify()
 7 SYSTEMPATH/CodeIgniter.php(509): CodeIgniter\CodeIgniter->runController()
 8 SYSTEMPATH/CodeIgniter.php(355): CodeIgniter\CodeIgniter->handleRequest()
 9 SYSTEMPATH/Boot.php(312): CodeIgniter\CodeIgniter->run()
10 SYSTEMPATH/Boot.php(67): CodeIgniter\Boot::runCodeIgniter()
11 FCPATH/index.php(56): CodeIgniter\Boot::bootWeb()
CRITICAL - 2024-04-25 09:52:20 --> CodeIgniter\Database\Exceptions\DatabaseException: Updates are not allowed unless they contain a "where" or "like" clause.
[Method: POST, Route: Inscription/updateListe]
in SYSTEMPATH/Model.php on line 445.
 1 SYSTEMPATH/BaseModel.php(1028): CodeIgniter\Model->doUpdate()
 2 SYSTEMPATH/Model.php(854): CodeIgniter\BaseModel->update()
 3 APPPATH/Controllers/Inscription.php(74): CodeIgniter\Model->update()
 4 SYSTEMPATH/CodeIgniter.php(933): App\Controllers\Inscription->updateListe()
 5 SYSTEMPATH/CodeIgniter.php(509): CodeIgniter\CodeIgniter->runController()
 6 SYSTEMPATH/CodeIgniter.php(355): CodeIgniter\CodeIgniter->handleRequest()
 7 SYSTEMPATH/Boot.php(312): CodeIgniter\CodeIgniter->run()
 8 SYSTEMPATH/Boot.php(67): CodeIgniter\Boot::runCodeIgniter()
 9 FCPATH/index.php(56): CodeIgniter\Boot::bootWeb()
CRITICAL - 2024-04-25 09:55:25 --> CodeIgniter\Database\Exceptions\DatabaseException: Updates are not allowed unless they contain a "where" or "like" clause.
[Method: POST, Route: Inscription/updateListe]
in SYSTEMPATH/Model.php on line 445.
 1 SYSTEMPATH/BaseModel.php(1028): CodeIgniter\Model->doUpdate()
 2 SYSTEMPATH/Model.php(854): CodeIgniter\BaseModel->update()
 3 APPPATH/Controllers/Inscription.php(74): CodeIgniter\Model->update()
 4 SYSTEMPATH/CodeIgniter.php(933): App\Controllers\Inscription->updateListe()
 5 SYSTEMPATH/CodeIgniter.php(509): CodeIgniter\CodeIgniter->runController()
 6 SYSTEMPATH/CodeIgniter.php(355): CodeIgniter\CodeIgniter->handleRequest()
 7 SYSTEMPATH/Boot.php(312): CodeIgniter\CodeIgniter->run()
 8 SYSTEMPATH/Boot.php(67): CodeIgniter\Boot::runCodeIgniter()
 9 FCPATH/index.php(56): CodeIgniter\Boot::bootWeb()
CRITICAL - 2024-04-25 09:56:24 --> CodeIgniter\Database\Exceptions\DataException: There is no data to update.
[Method: POST, Route: Inscription/updateListe]
in SYSTEMPATH/BaseModel.php on line 1833.
 1 SYSTEMPATH/BaseModel.php(1833): CodeIgniter\Database\Exceptions\DataException::forEmptyDataset()
 2 SYSTEMPATH/BaseModel.php(997): CodeIgniter\BaseModel->transformDataToArray()
 3 SYSTEMPATH/Model.php(854): CodeIgniter\BaseModel->update()
 4 APPPATH/Controllers/Inscription.php(74): CodeIgniter\Model->update()
 5 SYSTEMPATH/CodeIgniter.php(933): App\Controllers\Inscription->updateListe()
 6 SYSTEMPATH/CodeIgniter.php(509): CodeIgniter\CodeIgniter->runController()
 7 SYSTEMPATH/CodeIgniter.php(355): CodeIgniter\CodeIgniter->handleRequest()
 8 SYSTEMPATH/Boot.php(312): CodeIgniter\CodeIgniter->run()
 9 SYSTEMPATH/Boot.php(67): CodeIgniter\Boot::runCodeIgniter()
10 FCPATH/index.php(56): CodeIgniter\Boot::bootWeb()
CRITICAL - 2024-04-25 10:00:44 --> Error: Call to undefined method CodeIgniter\Database\MySQLi\Connection::update()
[Method: POST, Route: Inscription/updateListe]
in APPPATH/Controllers/Inscription.php on line 74.
 1 SYSTEMPATH/CodeIgniter.php(933): App\Controllers\Inscription->updateListe()
 2 SYSTEMPATH/CodeIgniter.php(509): CodeIgniter\CodeIgniter->runController()
 3 SYSTEMPATH/CodeIgniter.php(355): CodeIgniter\CodeIgniter->handleRequest()
 4 SYSTEMPATH/Boot.php(312): CodeIgniter\CodeIgniter->run()
 5 SYSTEMPATH/Boot.php(67): CodeIgniter\Boot::runCodeIgniter()
 6 FCPATH/index.php(56): CodeIgniter\Boot::bootWeb()
CRITICAL - 2024-04-25 10:01:10 --> CodeIgniter\Database\Exceptions\DatabaseException: Updates are not allowed unless they contain a "where" or "like" clause.
[Method: POST, Route: Inscription/updateListe]
in SYSTEMPATH/Model.php on line 445.
 1 SYSTEMPATH/BaseModel.php(1028): CodeIgniter\Model->doUpdate()
 2 SYSTEMPATH/Model.php(854): CodeIgniter\BaseModel->update()
 3 APPPATH/Controllers/Inscription.php(74): CodeIgniter\Model->update()
 4 SYSTEMPATH/CodeIgniter.php(933): App\Controllers\Inscription->updateListe()
 5 SYSTEMPATH/CodeIgniter.php(509): CodeIgniter\CodeIgniter->runController()
 6 SYSTEMPATH/CodeIgniter.php(355): CodeIgniter\CodeIgniter->handleRequest()
 7 SYSTEMPATH/Boot.php(312): CodeIgniter\CodeIgniter->run()
 8 SYSTEMPATH/Boot.php(67): CodeIgniter\Boot::runCodeIgniter()
 9 FCPATH/index.php(56): CodeIgniter\Boot::bootWeb()
CRITICAL - 2024-04-25 11:08:50 --> CodeIgniter\Database\Exceptions\DatabaseException: Updates are not allowed unless they contain a "where" or "like" clause.
[Method: POST, Route: Inscription/updateListe]
in SYSTEMPATH/Model.php on line 445.
 1 SYSTEMPATH/BaseModel.php(1028): CodeIgniter\Model->doUpdate()
 2 SYSTEMPATH/Model.php(854): CodeIgniter\BaseModel->update()
 3 APPPATH/Controllers/Inscription.php(74): CodeIgniter\Model->update()
 4 SYSTEMPATH/CodeIgniter.php(933): App\Controllers\Inscription->updateListe()
 5 SYSTEMPATH/CodeIgniter.php(509): CodeIgniter\CodeIgniter->runController()
 6 SYSTEMPATH/CodeIgniter.php(355): CodeIgniter\CodeIgniter->handleRequest()
 7 SYSTEMPATH/Boot.php(312): CodeIgniter\CodeIgniter->run()
 8 SYSTEMPATH/Boot.php(67): CodeIgniter\Boot::runCodeIgniter()
 9 FCPATH/index.php(56): CodeIgniter\Boot::bootWeb()
CRITICAL - 2024-04-25 12:00:27 --> CodeIgniter\Database\Exceptions\DatabaseException: Updates are not allowed unless they contain a "where" or "like" clause.
[Method: POST, Route: Inscription/updateListe]
in SYSTEMPATH/Model.php on line 445.
 1 SYSTEMPATH/BaseModel.php(1028): CodeIgniter\Model->doUpdate()
 2 SYSTEMPATH/Model.php(854): CodeIgniter\BaseModel->update()
 3 APPPATH/Controllers/Inscription.php(74): CodeIgniter\Model->update()
 4 SYSTEMPATH/CodeIgniter.php(933): App\Controllers\Inscription->updateListe()
 5 SYSTEMPATH/CodeIgniter.php(509): CodeIgniter\CodeIgniter->runController()
 6 SYSTEMPATH/CodeIgniter.php(355): CodeIgniter\CodeIgniter->handleRequest()
 7 SYSTEMPATH/Boot.php(312): CodeIgniter\CodeIgniter->run()
 8 SYSTEMPATH/Boot.php(67): CodeIgniter\Boot::runCodeIgniter()
 9 FCPATH/index.php(56): CodeIgniter\Boot::bootWeb()
CRITICAL - 2024-04-25 12:08:45 --> CodeIgniter\Database\Exceptions\DatabaseException: Updates are not allowed unless they contain a "where" or "like" clause.
[Method: POST, Route: Inscription/updateListe]
in SYSTEMPATH/Model.php on line 445.
 1 SYSTEMPATH/BaseModel.php(1028): CodeIgniter\Model->doUpdate()
 2 SYSTEMPATH/Model.php(854): CodeIgniter\BaseModel->update()
 3 APPPATH/Controllers/Inscription.php(75): CodeIgniter\Model->update()
 4 SYSTEMPATH/CodeIgniter.php(933): App\Controllers\Inscription->updateListe()
 5 SYSTEMPATH/CodeIgniter.php(509): CodeIgniter\CodeIgniter->runController()
 6 SYSTEMPATH/CodeIgniter.php(355): CodeIgniter\CodeIgniter->handleRequest()
 7 SYSTEMPATH/Boot.php(312): CodeIgniter\CodeIgniter->run()
 8 SYSTEMPATH/Boot.php(67): CodeIgniter\Boot::runCodeIgniter()
 9 FCPATH/index.php(56): CodeIgniter\Boot::bootWeb()
CRITICAL - 2024-04-25 12:17:57 --> ErrorException: Undefined array key 0
[Method: GET, Route: Inscription/modify/modify/21]
in APPPATH/Views/inscription.php on line 10.
 1 APPPATH/Views/inscription.php(10): CodeIgniter\Debug\Exceptions->errorHandler()
 2 SYSTEMPATH/View/View.php(234): include('/home/mit/Web/Codeigniter-4/app/Views/inscription.php')
 3 SYSTEMPATH/View/View.php(237): CodeIgniter\View\View->CodeIgniter\View\{closure}()
 4 SYSTEMPATH/Common.php(1171): CodeIgniter\View\View->render()
 5 APPPATH/Controllers/Inscription.php(60): view()
 6 SYSTEMPATH/CodeIgniter.php(933): App\Controllers\Inscription->modify()
 7 SYSTEMPATH/CodeIgniter.php(509): CodeIgniter\CodeIgniter->runController()
 8 SYSTEMPATH/CodeIgniter.php(355): CodeIgniter\CodeIgniter->handleRequest()
 9 SYSTEMPATH/Boot.php(312): CodeIgniter\CodeIgniter->run()
10 SYSTEMPATH/Boot.php(67): CodeIgniter\Boot::runCodeIgniter()
11 FCPATH/index.php(56): CodeIgniter\Boot::bootWeb()
CRITICAL - 2024-04-25 12:18:33 --> ErrorException: Undefined array key 0
[Method: GET, Route: Inscription/modify/modify/21]
in APPPATH/Views/inscription.php on line 10.
 1 APPPATH/Views/inscription.php(10): CodeIgniter\Debug\Exceptions->errorHandler()
 2 SYSTEMPATH/View/View.php(234): include('/home/mit/Web/Codeigniter-4/app/Views/inscription.php')
 3 SYSTEMPATH/View/View.php(237): CodeIgniter\View\View->CodeIgniter\View\{closure}()
 4 SYSTEMPATH/Common.php(1171): CodeIgniter\View\View->render()
 5 APPPATH/Controllers/Inscription.php(60): view()
 6 SYSTEMPATH/CodeIgniter.php(933): App\Controllers\Inscription->modify()
 7 SYSTEMPATH/CodeIgniter.php(509): CodeIgniter\CodeIgniter->runController()
 8 SYSTEMPATH/CodeIgniter.php(355): CodeIgniter\CodeIgniter->handleRequest()
 9 SYSTEMPATH/Boot.php(312): CodeIgniter\CodeIgniter->run()
10 SYSTEMPATH/Boot.php(67): CodeIgniter\Boot::runCodeIgniter()
11 FCPATH/index.php(56): CodeIgniter\Boot::bootWeb()
CRITICAL - 2024-04-25 12:19:56 --> ErrorException: Undefined array key 0
[Method: GET, Route: Inscription/modify/modify/21]
in APPPATH/Views/inscription.php on line 10.
 1 APPPATH/Views/inscription.php(10): CodeIgniter\Debug\Exceptions->errorHandler()
 2 SYSTEMPATH/View/View.php(234): include('/home/mit/Web/Codeigniter-4/app/Views/inscription.php')
 3 SYSTEMPATH/View/View.php(237): CodeIgniter\View\View->CodeIgniter\View\{closure}()
 4 SYSTEMPATH/Common.php(1171): CodeIgniter\View\View->render()
 5 APPPATH/Controllers/Inscription.php(60): view()
 6 SYSTEMPATH/CodeIgniter.php(933): App\Controllers\Inscription->modify()
 7 SYSTEMPATH/CodeIgniter.php(509): CodeIgniter\CodeIgniter->runController()
 8 SYSTEMPATH/CodeIgniter.php(355): CodeIgniter\CodeIgniter->handleRequest()
 9 SYSTEMPATH/Boot.php(312): CodeIgniter\CodeIgniter->run()
10 SYSTEMPATH/Boot.php(67): CodeIgniter\Boot::runCodeIgniter()
11 FCPATH/index.php(56): CodeIgniter\Boot::bootWeb()
CRITICAL - 2024-04-25 12:33:52 --> TypeError: App\Controllers\Inscription::suppress(): Return value must be of type string, CodeIgniter\HTTP\RedirectResponse returned
[Method: GET, Route: Inscription/suppress/20]
in APPPATH/Controllers/Inscription.php on line 56.
 1 SYSTEMPATH/CodeIgniter.php(933): App\Controllers\Inscription->suppress()
 2 SYSTEMPATH/CodeIgniter.php(509): CodeIgniter\CodeIgniter->runController()
 3 SYSTEMPATH/CodeIgniter.php(355): CodeIgniter\CodeIgniter->handleRequest()
 4 SYSTEMPATH/Boot.php(312): CodeIgniter\CodeIgniter->run()
 5 SYSTEMPATH/Boot.php(67): CodeIgniter\Boot::runCodeIgniter()
 6 FCPATH/index.php(56): CodeIgniter\Boot::bootWeb()
CRITICAL - 2024-04-25 13:07:39 --> ErrorException: Undefined variable $i
[Method: GET, Route: Inscription/index]
in APPPATH/Controllers/Inscription.php on line 12.
 1 APPPATH/Controllers/Inscription.php(12): CodeIgniter\Debug\Exceptions->errorHandler()
 2 SYSTEMPATH/CodeIgniter.php(933): App\Controllers\Inscription->index()
 3 SYSTEMPATH/CodeIgniter.php(509): CodeIgniter\CodeIgniter->runController()
 4 SYSTEMPATH/CodeIgniter.php(355): CodeIgniter\CodeIgniter->handleRequest()
 5 SYSTEMPATH/Boot.php(312): CodeIgniter\CodeIgniter->run()
 6 SYSTEMPATH/Boot.php(67): CodeIgniter\Boot::runCodeIgniter()
 7 FCPATH/index.php(56): CodeIgniter\Boot::bootWeb()
