ERROR - 2024-04-24 15:38:28 --> Error connecting to the database: mysqli_sql_exception: Access denied for user 'root'@'localhost' in /home/mit/Web/Codeigniter-4/system/Database/MySQLi/Connection.php:186
Stack trace:
#0 /home/mit/Web/Codeigniter-4/system/Database/MySQLi/Connection.php(186): mysqli->real_connect()
#1 /home/mit/Web/Codeigniter-4/system/Database/BaseConnection.php(421): CodeIgniter\Database\MySQLi\Connection->connect()
#2 /home/mit/Web/Codeigniter-4/system/Database/BaseConnection.php(604): CodeIgniter\Database\BaseConnection->initialize()
#3 /home/mit/Web/Codeigniter-4/system/Database/BaseBuilder.php(2325): CodeIgniter\Database\BaseConnection->query()
#4 /home/mit/Web/Codeigniter-4/system/Model.php(383): CodeIgniter\Database\BaseBuilder->insert()
#5 /home/mit/Web/Codeigniter-4/system/BaseModel.php(840): CodeIgniter\Model->doInsert()
#6 /home/mit/Web/Codeigniter-4/system/Model.php(791): CodeIgniter\BaseModel->insert()
#7 /home/mit/Web/Codeigniter-4/app/Controllers/Inscription.php(24): CodeIgniter\Model->insert()
#8 /home/mit/Web/Codeigniter-4/system/CodeIgniter.php(933): App\Controllers\Inscription->inscrire()
#9 /home/mit/Web/Codeigniter-4/system/CodeIgniter.php(509): CodeIgniter\CodeIgniter->runController()
#10 /home/mit/Web/Codeigniter-4/system/CodeIgniter.php(355): CodeIgniter\CodeIgniter->handleRequest()
#11 /home/mit/Web/Codeigniter-4/system/Boot.php(312): CodeIgniter\CodeIgniter->run()
#12 /home/mit/Web/Codeigniter-4/system/Boot.php(67): CodeIgniter\Boot::runCodeIgniter()
#13 /home/mit/Web/Codeigniter-4/public/index.php(56): CodeIgniter\Boot::bootWeb()
#14 {main}

Next CodeIgniter\Database\Exceptions\DatabaseException: Access denied for user '****'@'localhost' in /home/mit/Web/Codeigniter-4/system/Database/MySQLi/Connection.php:231
Stack trace:
#0 /home/mit/Web/Codeigniter-4/system/Database/BaseConnection.php(421): CodeIgniter\Database\MySQLi\Connection->connect()
#1 /home/mit/Web/Codeigniter-4/system/Database/BaseConnection.php(604): CodeIgniter\Database\BaseConnection->initialize()
#2 /home/mit/Web/Codeigniter-4/system/Database/BaseBuilder.php(2325): CodeIgniter\Database\BaseConnection->query()
#3 /home/mit/Web/Codeigniter-4/system/Model.php(383): CodeIgniter\Database\BaseBuilder->insert()
#4 /home/mit/Web/Codeigniter-4/system/BaseModel.php(840): CodeIgniter\Model->doInsert()
#5 /home/mit/Web/Codeigniter-4/system/Model.php(791): CodeIgniter\BaseModel->insert()
#6 /home/mit/Web/Codeigniter-4/app/Controllers/Inscription.php(24): CodeIgniter\Model->insert()
#7 /home/mit/Web/Codeigniter-4/system/CodeIgniter.php(933): App\Controllers\Inscription->inscrire()
#8 /home/mit/Web/Codeigniter-4/system/CodeIgniter.php(509): CodeIgniter\CodeIgniter->runController()
#9 /home/mit/Web/Codeigniter-4/system/CodeIgniter.php(355): CodeIgniter\CodeIgniter->handleRequest()
#10 /home/mit/Web/Codeigniter-4/system/Boot.php(312): CodeIgniter\CodeIgniter->run()
#11 /home/mit/Web/Codeigniter-4/system/Boot.php(67): CodeIgniter\Boot::runCodeIgniter()
#12 /home/mit/Web/Codeigniter-4/public/index.php(56): CodeIgniter\Boot::bootWeb()
#13 {main}
CRITICAL - 2024-04-24 15:38:28 --> CodeIgniter\Database\Exceptions\DatabaseException: Unable to connect to the database.
Main connection [MySQLi]: Access denied for user '****'@'localhost'
[Method: GET, Route: Inscription/inscrire]
in SYSTEMPATH/Database/BaseConnection.php on line 457.
 1 SYSTEMPATH/Database/BaseConnection.php(604): CodeIgniter\Database\BaseConnection->initialize()
 2 SYSTEMPATH/Database/BaseBuilder.php(2325): CodeIgniter\Database\BaseConnection->query()
 3 SYSTEMPATH/Model.php(383): CodeIgniter\Database\BaseBuilder->insert()
 4 SYSTEMPATH/BaseModel.php(840): CodeIgniter\Model->doInsert()
 5 SYSTEMPATH/Model.php(791): CodeIgniter\BaseModel->insert()
 6 APPPATH/Controllers/Inscription.php(24): CodeIgniter\Model->insert()
 7 SYSTEMPATH/CodeIgniter.php(933): App\Controllers\Inscription->inscrire()
 8 SYSTEMPATH/CodeIgniter.php(509): CodeIgniter\CodeIgniter->runController()
 9 SYSTEMPATH/CodeIgniter.php(355): CodeIgniter\CodeIgniter->handleRequest()
10 SYSTEMPATH/Boot.php(312): CodeIgniter\CodeIgniter->run()
11 SYSTEMPATH/Boot.php(67): CodeIgniter\Boot::runCodeIgniter()
12 FCPATH/index.php(56): CodeIgniter\Boot::bootWeb()
ERROR - 2024-04-24 15:41:33 --> Error connecting to the database: mysqli_sql_exception: Access denied for user 'root'@'localhost' in /home/mit/Web/Codeigniter-4/system/Database/MySQLi/Connection.php:186
Stack trace:
#0 /home/mit/Web/Codeigniter-4/system/Database/MySQLi/Connection.php(186): mysqli->real_connect()
#1 /home/mit/Web/Codeigniter-4/system/Database/BaseConnection.php(421): CodeIgniter\Database\MySQLi\Connection->connect()
#2 /home/mit/Web/Codeigniter-4/system/Database/BaseConnection.php(604): CodeIgniter\Database\BaseConnection->initialize()
#3 /home/mit/Web/Codeigniter-4/system/Database/BaseBuilder.php(2325): CodeIgniter\Database\BaseConnection->query()
#4 /home/mit/Web/Codeigniter-4/system/Model.php(383): CodeIgniter\Database\BaseBuilder->insert()
#5 /home/mit/Web/Codeigniter-4/system/BaseModel.php(840): CodeIgniter\Model->doInsert()
#6 /home/mit/Web/Codeigniter-4/system/Model.php(791): CodeIgniter\BaseModel->insert()
#7 /home/mit/Web/Codeigniter-4/app/Controllers/Inscription.php(24): CodeIgniter\Model->insert()
#8 /home/mit/Web/Codeigniter-4/system/CodeIgniter.php(933): App\Controllers\Inscription->inscrire()
#9 /home/mit/Web/Codeigniter-4/system/CodeIgniter.php(509): CodeIgniter\CodeIgniter->runController()
#10 /home/mit/Web/Codeigniter-4/system/CodeIgniter.php(355): CodeIgniter\CodeIgniter->handleRequest()
#11 /home/mit/Web/Codeigniter-4/system/Boot.php(312): CodeIgniter\CodeIgniter->run()
#12 /home/mit/Web/Codeigniter-4/system/Boot.php(67): CodeIgniter\Boot::runCodeIgniter()
#13 /home/mit/Web/Codeigniter-4/public/index.php(56): CodeIgniter\Boot::bootWeb()
#14 {main}

Next CodeIgniter\Database\Exceptions\DatabaseException: Access denied for user '****'@'localhost' in /home/mit/Web/Codeigniter-4/system/Database/MySQLi/Connection.php:231
Stack trace:
#0 /home/mit/Web/Codeigniter-4/system/Database/BaseConnection.php(421): CodeIgniter\Database\MySQLi\Connection->connect()
#1 /home/mit/Web/Codeigniter-4/system/Database/BaseConnection.php(604): CodeIgniter\Database\BaseConnection->initialize()
#2 /home/mit/Web/Codeigniter-4/system/Database/BaseBuilder.php(2325): CodeIgniter\Database\BaseConnection->query()
#3 /home/mit/Web/Codeigniter-4/system/Model.php(383): CodeIgniter\Database\BaseBuilder->insert()
#4 /home/mit/Web/Codeigniter-4/system/BaseModel.php(840): CodeIgniter\Model->doInsert()
#5 /home/mit/Web/Codeigniter-4/system/Model.php(791): CodeIgniter\BaseModel->insert()
#6 /home/mit/Web/Codeigniter-4/app/Controllers/Inscription.php(24): CodeIgniter\Model->insert()
#7 /home/mit/Web/Codeigniter-4/system/CodeIgniter.php(933): App\Controllers\Inscription->inscrire()
#8 /home/mit/Web/Codeigniter-4/system/CodeIgniter.php(509): CodeIgniter\CodeIgniter->runController()
#9 /home/mit/Web/Codeigniter-4/system/CodeIgniter.php(355): CodeIgniter\CodeIgniter->handleRequest()
#10 /home/mit/Web/Codeigniter-4/system/Boot.php(312): CodeIgniter\CodeIgniter->run()
#11 /home/mit/Web/Codeigniter-4/system/Boot.php(67): CodeIgniter\Boot::runCodeIgniter()
#12 /home/mit/Web/Codeigniter-4/public/index.php(56): CodeIgniter\Boot::bootWeb()
#13 {main}
CRITICAL - 2024-04-24 15:41:33 --> CodeIgniter\Database\Exceptions\DatabaseException: Unable to connect to the database.
Main connection [MySQLi]: Access denied for user '****'@'localhost'
[Method: GET, Route: Inscription/inscrire]
in SYSTEMPATH/Database/BaseConnection.php on line 457.
 1 SYSTEMPATH/Database/BaseConnection.php(604): CodeIgniter\Database\BaseConnection->initialize()
 2 SYSTEMPATH/Database/BaseBuilder.php(2325): CodeIgniter\Database\BaseConnection->query()
 3 SYSTEMPATH/Model.php(383): CodeIgniter\Database\BaseBuilder->insert()
 4 SYSTEMPATH/BaseModel.php(840): CodeIgniter\Model->doInsert()
 5 SYSTEMPATH/Model.php(791): CodeIgniter\BaseModel->insert()
 6 APPPATH/Controllers/Inscription.php(24): CodeIgniter\Model->insert()
 7 SYSTEMPATH/CodeIgniter.php(933): App\Controllers\Inscription->inscrire()
 8 SYSTEMPATH/CodeIgniter.php(509): CodeIgniter\CodeIgniter->runController()
 9 SYSTEMPATH/CodeIgniter.php(355): CodeIgniter\CodeIgniter->handleRequest()
10 SYSTEMPATH/Boot.php(312): CodeIgniter\CodeIgniter->run()
11 SYSTEMPATH/Boot.php(67): CodeIgniter\Boot::runCodeIgniter()
12 FCPATH/index.php(56): CodeIgniter\Boot::bootWeb()
ERROR - 2024-04-24 15:41:40 --> Error connecting to the database: mysqli_sql_exception: Access denied for user 'root'@'localhost' in /home/mit/Web/Codeigniter-4/system/Database/MySQLi/Connection.php:186
Stack trace:
#0 /home/mit/Web/Codeigniter-4/system/Database/MySQLi/Connection.php(186): mysqli->real_connect()
#1 /home/mit/Web/Codeigniter-4/system/Database/BaseConnection.php(421): CodeIgniter\Database\MySQLi\Connection->connect()
#2 /home/mit/Web/Codeigniter-4/system/Database/BaseConnection.php(604): CodeIgniter\Database\BaseConnection->initialize()
#3 /home/mit/Web/Codeigniter-4/system/Database/BaseBuilder.php(2325): CodeIgniter\Database\BaseConnection->query()
#4 /home/mit/Web/Codeigniter-4/system/Model.php(383): CodeIgniter\Database\BaseBuilder->insert()
#5 /home/mit/Web/Codeigniter-4/system/BaseModel.php(840): CodeIgniter\Model->doInsert()
#6 /home/mit/Web/Codeigniter-4/system/Model.php(791): CodeIgniter\BaseModel->insert()
#7 /home/mit/Web/Codeigniter-4/app/Controllers/Inscription.php(24): CodeIgniter\Model->insert()
#8 /home/mit/Web/Codeigniter-4/system/CodeIgniter.php(933): App\Controllers\Inscription->inscrire()
#9 /home/mit/Web/Codeigniter-4/system/CodeIgniter.php(509): CodeIgniter\CodeIgniter->runController()
#10 /home/mit/Web/Codeigniter-4/system/CodeIgniter.php(355): CodeIgniter\CodeIgniter->handleRequest()
#11 /home/mit/Web/Codeigniter-4/system/Boot.php(312): CodeIgniter\CodeIgniter->run()
#12 /home/mit/Web/Codeigniter-4/system/Boot.php(67): CodeIgniter\Boot::runCodeIgniter()
#13 /home/mit/Web/Codeigniter-4/public/index.php(56): CodeIgniter\Boot::bootWeb()
#14 {main}

Next CodeIgniter\Database\Exceptions\DatabaseException: Access denied for user '****'@'localhost' in /home/mit/Web/Codeigniter-4/system/Database/MySQLi/Connection.php:231
Stack trace:
#0 /home/mit/Web/Codeigniter-4/system/Database/BaseConnection.php(421): CodeIgniter\Database\MySQLi\Connection->connect()
#1 /home/mit/Web/Codeigniter-4/system/Database/BaseConnection.php(604): CodeIgniter\Database\BaseConnection->initialize()
#2 /home/mit/Web/Codeigniter-4/system/Database/BaseBuilder.php(2325): CodeIgniter\Database\BaseConnection->query()
#3 /home/mit/Web/Codeigniter-4/system/Model.php(383): CodeIgniter\Database\BaseBuilder->insert()
#4 /home/mit/Web/Codeigniter-4/system/BaseModel.php(840): CodeIgniter\Model->doInsert()
#5 /home/mit/Web/Codeigniter-4/system/Model.php(791): CodeIgniter\BaseModel->insert()
#6 /home/mit/Web/Codeigniter-4/app/Controllers/Inscription.php(24): CodeIgniter\Model->insert()
#7 /home/mit/Web/Codeigniter-4/system/CodeIgniter.php(933): App\Controllers\Inscription->inscrire()
#8 /home/mit/Web/Codeigniter-4/system/CodeIgniter.php(509): CodeIgniter\CodeIgniter->runController()
#9 /home/mit/Web/Codeigniter-4/system/CodeIgniter.php(355): CodeIgniter\CodeIgniter->handleRequest()
#10 /home/mit/Web/Codeigniter-4/system/Boot.php(312): CodeIgniter\CodeIgniter->run()
#11 /home/mit/Web/Codeigniter-4/system/Boot.php(67): CodeIgniter\Boot::runCodeIgniter()
#12 /home/mit/Web/Codeigniter-4/public/index.php(56): CodeIgniter\Boot::bootWeb()
#13 {main}
CRITICAL - 2024-04-24 15:41:40 --> CodeIgniter\Database\Exceptions\DatabaseException: Unable to connect to the database.
Main connection [MySQLi]: Access denied for user '****'@'localhost'
[Method: GET, Route: Inscription/inscrire]
in SYSTEMPATH/Database/BaseConnection.php on line 457.
 1 SYSTEMPATH/Database/BaseConnection.php(604): CodeIgniter\Database\BaseConnection->initialize()
 2 SYSTEMPATH/Database/BaseBuilder.php(2325): CodeIgniter\Database\BaseConnection->query()
 3 SYSTEMPATH/Model.php(383): CodeIgniter\Database\BaseBuilder->insert()
 4 SYSTEMPATH/BaseModel.php(840): CodeIgniter\Model->doInsert()
 5 SYSTEMPATH/Model.php(791): CodeIgniter\BaseModel->insert()
 6 APPPATH/Controllers/Inscription.php(24): CodeIgniter\Model->insert()
 7 SYSTEMPATH/CodeIgniter.php(933): App\Controllers\Inscription->inscrire()
 8 SYSTEMPATH/CodeIgniter.php(509): CodeIgniter\CodeIgniter->runController()
 9 SYSTEMPATH/CodeIgniter.php(355): CodeIgniter\CodeIgniter->handleRequest()
10 SYSTEMPATH/Boot.php(312): CodeIgniter\CodeIgniter->run()
11 SYSTEMPATH/Boot.php(67): CodeIgniter\Boot::runCodeIgniter()
12 FCPATH/index.php(56): CodeIgniter\Boot::bootWeb()
ERROR - 2024-04-24 15:43:22 --> Error connecting to the database: mysqli_sql_exception: Access denied for user 'root'@'localhost' in /home/mit/Web/Codeigniter-4/system/Database/MySQLi/Connection.php:186
Stack trace:
#0 /home/mit/Web/Codeigniter-4/system/Database/MySQLi/Connection.php(186): mysqli->real_connect()
#1 /home/mit/Web/Codeigniter-4/system/Database/BaseConnection.php(421): CodeIgniter\Database\MySQLi\Connection->connect()
#2 /home/mit/Web/Codeigniter-4/system/Database/BaseConnection.php(604): CodeIgniter\Database\BaseConnection->initialize()
#3 /home/mit/Web/Codeigniter-4/system/Database/BaseBuilder.php(2325): CodeIgniter\Database\BaseConnection->query()
#4 /home/mit/Web/Codeigniter-4/system/Model.php(383): CodeIgniter\Database\BaseBuilder->insert()
#5 /home/mit/Web/Codeigniter-4/system/BaseModel.php(840): CodeIgniter\Model->doInsert()
#6 /home/mit/Web/Codeigniter-4/system/Model.php(791): CodeIgniter\BaseModel->insert()
#7 /home/mit/Web/Codeigniter-4/app/Controllers/Inscription.php(24): CodeIgniter\Model->insert()
#8 /home/mit/Web/Codeigniter-4/system/CodeIgniter.php(933): App\Controllers\Inscription->inscrire()
#9 /home/mit/Web/Codeigniter-4/system/CodeIgniter.php(509): CodeIgniter\CodeIgniter->runController()
#10 /home/mit/Web/Codeigniter-4/system/CodeIgniter.php(355): CodeIgniter\CodeIgniter->handleRequest()
#11 /home/mit/Web/Codeigniter-4/system/Boot.php(312): CodeIgniter\CodeIgniter->run()
#12 /home/mit/Web/Codeigniter-4/system/Boot.php(67): CodeIgniter\Boot::runCodeIgniter()
#13 /home/mit/Web/Codeigniter-4/public/index.php(56): CodeIgniter\Boot::bootWeb()
#14 {main}

Next CodeIgniter\Database\Exceptions\DatabaseException: Access denied for user '****'@'localhost' in /home/mit/Web/Codeigniter-4/system/Database/MySQLi/Connection.php:231
Stack trace:
#0 /home/mit/Web/Codeigniter-4/system/Database/BaseConnection.php(421): CodeIgniter\Database\MySQLi\Connection->connect()
#1 /home/mit/Web/Codeigniter-4/system/Database/BaseConnection.php(604): CodeIgniter\Database\BaseConnection->initialize()
#2 /home/mit/Web/Codeigniter-4/system/Database/BaseBuilder.php(2325): CodeIgniter\Database\BaseConnection->query()
#3 /home/mit/Web/Codeigniter-4/system/Model.php(383): CodeIgniter\Database\BaseBuilder->insert()
#4 /home/mit/Web/Codeigniter-4/system/BaseModel.php(840): CodeIgniter\Model->doInsert()
#5 /home/mit/Web/Codeigniter-4/system/Model.php(791): CodeIgniter\BaseModel->insert()
#6 /home/mit/Web/Codeigniter-4/app/Controllers/Inscription.php(24): CodeIgniter\Model->insert()
#7 /home/mit/Web/Codeigniter-4/system/CodeIgniter.php(933): App\Controllers\Inscription->inscrire()
#8 /home/mit/Web/Codeigniter-4/system/CodeIgniter.php(509): CodeIgniter\CodeIgniter->runController()
#9 /home/mit/Web/Codeigniter-4/system/CodeIgniter.php(355): CodeIgniter\CodeIgniter->handleRequest()
#10 /home/mit/Web/Codeigniter-4/system/Boot.php(312): CodeIgniter\CodeIgniter->run()
#11 /home/mit/Web/Codeigniter-4/system/Boot.php(67): CodeIgniter\Boot::runCodeIgniter()
#12 /home/mit/Web/Codeigniter-4/public/index.php(56): CodeIgniter\Boot::bootWeb()
#13 {main}
CRITICAL - 2024-04-24 15:43:22 --> CodeIgniter\Database\Exceptions\DatabaseException: Unable to connect to the database.
Main connection [MySQLi]: Access denied for user '****'@'localhost'
[Method: GET, Route: Inscription/inscrire]
in SYSTEMPATH/Database/BaseConnection.php on line 457.
 1 SYSTEMPATH/Database/BaseConnection.php(604): CodeIgniter\Database\BaseConnection->initialize()
 2 SYSTEMPATH/Database/BaseBuilder.php(2325): CodeIgniter\Database\BaseConnection->query()
 3 SYSTEMPATH/Model.php(383): CodeIgniter\Database\BaseBuilder->insert()
 4 SYSTEMPATH/BaseModel.php(840): CodeIgniter\Model->doInsert()
 5 SYSTEMPATH/Model.php(791): CodeIgniter\BaseModel->insert()
 6 APPPATH/Controllers/Inscription.php(24): CodeIgniter\Model->insert()
 7 SYSTEMPATH/CodeIgniter.php(933): App\Controllers\Inscription->inscrire()
 8 SYSTEMPATH/CodeIgniter.php(509): CodeIgniter\CodeIgniter->runController()
 9 SYSTEMPATH/CodeIgniter.php(355): CodeIgniter\CodeIgniter->handleRequest()
10 SYSTEMPATH/Boot.php(312): CodeIgniter\CodeIgniter->run()
11 SYSTEMPATH/Boot.php(67): CodeIgniter\Boot::runCodeIgniter()
12 FCPATH/index.php(56): CodeIgniter\Boot::bootWeb()
ERROR - 2024-04-24 15:46:17 --> Error connecting to the database: mysqli_sql_exception: Access denied for user 'root'@'localhost' in /home/mit/Web/Codeigniter-4/system/Database/MySQLi/Connection.php:186
Stack trace:
#0 /home/mit/Web/Codeigniter-4/system/Database/MySQLi/Connection.php(186): mysqli->real_connect()
#1 /home/mit/Web/Codeigniter-4/system/Database/BaseConnection.php(421): CodeIgniter\Database\MySQLi\Connection->connect()
#2 /home/mit/Web/Codeigniter-4/system/Database/BaseConnection.php(604): CodeIgniter\Database\BaseConnection->initialize()
#3 /home/mit/Web/Codeigniter-4/system/Database/BaseBuilder.php(2325): CodeIgniter\Database\BaseConnection->query()
#4 /home/mit/Web/Codeigniter-4/system/Model.php(383): CodeIgniter\Database\BaseBuilder->insert()
#5 /home/mit/Web/Codeigniter-4/system/BaseModel.php(840): CodeIgniter\Model->doInsert()
#6 /home/mit/Web/Codeigniter-4/system/Model.php(791): CodeIgniter\BaseModel->insert()
#7 /home/mit/Web/Codeigniter-4/app/Controllers/Inscription.php(24): CodeIgniter\Model->insert()
#8 /home/mit/Web/Codeigniter-4/system/CodeIgniter.php(933): App\Controllers\Inscription->inscrire()
#9 /home/mit/Web/Codeigniter-4/system/CodeIgniter.php(509): CodeIgniter\CodeIgniter->runController()
#10 /home/mit/Web/Codeigniter-4/system/CodeIgniter.php(355): CodeIgniter\CodeIgniter->handleRequest()
#11 /home/mit/Web/Codeigniter-4/system/Boot.php(312): CodeIgniter\CodeIgniter->run()
#12 /home/mit/Web/Codeigniter-4/system/Boot.php(67): CodeIgniter\Boot::runCodeIgniter()
#13 /home/mit/Web/Codeigniter-4/public/index.php(56): CodeIgniter\Boot::bootWeb()
#14 {main}

Next CodeIgniter\Database\Exceptions\DatabaseException: Access denied for user '****'@'localhost' in /home/mit/Web/Codeigniter-4/system/Database/MySQLi/Connection.php:231
Stack trace:
#0 /home/mit/Web/Codeigniter-4/system/Database/BaseConnection.php(421): CodeIgniter\Database\MySQLi\Connection->connect()
#1 /home/mit/Web/Codeigniter-4/system/Database/BaseConnection.php(604): CodeIgniter\Database\BaseConnection->initialize()
#2 /home/mit/Web/Codeigniter-4/system/Database/BaseBuilder.php(2325): CodeIgniter\Database\BaseConnection->query()
#3 /home/mit/Web/Codeigniter-4/system/Model.php(383): CodeIgniter\Database\BaseBuilder->insert()
#4 /home/mit/Web/Codeigniter-4/system/BaseModel.php(840): CodeIgniter\Model->doInsert()
#5 /home/mit/Web/Codeigniter-4/system/Model.php(791): CodeIgniter\BaseModel->insert()
#6 /home/mit/Web/Codeigniter-4/app/Controllers/Inscription.php(24): CodeIgniter\Model->insert()
#7 /home/mit/Web/Codeigniter-4/system/CodeIgniter.php(933): App\Controllers\Inscription->inscrire()
#8 /home/mit/Web/Codeigniter-4/system/CodeIgniter.php(509): CodeIgniter\CodeIgniter->runController()
#9 /home/mit/Web/Codeigniter-4/system/CodeIgniter.php(355): CodeIgniter\CodeIgniter->handleRequest()
#10 /home/mit/Web/Codeigniter-4/system/Boot.php(312): CodeIgniter\CodeIgniter->run()
#11 /home/mit/Web/Codeigniter-4/system/Boot.php(67): CodeIgniter\Boot::runCodeIgniter()
#12 /home/mit/Web/Codeigniter-4/public/index.php(56): CodeIgniter\Boot::bootWeb()
#13 {main}
CRITICAL - 2024-04-24 15:46:17 --> CodeIgniter\Database\Exceptions\DatabaseException: Unable to connect to the database.
Main connection [MySQLi]: Access denied for user '****'@'localhost'
[Method: GET, Route: Inscription/inscrire]
in SYSTEMPATH/Database/BaseConnection.php on line 457.
 1 SYSTEMPATH/Database/BaseConnection.php(604): CodeIgniter\Database\BaseConnection->initialize()
 2 SYSTEMPATH/Database/BaseBuilder.php(2325): CodeIgniter\Database\BaseConnection->query()
 3 SYSTEMPATH/Model.php(383): CodeIgniter\Database\BaseBuilder->insert()
 4 SYSTEMPATH/BaseModel.php(840): CodeIgniter\Model->doInsert()
 5 SYSTEMPATH/Model.php(791): CodeIgniter\BaseModel->insert()
 6 APPPATH/Controllers/Inscription.php(24): CodeIgniter\Model->insert()
 7 SYSTEMPATH/CodeIgniter.php(933): App\Controllers\Inscription->inscrire()
 8 SYSTEMPATH/CodeIgniter.php(509): CodeIgniter\CodeIgniter->runController()
 9 SYSTEMPATH/CodeIgniter.php(355): CodeIgniter\CodeIgniter->handleRequest()
10 SYSTEMPATH/Boot.php(312): CodeIgniter\CodeIgniter->run()
11 SYSTEMPATH/Boot.php(67): CodeIgniter\Boot::runCodeIgniter()
12 FCPATH/index.php(56): CodeIgniter\Boot::bootWeb()
