WARNING - 2024-05-04 04:14:11 --> [DEPRECATED] explode(): Passing null to parameter #2 ($string) of type string is deprecated in APPPATH/Controllers/Auth.php on line 46.
 1 APPPATH/Controllers/Auth.php(46): explode('i', null)
 2 SYSTEMPATH/CodeIgniter.php(933): App\Controllers\Auth->connected('0')
 3 SYSTEMPATH/CodeIgniter.php(509): CodeIgniter\CodeIgniter->runController(Object(App\Controllers\Auth))
 4 SYSTEMPATH/CodeIgniter.php(355): CodeIgniter\CodeIgniter->handleRequest(null, Object(Config\Cache), false)
 5 SYSTEMPATH/Boot.php(312): CodeIgniter\CodeIgniter->run()
 6 SYSTEMPATH/Boot.php(67): CodeIgniter\Boot::runCodeIgniter(Object(CodeIgniter\CodeIgniter))
 7 FCPATH/index.php(56): CodeIgniter\Boot::bootWeb(Object(Config\Paths))
ERROR - 2024-05-04 04:14:11 --> mysqli_sql_exception: Table 'project.dhcp' doesn't exist in /home/faneva/AuthLog_Codeigniter/Projet/system/Database/MySQLi/Connection.php:308
Stack trace:
#0 /home/faneva/AuthLog_Codeigniter/Projet/system/Database/MySQLi/Connection.php(308): mysqli->query()
#1 /home/faneva/AuthLog_Codeigniter/Projet/system/Database/BaseConnection.php(722): CodeIgniter\Database\MySQLi\Connection->execute()
#2 /home/faneva/AuthLog_Codeigniter/Projet/system/Database/BaseConnection.php(636): CodeIgniter\Database\BaseConnection->simpleQuery()
#3 /home/faneva/AuthLog_Codeigniter/Projet/system/Database/BaseBuilder.php(1713): CodeIgniter\Database\BaseConnection->query()
#4 /home/faneva/AuthLog_Codeigniter/Projet/system/Model.php(667): CodeIgniter\Database\BaseBuilder->countAllResults()
#5 /home/faneva/AuthLog_Codeigniter/Projet/system/BaseModel.php(1284): CodeIgniter\Model->countAllResults()
#6 /home/faneva/AuthLog_Codeigniter/Projet/app/Controllers/Auth.php(60): CodeIgniter\BaseModel->paginate()
#7 /home/faneva/AuthLog_Codeigniter/Projet/system/CodeIgniter.php(933): App\Controllers\Auth->connected()
#8 /home/faneva/AuthLog_Codeigniter/Projet/system/CodeIgniter.php(509): CodeIgniter\CodeIgniter->runController()
#9 /home/faneva/AuthLog_Codeigniter/Projet/system/CodeIgniter.php(355): CodeIgniter\CodeIgniter->handleRequest()
#10 /home/faneva/AuthLog_Codeigniter/Projet/system/Boot.php(312): CodeIgniter\CodeIgniter->run()
#11 /home/faneva/AuthLog_Codeigniter/Projet/system/Boot.php(67): CodeIgniter\Boot::runCodeIgniter()
#12 /home/faneva/AuthLog_Codeigniter/Projet/public/index.php(56): CodeIgniter\Boot::bootWeb()
#13 {main}
CRITICAL - 2024-05-04 04:14:11 --> CodeIgniter\Database\Exceptions\DatabaseException: Table 'project.dhcp' doesn't exist
[Method: GET, Route: Connected]
in SYSTEMPATH/Database/BaseConnection.php on line 676.
 1 SYSTEMPATH/Database/BaseBuilder.php(1713): CodeIgniter\Database\BaseConnection->query()
 2 SYSTEMPATH/Model.php(667): CodeIgniter\Database\BaseBuilder->countAllResults()
 3 SYSTEMPATH/BaseModel.php(1284): CodeIgniter\Model->countAllResults()
 4 APPPATH/Controllers/Auth.php(60): CodeIgniter\BaseModel->paginate()
 5 SYSTEMPATH/CodeIgniter.php(933): App\Controllers\Auth->connected()
 6 SYSTEMPATH/CodeIgniter.php(509): CodeIgniter\CodeIgniter->runController()
 7 SYSTEMPATH/CodeIgniter.php(355): CodeIgniter\CodeIgniter->handleRequest()
 8 SYSTEMPATH/Boot.php(312): CodeIgniter\CodeIgniter->run()
 9 SYSTEMPATH/Boot.php(67): CodeIgniter\Boot::runCodeIgniter()
10 FCPATH/index.php(56): CodeIgniter\Boot::bootWeb()
CRITICAL - 2024-05-04 04:14:11 --> [Caused by] CodeIgniter\Database\Exceptions\DatabaseException: Table 'project.dhcp' doesn't exist
in SYSTEMPATH/Database/MySQLi/Connection.php on line 313.
 1 SYSTEMPATH/Database/BaseConnection.php(722): CodeIgniter\Database\MySQLi\Connection->execute()
 2 SYSTEMPATH/Database/BaseConnection.php(636): CodeIgniter\Database\BaseConnection->simpleQuery()
 3 SYSTEMPATH/Database/BaseBuilder.php(1713): CodeIgniter\Database\BaseConnection->query()
 4 SYSTEMPATH/Model.php(667): CodeIgniter\Database\BaseBuilder->countAllResults()
 5 SYSTEMPATH/BaseModel.php(1284): CodeIgniter\Model->countAllResults()
 6 APPPATH/Controllers/Auth.php(60): CodeIgniter\BaseModel->paginate()
 7 SYSTEMPATH/CodeIgniter.php(933): App\Controllers\Auth->connected()
 8 SYSTEMPATH/CodeIgniter.php(509): CodeIgniter\CodeIgniter->runController()
 9 SYSTEMPATH/CodeIgniter.php(355): CodeIgniter\CodeIgniter->handleRequest()
10 SYSTEMPATH/Boot.php(312): CodeIgniter\CodeIgniter->run()
11 SYSTEMPATH/Boot.php(67): CodeIgniter\Boot::runCodeIgniter()
12 FCPATH/index.php(56): CodeIgniter\Boot::bootWeb()
CRITICAL - 2024-05-04 04:14:11 --> [Caused by] mysqli_sql_exception: Table 'project.dhcp' doesn't exist
in SYSTEMPATH/Database/MySQLi/Connection.php on line 308.
 1 SYSTEMPATH/Database/MySQLi/Connection.php(308): mysqli->query()
 2 SYSTEMPATH/Database/BaseConnection.php(722): CodeIgniter\Database\MySQLi\Connection->execute()
 3 SYSTEMPATH/Database/BaseConnection.php(636): CodeIgniter\Database\BaseConnection->simpleQuery()
 4 SYSTEMPATH/Database/BaseBuilder.php(1713): CodeIgniter\Database\BaseConnection->query()
 5 SYSTEMPATH/Model.php(667): CodeIgniter\Database\BaseBuilder->countAllResults()
 6 SYSTEMPATH/BaseModel.php(1284): CodeIgniter\Model->countAllResults()
 7 APPPATH/Controllers/Auth.php(60): CodeIgniter\BaseModel->paginate()
 8 SYSTEMPATH/CodeIgniter.php(933): App\Controllers\Auth->connected()
 9 SYSTEMPATH/CodeIgniter.php(509): CodeIgniter\CodeIgniter->runController()
10 SYSTEMPATH/CodeIgniter.php(355): CodeIgniter\CodeIgniter->handleRequest()
11 SYSTEMPATH/Boot.php(312): CodeIgniter\CodeIgniter->run()
12 SYSTEMPATH/Boot.php(67): CodeIgniter\Boot::runCodeIgniter()
13 FCPATH/index.php(56): CodeIgniter\Boot::bootWeb()
CRITICAL - 2024-05-04 04:42:02 --> ErrorException: fopen(/var/log/auth.log): Failed to open stream: Permission denied
[Method: GET, Route: Auth/actualize]
in APPPATH/Controllers/Auth.php on line 82.
 1 [internal function]: CodeIgniter\Debug\Exceptions->errorHandler()
 2 APPPATH/Controllers/Auth.php(82): fopen()
 3 SYSTEMPATH/CodeIgniter.php(933): App\Controllers\Auth->actualize()
 4 SYSTEMPATH/CodeIgniter.php(509): CodeIgniter\CodeIgniter->runController()
 5 SYSTEMPATH/CodeIgniter.php(355): CodeIgniter\CodeIgniter->handleRequest()
 6 SYSTEMPATH/Boot.php(312): CodeIgniter\CodeIgniter->run()
 7 SYSTEMPATH/Boot.php(67): CodeIgniter\Boot::runCodeIgniter()
 8 FCPATH/index.php(56): CodeIgniter\Boot::bootWeb()
WARNING - 2024-05-04 06:05:01 --> [DEPRECATED] explode(): Passing null to parameter #2 ($string) of type string is deprecated in APPPATH/Controllers/Auth.php on line 46.
 1 APPPATH/Controllers/Auth.php(46): explode('i', null)
 2 SYSTEMPATH/CodeIgniter.php(933): App\Controllers\Auth->connected('0')
 3 SYSTEMPATH/CodeIgniter.php(509): CodeIgniter\CodeIgniter->runController(Object(App\Controllers\Auth))
 4 SYSTEMPATH/CodeIgniter.php(355): CodeIgniter\CodeIgniter->handleRequest(null, Object(Config\Cache), false)
 5 SYSTEMPATH/Boot.php(312): CodeIgniter\CodeIgniter->run()
 6 SYSTEMPATH/Boot.php(67): CodeIgniter\Boot::runCodeIgniter(Object(CodeIgniter\CodeIgniter))
 7 FCPATH/index.php(56): CodeIgniter\Boot::bootWeb(Object(Config\Paths))
ERROR - 2024-05-04 06:05:01 --> mysqli_sql_exception: Table 'project.dhcp' doesn't exist in /home/faneva/AuthLog_Codeigniter/Projet/system/Database/MySQLi/Connection.php:308
Stack trace:
#0 /home/faneva/AuthLog_Codeigniter/Projet/system/Database/MySQLi/Connection.php(308): mysqli->query()
#1 /home/faneva/AuthLog_Codeigniter/Projet/system/Database/BaseConnection.php(722): CodeIgniter\Database\MySQLi\Connection->execute()
#2 /home/faneva/AuthLog_Codeigniter/Projet/system/Database/BaseConnection.php(636): CodeIgniter\Database\BaseConnection->simpleQuery()
#3 /home/faneva/AuthLog_Codeigniter/Projet/system/Database/BaseBuilder.php(1713): CodeIgniter\Database\BaseConnection->query()
#4 /home/faneva/AuthLog_Codeigniter/Projet/system/Model.php(667): CodeIgniter\Database\BaseBuilder->countAllResults()
#5 /home/faneva/AuthLog_Codeigniter/Projet/system/BaseModel.php(1284): CodeIgniter\Model->countAllResults()
#6 /home/faneva/AuthLog_Codeigniter/Projet/app/Controllers/Auth.php(60): CodeIgniter\BaseModel->paginate()
#7 /home/faneva/AuthLog_Codeigniter/Projet/system/CodeIgniter.php(933): App\Controllers\Auth->connected()
#8 /home/faneva/AuthLog_Codeigniter/Projet/system/CodeIgniter.php(509): CodeIgniter\CodeIgniter->runController()
#9 /home/faneva/AuthLog_Codeigniter/Projet/system/CodeIgniter.php(355): CodeIgniter\CodeIgniter->handleRequest()
#10 /home/faneva/AuthLog_Codeigniter/Projet/system/Boot.php(312): CodeIgniter\CodeIgniter->run()
#11 /home/faneva/AuthLog_Codeigniter/Projet/system/Boot.php(67): CodeIgniter\Boot::runCodeIgniter()
#12 /home/faneva/AuthLog_Codeigniter/Projet/public/index.php(56): CodeIgniter\Boot::bootWeb()
#13 {main}
CRITICAL - 2024-05-04 06:05:01 --> CodeIgniter\Database\Exceptions\DatabaseException: Table 'project.dhcp' doesn't exist
[Method: GET, Route: Connected]
in SYSTEMPATH/Database/BaseConnection.php on line 676.
 1 SYSTEMPATH/Database/BaseBuilder.php(1713): CodeIgniter\Database\BaseConnection->query()
 2 SYSTEMPATH/Model.php(667): CodeIgniter\Database\BaseBuilder->countAllResults()
 3 SYSTEMPATH/BaseModel.php(1284): CodeIgniter\Model->countAllResults()
 4 APPPATH/Controllers/Auth.php(60): CodeIgniter\BaseModel->paginate()
 5 SYSTEMPATH/CodeIgniter.php(933): App\Controllers\Auth->connected()
 6 SYSTEMPATH/CodeIgniter.php(509): CodeIgniter\CodeIgniter->runController()
 7 SYSTEMPATH/CodeIgniter.php(355): CodeIgniter\CodeIgniter->handleRequest()
 8 SYSTEMPATH/Boot.php(312): CodeIgniter\CodeIgniter->run()
 9 SYSTEMPATH/Boot.php(67): CodeIgniter\Boot::runCodeIgniter()
10 FCPATH/index.php(56): CodeIgniter\Boot::bootWeb()
CRITICAL - 2024-05-04 06:05:01 --> [Caused by] CodeIgniter\Database\Exceptions\DatabaseException: Table 'project.dhcp' doesn't exist
in SYSTEMPATH/Database/MySQLi/Connection.php on line 313.
 1 SYSTEMPATH/Database/BaseConnection.php(722): CodeIgniter\Database\MySQLi\Connection->execute()
 2 SYSTEMPATH/Database/BaseConnection.php(636): CodeIgniter\Database\BaseConnection->simpleQuery()
 3 SYSTEMPATH/Database/BaseBuilder.php(1713): CodeIgniter\Database\BaseConnection->query()
 4 SYSTEMPATH/Model.php(667): CodeIgniter\Database\BaseBuilder->countAllResults()
 5 SYSTEMPATH/BaseModel.php(1284): CodeIgniter\Model->countAllResults()
 6 APPPATH/Controllers/Auth.php(60): CodeIgniter\BaseModel->paginate()
 7 SYSTEMPATH/CodeIgniter.php(933): App\Controllers\Auth->connected()
 8 SYSTEMPATH/CodeIgniter.php(509): CodeIgniter\CodeIgniter->runController()
 9 SYSTEMPATH/CodeIgniter.php(355): CodeIgniter\CodeIgniter->handleRequest()
10 SYSTEMPATH/Boot.php(312): CodeIgniter\CodeIgniter->run()
11 SYSTEMPATH/Boot.php(67): CodeIgniter\Boot::runCodeIgniter()
12 FCPATH/index.php(56): CodeIgniter\Boot::bootWeb()
CRITICAL - 2024-05-04 06:05:01 --> [Caused by] mysqli_sql_exception: Table 'project.dhcp' doesn't exist
in SYSTEMPATH/Database/MySQLi/Connection.php on line 308.
 1 SYSTEMPATH/Database/MySQLi/Connection.php(308): mysqli->query()
 2 SYSTEMPATH/Database/BaseConnection.php(722): CodeIgniter\Database\MySQLi\Connection->execute()
 3 SYSTEMPATH/Database/BaseConnection.php(636): CodeIgniter\Database\BaseConnection->simpleQuery()
 4 SYSTEMPATH/Database/BaseBuilder.php(1713): CodeIgniter\Database\BaseConnection->query()
 5 SYSTEMPATH/Model.php(667): CodeIgniter\Database\BaseBuilder->countAllResults()
 6 SYSTEMPATH/BaseModel.php(1284): CodeIgniter\Model->countAllResults()
 7 APPPATH/Controllers/Auth.php(60): CodeIgniter\BaseModel->paginate()
 8 SYSTEMPATH/CodeIgniter.php(933): App\Controllers\Auth->connected()
 9 SYSTEMPATH/CodeIgniter.php(509): CodeIgniter\CodeIgniter->runController()
10 SYSTEMPATH/CodeIgniter.php(355): CodeIgniter\CodeIgniter->handleRequest()
11 SYSTEMPATH/Boot.php(312): CodeIgniter\CodeIgniter->run()
12 SYSTEMPATH/Boot.php(67): CodeIgniter\Boot::runCodeIgniter()
13 FCPATH/index.php(56): CodeIgniter\Boot::bootWeb()
