ERROR - 2024-05-07 04:29:09 --> Error connecting to the database: mysqli_sql_exception: Access denied for user 'faneva'@'localhost' (using password: YES) in /home/mit/Web/Projet/system/Database/MySQLi/Connection.php:186
Stack trace:
#0 /home/mit/Web/Projet/system/Database/MySQLi/Connection.php(186): mysqli->real_connect()
#1 /home/mit/Web/Projet/system/Database/BaseConnection.php(421): CodeIgniter\Database\MySQLi\Connection->connect()
#2 /home/mit/Web/Projet/system/Database/BaseConnection.php(604): CodeIgniter\Database\BaseConnection->initialize()
#3 /home/mit/Web/Projet/system/Database/BaseBuilder.php(1713): CodeIgniter\Database\BaseConnection->query()
#4 /home/mit/Web/Projet/system/Model.php(667): CodeIgniter\Database\BaseBuilder->countAllResults()
#5 /home/mit/Web/Projet/system/BaseModel.php(1284): CodeIgniter\Model->countAllResults()
#6 /home/mit/Web/Projet/app/Controllers/Auth.php(30): CodeIgniter\BaseModel->paginate()
#7 /home/mit/Web/Projet/system/CodeIgniter.php(933): App\Controllers\Auth->index()
#8 /home/mit/Web/Projet/system/CodeIgniter.php(509): CodeIgniter\CodeIgniter->runController()
#9 /home/mit/Web/Projet/system/CodeIgniter.php(355): CodeIgniter\CodeIgniter->handleRequest()
#10 /home/mit/Web/Projet/system/Boot.php(312): CodeIgniter\CodeIgniter->run()
#11 /home/mit/Web/Projet/system/Boot.php(67): CodeIgniter\Boot::runCodeIgniter()
#12 /home/mit/Web/Projet/public/index.php(56): CodeIgniter\Boot::bootWeb()
#13 {main}

Next CodeIgniter\Database\Exceptions\DatabaseException: Access denied for user '****'@'localhost' (using password: YES) in /home/mit/Web/Projet/system/Database/MySQLi/Connection.php:231
Stack trace:
#0 /home/mit/Web/Projet/system/Database/BaseConnection.php(421): CodeIgniter\Database\MySQLi\Connection->connect()
#1 /home/mit/Web/Projet/system/Database/BaseConnection.php(604): CodeIgniter\Database\BaseConnection->initialize()
#2 /home/mit/Web/Projet/system/Database/BaseBuilder.php(1713): CodeIgniter\Database\BaseConnection->query()
#3 /home/mit/Web/Projet/system/Model.php(667): CodeIgniter\Database\BaseBuilder->countAllResults()
#4 /home/mit/Web/Projet/system/BaseModel.php(1284): CodeIgniter\Model->countAllResults()
#5 /home/mit/Web/Projet/app/Controllers/Auth.php(30): CodeIgniter\BaseModel->paginate()
#6 /home/mit/Web/Projet/system/CodeIgniter.php(933): App\Controllers\Auth->index()
#7 /home/mit/Web/Projet/system/CodeIgniter.php(509): CodeIgniter\CodeIgniter->runController()
#8 /home/mit/Web/Projet/system/CodeIgniter.php(355): CodeIgniter\CodeIgniter->handleRequest()
#9 /home/mit/Web/Projet/system/Boot.php(312): CodeIgniter\CodeIgniter->run()
#10 /home/mit/Web/Projet/system/Boot.php(67): CodeIgniter\Boot::runCodeIgniter()
#11 /home/mit/Web/Projet/public/index.php(56): CodeIgniter\Boot::bootWeb()
#12 {main}
CRITICAL - 2024-05-07 04:29:09 --> CodeIgniter\Database\Exceptions\DatabaseException: Unable to connect to the database.
Main connection [MySQLi]: Access denied for user '****'@'localhost' (using password: YES)
[Method: GET, Route: /]
in SYSTEMPATH/Database/BaseConnection.php on line 457.
 1 SYSTEMPATH/Database/BaseConnection.php(604): CodeIgniter\Database\BaseConnection->initialize()
 2 SYSTEMPATH/Database/BaseBuilder.php(1713): CodeIgniter\Database\BaseConnection->query()
 3 SYSTEMPATH/Model.php(667): CodeIgniter\Database\BaseBuilder->countAllResults()
 4 SYSTEMPATH/BaseModel.php(1284): CodeIgniter\Model->countAllResults()
 5 APPPATH/Controllers/Auth.php(30): CodeIgniter\BaseModel->paginate()
 6 SYSTEMPATH/CodeIgniter.php(933): App\Controllers\Auth->index()
 7 SYSTEMPATH/CodeIgniter.php(509): CodeIgniter\CodeIgniter->runController()
 8 SYSTEMPATH/CodeIgniter.php(355): CodeIgniter\CodeIgniter->handleRequest()
 9 SYSTEMPATH/Boot.php(312): CodeIgniter\CodeIgniter->run()
10 SYSTEMPATH/Boot.php(67): CodeIgniter\Boot::runCodeIgniter()
11 FCPATH/index.php(56): CodeIgniter\Boot::bootWeb()
ERROR - 2024-05-07 04:29:11 --> Error connecting to the database: mysqli_sql_exception: Access denied for user 'faneva'@'localhost' (using password: YES) in /home/mit/Web/Projet/system/Database/MySQLi/Connection.php:186
Stack trace:
#0 /home/mit/Web/Projet/system/Database/MySQLi/Connection.php(186): mysqli->real_connect()
#1 /home/mit/Web/Projet/system/Database/BaseConnection.php(421): CodeIgniter\Database\MySQLi\Connection->connect()
#2 /home/mit/Web/Projet/system/Database/BaseConnection.php(604): CodeIgniter\Database\BaseConnection->initialize()
#3 /home/mit/Web/Projet/system/Database/BaseBuilder.php(1713): CodeIgniter\Database\BaseConnection->query()
#4 /home/mit/Web/Projet/system/Model.php(667): CodeIgniter\Database\BaseBuilder->countAllResults()
#5 /home/mit/Web/Projet/system/BaseModel.php(1284): CodeIgniter\Model->countAllResults()
#6 /home/mit/Web/Projet/app/Controllers/Auth.php(30): CodeIgniter\BaseModel->paginate()
#7 /home/mit/Web/Projet/system/CodeIgniter.php(933): App\Controllers\Auth->index()
#8 /home/mit/Web/Projet/system/CodeIgniter.php(509): CodeIgniter\CodeIgniter->runController()
#9 /home/mit/Web/Projet/system/CodeIgniter.php(355): CodeIgniter\CodeIgniter->handleRequest()
#10 /home/mit/Web/Projet/system/Boot.php(312): CodeIgniter\CodeIgniter->run()
#11 /home/mit/Web/Projet/system/Boot.php(67): CodeIgniter\Boot::runCodeIgniter()
#12 /home/mit/Web/Projet/public/index.php(56): CodeIgniter\Boot::bootWeb()
#13 {main}

Next CodeIgniter\Database\Exceptions\DatabaseException: Access denied for user '****'@'localhost' (using password: YES) in /home/mit/Web/Projet/system/Database/MySQLi/Connection.php:231
Stack trace:
#0 /home/mit/Web/Projet/system/Database/BaseConnection.php(421): CodeIgniter\Database\MySQLi\Connection->connect()
#1 /home/mit/Web/Projet/system/Database/BaseConnection.php(604): CodeIgniter\Database\BaseConnection->initialize()
#2 /home/mit/Web/Projet/system/Database/BaseBuilder.php(1713): CodeIgniter\Database\BaseConnection->query()
#3 /home/mit/Web/Projet/system/Model.php(667): CodeIgniter\Database\BaseBuilder->countAllResults()
#4 /home/mit/Web/Projet/system/BaseModel.php(1284): CodeIgniter\Model->countAllResults()
#5 /home/mit/Web/Projet/app/Controllers/Auth.php(30): CodeIgniter\BaseModel->paginate()
#6 /home/mit/Web/Projet/system/CodeIgniter.php(933): App\Controllers\Auth->index()
#7 /home/mit/Web/Projet/system/CodeIgniter.php(509): CodeIgniter\CodeIgniter->runController()
#8 /home/mit/Web/Projet/system/CodeIgniter.php(355): CodeIgniter\CodeIgniter->handleRequest()
#9 /home/mit/Web/Projet/system/Boot.php(312): CodeIgniter\CodeIgniter->run()
#10 /home/mit/Web/Projet/system/Boot.php(67): CodeIgniter\Boot::runCodeIgniter()
#11 /home/mit/Web/Projet/public/index.php(56): CodeIgniter\Boot::bootWeb()
#12 {main}
CRITICAL - 2024-05-07 04:29:11 --> CodeIgniter\Database\Exceptions\DatabaseException: Unable to connect to the database.
Main connection [MySQLi]: Access denied for user '****'@'localhost' (using password: YES)
[Method: GET, Route: /]
in SYSTEMPATH/Database/BaseConnection.php on line 457.
 1 SYSTEMPATH/Database/BaseConnection.php(604): CodeIgniter\Database\BaseConnection->initialize()
 2 SYSTEMPATH/Database/BaseBuilder.php(1713): CodeIgniter\Database\BaseConnection->query()
 3 SYSTEMPATH/Model.php(667): CodeIgniter\Database\BaseBuilder->countAllResults()
 4 SYSTEMPATH/BaseModel.php(1284): CodeIgniter\Model->countAllResults()
 5 APPPATH/Controllers/Auth.php(30): CodeIgniter\BaseModel->paginate()
 6 SYSTEMPATH/CodeIgniter.php(933): App\Controllers\Auth->index()
 7 SYSTEMPATH/CodeIgniter.php(509): CodeIgniter\CodeIgniter->runController()
 8 SYSTEMPATH/CodeIgniter.php(355): CodeIgniter\CodeIgniter->handleRequest()
 9 SYSTEMPATH/Boot.php(312): CodeIgniter\CodeIgniter->run()
10 SYSTEMPATH/Boot.php(67): CodeIgniter\Boot::runCodeIgniter()
11 FCPATH/index.php(56): CodeIgniter\Boot::bootWeb()
CRITICAL - 2024-05-07 04:30:04 --> ErrorException: Undefined property: CodeIgniter\Database\MySQLi\Builder::$distinct
[Method: GET, Route: Dashboard]
in APPPATH/Models/AuthLog.php on line 20.
 1 APPPATH/Models/AuthLog.php(20): CodeIgniter\Debug\Exceptions->errorHandler()
 2 APPPATH/Controllers/Auth.php(198): App\Models\AuthLog->getConnected()
 3 SYSTEMPATH/CodeIgniter.php(933): App\Controllers\Auth->generateChart()
 4 SYSTEMPATH/CodeIgniter.php(509): CodeIgniter\CodeIgniter->runController()
 5 SYSTEMPATH/CodeIgniter.php(355): CodeIgniter\CodeIgniter->handleRequest()
 6 SYSTEMPATH/Boot.php(312): CodeIgniter\CodeIgniter->run()
 7 SYSTEMPATH/Boot.php(67): CodeIgniter\Boot::runCodeIgniter()
 8 FCPATH/index.php(56): CodeIgniter\Boot::bootWeb()
CRITICAL - 2024-05-07 05:14:12 --> ErrorException: Undefined array key "month"
[Method: GET, Route: Auth/personnalStat]
in APPPATH/Controllers/Auth.php on line 214.
 1 APPPATH/Controllers/Auth.php(214): CodeIgniter\Debug\Exceptions->errorHandler()
 2 SYSTEMPATH/CodeIgniter.php(933): App\Controllers\Auth->personnalStat()
 3 SYSTEMPATH/CodeIgniter.php(509): CodeIgniter\CodeIgniter->runController()
 4 SYSTEMPATH/CodeIgniter.php(355): CodeIgniter\CodeIgniter->handleRequest()
 5 SYSTEMPATH/Boot.php(312): CodeIgniter\CodeIgniter->run()
 6 SYSTEMPATH/Boot.php(67): CodeIgniter\Boot::runCodeIgniter()
 7 FCPATH/index.php(56): CodeIgniter\Boot::bootWeb()
CRITICAL - 2024-05-07 05:16:40 --> ErrorException: Undefined array key "month"
[Method: GET, Route: Auth/personnalStat]
in APPPATH/Controllers/Auth.php on line 215.
 1 APPPATH/Controllers/Auth.php(215): CodeIgniter\Debug\Exceptions->errorHandler()
 2 SYSTEMPATH/CodeIgniter.php(933): App\Controllers\Auth->personnalStat()
 3 SYSTEMPATH/CodeIgniter.php(509): CodeIgniter\CodeIgniter->runController()
 4 SYSTEMPATH/CodeIgniter.php(355): CodeIgniter\CodeIgniter->handleRequest()
 5 SYSTEMPATH/Boot.php(312): CodeIgniter\CodeIgniter->run()
 6 SYSTEMPATH/Boot.php(67): CodeIgniter\Boot::runCodeIgniter()
 7 FCPATH/index.php(56): CodeIgniter\Boot::bootWeb()
CRITICAL - 2024-05-07 05:17:44 --> ErrorException: Undefined variable $5
[Method: GET, Route: Auth/personnalStat]
in APPPATH/Controllers/Auth.php on line 223.
 1 APPPATH/Controllers/Auth.php(223): CodeIgniter\Debug\Exceptions->errorHandler()
 2 SYSTEMPATH/CodeIgniter.php(933): App\Controllers\Auth->personnalStat()
 3 SYSTEMPATH/CodeIgniter.php(509): CodeIgniter\CodeIgniter->runController()
 4 SYSTEMPATH/CodeIgniter.php(355): CodeIgniter\CodeIgniter->handleRequest()
 5 SYSTEMPATH/Boot.php(312): CodeIgniter\CodeIgniter->run()
 6 SYSTEMPATH/Boot.php(67): CodeIgniter\Boot::runCodeIgniter()
 7 FCPATH/index.php(56): CodeIgniter\Boot::bootWeb()
CRITICAL - 2024-05-07 05:17:46 --> ErrorException: Undefined variable $5
[Method: GET, Route: Auth/personnalStat]
in APPPATH/Controllers/Auth.php on line 223.
 1 APPPATH/Controllers/Auth.php(223): CodeIgniter\Debug\Exceptions->errorHandler()
 2 SYSTEMPATH/CodeIgniter.php(933): App\Controllers\Auth->personnalStat()
 3 SYSTEMPATH/CodeIgniter.php(509): CodeIgniter\CodeIgniter->runController()
 4 SYSTEMPATH/CodeIgniter.php(355): CodeIgniter\CodeIgniter->handleRequest()
 5 SYSTEMPATH/Boot.php(312): CodeIgniter\CodeIgniter->run()
 6 SYSTEMPATH/Boot.php(67): CodeIgniter\Boot::runCodeIgniter()
 7 FCPATH/index.php(56): CodeIgniter\Boot::bootWeb()
CRITICAL - 2024-05-07 05:17:56 --> Error: Call to undefined method App\Controllers\Auth::select()
[Method: GET, Route: Auth/personnalStat]
in APPPATH/Controllers/Auth.php on line 226.
 1 SYSTEMPATH/CodeIgniter.php(933): App\Controllers\Auth->personnalStat()
 2 SYSTEMPATH/CodeIgniter.php(509): CodeIgniter\CodeIgniter->runController()
 3 SYSTEMPATH/CodeIgniter.php(355): CodeIgniter\CodeIgniter->handleRequest()
 4 SYSTEMPATH/Boot.php(312): CodeIgniter\CodeIgniter->run()
 5 SYSTEMPATH/Boot.php(67): CodeIgniter\Boot::runCodeIgniter()
 6 FCPATH/index.php(56): CodeIgniter\Boot::bootWeb()
CRITICAL - 2024-05-07 05:18:15 --> Error: Call to undefined method App\Controllers\Auth::builder()
[Method: GET, Route: Auth/personnalStat]
in APPPATH/Controllers/Auth.php on line 226.
 1 SYSTEMPATH/CodeIgniter.php(933): App\Controllers\Auth->personnalStat()
 2 SYSTEMPATH/CodeIgniter.php(509): CodeIgniter\CodeIgniter->runController()
 3 SYSTEMPATH/CodeIgniter.php(355): CodeIgniter\CodeIgniter->handleRequest()
 4 SYSTEMPATH/Boot.php(312): CodeIgniter\CodeIgniter->run()
 5 SYSTEMPATH/Boot.php(67): CodeIgniter\Boot::runCodeIgniter()
 6 FCPATH/index.php(56): CodeIgniter\Boot::bootWeb()
CRITICAL - 2024-05-07 05:18:16 --> Error: Call to undefined method App\Controllers\Auth::builder()
[Method: GET, Route: Auth/personnalStat]
in APPPATH/Controllers/Auth.php on line 226.
 1 SYSTEMPATH/CodeIgniter.php(933): App\Controllers\Auth->personnalStat()
 2 SYSTEMPATH/CodeIgniter.php(509): CodeIgniter\CodeIgniter->runController()
 3 SYSTEMPATH/CodeIgniter.php(355): CodeIgniter\CodeIgniter->handleRequest()
 4 SYSTEMPATH/Boot.php(312): CodeIgniter\CodeIgniter->run()
 5 SYSTEMPATH/Boot.php(67): CodeIgniter\Boot::runCodeIgniter()
 6 FCPATH/index.php(56): CodeIgniter\Boot::bootWeb()
CRITICAL - 2024-05-07 05:18:17 --> Error: Call to undefined method App\Controllers\Auth::builder()
[Method: GET, Route: Auth/personnalStat]
in APPPATH/Controllers/Auth.php on line 226.
 1 SYSTEMPATH/CodeIgniter.php(933): App\Controllers\Auth->personnalStat()
 2 SYSTEMPATH/CodeIgniter.php(509): CodeIgniter\CodeIgniter->runController()
 3 SYSTEMPATH/CodeIgniter.php(355): CodeIgniter\CodeIgniter->handleRequest()
 4 SYSTEMPATH/Boot.php(312): CodeIgniter\CodeIgniter->run()
 5 SYSTEMPATH/Boot.php(67): CodeIgniter\Boot::runCodeIgniter()
 6 FCPATH/index.php(56): CodeIgniter\Boot::bootWeb()
CRITICAL - 2024-05-07 05:18:17 --> Error: Call to undefined method App\Controllers\Auth::builder()
[Method: GET, Route: Auth/personnalStat]
in APPPATH/Controllers/Auth.php on line 226.
 1 SYSTEMPATH/CodeIgniter.php(933): App\Controllers\Auth->personnalStat()
 2 SYSTEMPATH/CodeIgniter.php(509): CodeIgniter\CodeIgniter->runController()
 3 SYSTEMPATH/CodeIgniter.php(355): CodeIgniter\CodeIgniter->handleRequest()
 4 SYSTEMPATH/Boot.php(312): CodeIgniter\CodeIgniter->run()
 5 SYSTEMPATH/Boot.php(67): CodeIgniter\Boot::runCodeIgniter()
 6 FCPATH/index.php(56): CodeIgniter\Boot::bootWeb()
CRITICAL - 2024-05-07 05:18:17 --> Error: Call to undefined method App\Controllers\Auth::builder()
[Method: GET, Route: Auth/personnalStat]
in APPPATH/Controllers/Auth.php on line 226.
 1 SYSTEMPATH/CodeIgniter.php(933): App\Controllers\Auth->personnalStat()
 2 SYSTEMPATH/CodeIgniter.php(509): CodeIgniter\CodeIgniter->runController()
 3 SYSTEMPATH/CodeIgniter.php(355): CodeIgniter\CodeIgniter->handleRequest()
 4 SYSTEMPATH/Boot.php(312): CodeIgniter\CodeIgniter->run()
 5 SYSTEMPATH/Boot.php(67): CodeIgniter\Boot::runCodeIgniter()
 6 FCPATH/index.php(56): CodeIgniter\Boot::bootWeb()
CRITICAL - 2024-05-07 05:18:17 --> Error: Call to undefined method App\Controllers\Auth::builder()
[Method: GET, Route: Auth/personnalStat]
in APPPATH/Controllers/Auth.php on line 226.
 1 SYSTEMPATH/CodeIgniter.php(933): App\Controllers\Auth->personnalStat()
 2 SYSTEMPATH/CodeIgniter.php(509): CodeIgniter\CodeIgniter->runController()
 3 SYSTEMPATH/CodeIgniter.php(355): CodeIgniter\CodeIgniter->handleRequest()
 4 SYSTEMPATH/Boot.php(312): CodeIgniter\CodeIgniter->run()
 5 SYSTEMPATH/Boot.php(67): CodeIgniter\Boot::runCodeIgniter()
 6 FCPATH/index.php(56): CodeIgniter\Boot::bootWeb()
CRITICAL - 2024-05-07 05:18:18 --> Error: Call to undefined method App\Controllers\Auth::builder()
[Method: GET, Route: Auth/personnalStat]
in APPPATH/Controllers/Auth.php on line 226.
 1 SYSTEMPATH/CodeIgniter.php(933): App\Controllers\Auth->personnalStat()
 2 SYSTEMPATH/CodeIgniter.php(509): CodeIgniter\CodeIgniter->runController()
 3 SYSTEMPATH/CodeIgniter.php(355): CodeIgniter\CodeIgniter->handleRequest()
 4 SYSTEMPATH/Boot.php(312): CodeIgniter\CodeIgniter->run()
 5 SYSTEMPATH/Boot.php(67): CodeIgniter\Boot::runCodeIgniter()
 6 FCPATH/index.php(56): CodeIgniter\Boot::bootWeb()
CRITICAL - 2024-05-07 05:18:18 --> Error: Call to undefined method App\Controllers\Auth::builder()
[Method: GET, Route: Auth/personnalStat]
in APPPATH/Controllers/Auth.php on line 226.
 1 SYSTEMPATH/CodeIgniter.php(933): App\Controllers\Auth->personnalStat()
 2 SYSTEMPATH/CodeIgniter.php(509): CodeIgniter\CodeIgniter->runController()
 3 SYSTEMPATH/CodeIgniter.php(355): CodeIgniter\CodeIgniter->handleRequest()
 4 SYSTEMPATH/Boot.php(312): CodeIgniter\CodeIgniter->run()
 5 SYSTEMPATH/Boot.php(67): CodeIgniter\Boot::runCodeIgniter()
 6 FCPATH/index.php(56): CodeIgniter\Boot::bootWeb()
CRITICAL - 2024-05-07 05:19:26 --> Error: Call to undefined method App\Controllers\Auth::builder()
[Method: GET, Route: Auth/personnalStat]
in APPPATH/Controllers/Auth.php on line 226.
 1 SYSTEMPATH/CodeIgniter.php(933): App\Controllers\Auth->personnalStat()
 2 SYSTEMPATH/CodeIgniter.php(509): CodeIgniter\CodeIgniter->runController()
 3 SYSTEMPATH/CodeIgniter.php(355): CodeIgniter\CodeIgniter->handleRequest()
 4 SYSTEMPATH/Boot.php(312): CodeIgniter\CodeIgniter->run()
 5 SYSTEMPATH/Boot.php(67): CodeIgniter\Boot::runCodeIgniter()
 6 FCPATH/index.php(56): CodeIgniter\Boot::bootWeb()
CRITICAL - 2024-05-07 05:19:38 --> Error: Call to undefined method App\Controllers\Auth::select()
[Method: GET, Route: Auth/personnalStat]
in APPPATH/Controllers/Auth.php on line 226.
 1 SYSTEMPATH/CodeIgniter.php(933): App\Controllers\Auth->personnalStat()
 2 SYSTEMPATH/CodeIgniter.php(509): CodeIgniter\CodeIgniter->runController()
 3 SYSTEMPATH/CodeIgniter.php(355): CodeIgniter\CodeIgniter->handleRequest()
 4 SYSTEMPATH/Boot.php(312): CodeIgniter\CodeIgniter->run()
 5 SYSTEMPATH/Boot.php(67): CodeIgniter\Boot::runCodeIgniter()
 6 FCPATH/index.php(56): CodeIgniter\Boot::bootWeb()
CRITICAL - 2024-05-07 05:20:09 --> Error: Call to undefined method App\Controllers\Auth::like()
[Method: GET, Route: Auth/personnalStat]
in APPPATH/Controllers/Auth.php on line 226.
 1 SYSTEMPATH/CodeIgniter.php(933): App\Controllers\Auth->personnalStat()
 2 SYSTEMPATH/CodeIgniter.php(509): CodeIgniter\CodeIgniter->runController()
 3 SYSTEMPATH/CodeIgniter.php(355): CodeIgniter\CodeIgniter->handleRequest()
 4 SYSTEMPATH/Boot.php(312): CodeIgniter\CodeIgniter->run()
 5 SYSTEMPATH/Boot.php(67): CodeIgniter\Boot::runCodeIgniter()
 6 FCPATH/index.php(56): CodeIgniter\Boot::bootWeb()
CRITICAL - 2024-05-07 05:20:10 --> Error: Call to undefined method App\Controllers\Auth::like()
[Method: GET, Route: Auth/personnalStat]
in APPPATH/Controllers/Auth.php on line 226.
 1 SYSTEMPATH/CodeIgniter.php(933): App\Controllers\Auth->personnalStat()
 2 SYSTEMPATH/CodeIgniter.php(509): CodeIgniter\CodeIgniter->runController()
 3 SYSTEMPATH/CodeIgniter.php(355): CodeIgniter\CodeIgniter->handleRequest()
 4 SYSTEMPATH/Boot.php(312): CodeIgniter\CodeIgniter->run()
 5 SYSTEMPATH/Boot.php(67): CodeIgniter\Boot::runCodeIgniter()
 6 FCPATH/index.php(56): CodeIgniter\Boot::bootWeb()
CRITICAL - 2024-05-07 05:21:02 --> Error: Call to undefined function App\Controllers\generateCalendar()
[Method: GET, Route: Auth/personnalStat]
in APPPATH/Controllers/Auth.php on line 228.
 1 SYSTEMPATH/CodeIgniter.php(933): App\Controllers\Auth->personnalStat()
 2 SYSTEMPATH/CodeIgniter.php(509): CodeIgniter\CodeIgniter->runController()
 3 SYSTEMPATH/CodeIgniter.php(355): CodeIgniter\CodeIgniter->handleRequest()
 4 SYSTEMPATH/Boot.php(312): CodeIgniter\CodeIgniter->run()
 5 SYSTEMPATH/Boot.php(67): CodeIgniter\Boot::runCodeIgniter()
 6 FCPATH/index.php(56): CodeIgniter\Boot::bootWeb()
CRITICAL - 2024-05-07 05:21:03 --> Error: Call to undefined function App\Controllers\generateCalendar()
[Method: GET, Route: Auth/personnalStat]
in APPPATH/Controllers/Auth.php on line 228.
 1 SYSTEMPATH/CodeIgniter.php(933): App\Controllers\Auth->personnalStat()
 2 SYSTEMPATH/CodeIgniter.php(509): CodeIgniter\CodeIgniter->runController()
 3 SYSTEMPATH/CodeIgniter.php(355): CodeIgniter\CodeIgniter->handleRequest()
 4 SYSTEMPATH/Boot.php(312): CodeIgniter\CodeIgniter->run()
 5 SYSTEMPATH/Boot.php(67): CodeIgniter\Boot::runCodeIgniter()
 6 FCPATH/index.php(56): CodeIgniter\Boot::bootWeb()
CRITICAL - 2024-05-07 05:21:28 --> Error: Call to undefined function App\Controllers\transformData()
[Method: GET, Route: Auth/personnalStat]
in APPPATH/Controllers/Auth.php on line 229.
 1 SYSTEMPATH/CodeIgniter.php(933): App\Controllers\Auth->personnalStat()
 2 SYSTEMPATH/CodeIgniter.php(509): CodeIgniter\CodeIgniter->runController()
 3 SYSTEMPATH/CodeIgniter.php(355): CodeIgniter\CodeIgniter->handleRequest()
 4 SYSTEMPATH/Boot.php(312): CodeIgniter\CodeIgniter->run()
 5 SYSTEMPATH/Boot.php(67): CodeIgniter\Boot::runCodeIgniter()
 6 FCPATH/index.php(56): CodeIgniter\Boot::bootWeb()
CRITICAL - 2024-05-07 05:21:39 --> TypeError: count(): Argument #1 ($value) must be of type Countable|array, null given
[Method: GET, Route: Auth/personnalStat]
in APPPATH/Views/personnal_stat.php on line 33.
 1 SYSTEMPATH/View/View.php(234): include()
 2 SYSTEMPATH/View/View.php(237): CodeIgniter\View\View->CodeIgniter\View\{closure}()
 3 SYSTEMPATH/Common.php(1171): CodeIgniter\View\View->render()
 4 APPPATH/Controllers/Auth.php(231): view()
 5 SYSTEMPATH/CodeIgniter.php(933): App\Controllers\Auth->personnalStat()
 6 SYSTEMPATH/CodeIgniter.php(509): CodeIgniter\CodeIgniter->runController()
 7 SYSTEMPATH/CodeIgniter.php(355): CodeIgniter\CodeIgniter->handleRequest()
 8 SYSTEMPATH/Boot.php(312): CodeIgniter\CodeIgniter->run()
 9 SYSTEMPATH/Boot.php(67): CodeIgniter\Boot::runCodeIgniter()
10 FCPATH/index.php(56): CodeIgniter\Boot::bootWeb()
CRITICAL - 2024-05-07 05:21:39 --> [Caused by] ErrorException: Undefined variable $tab
in APPPATH/Views/personnal_stat.php on line 33.
 1 APPPATH/Views/personnal_stat.php(33): CodeIgniter\Debug\Exceptions->errorHandler()
 2 SYSTEMPATH/View/View.php(234): include('/home/mit/Web/Projet/app/Views/personnal_stat.php')
 3 SYSTEMPATH/View/View.php(237): CodeIgniter\View\View->CodeIgniter\View\{closure}()
 4 SYSTEMPATH/Common.php(1171): CodeIgniter\View\View->render()
 5 APPPATH/Controllers/Auth.php(231): view()
 6 SYSTEMPATH/CodeIgniter.php(933): App\Controllers\Auth->personnalStat()
 7 SYSTEMPATH/CodeIgniter.php(509): CodeIgniter\CodeIgniter->runController()
 8 SYSTEMPATH/CodeIgniter.php(355): CodeIgniter\CodeIgniter->handleRequest()
 9 SYSTEMPATH/Boot.php(312): CodeIgniter\CodeIgniter->run()
10 SYSTEMPATH/Boot.php(67): CodeIgniter\Boot::runCodeIgniter()
11 FCPATH/index.php(56): CodeIgniter\Boot::bootWeb()
CRITICAL - 2024-05-07 05:25:54 --> TypeError: CodeIgniter\Database\BaseBuilder::like(): Argument #2 ($match) must be of type string, null given, called in /home/mit/Web/Projet/system/Model.php on line 919
[Method: GET, Route: Auth/personnalStat]
in SYSTEMPATH/Database/BaseBuilder.php on line 987.
 1 SYSTEMPATH/Model.php(919): CodeIgniter\Database\BaseBuilder->like()
 2 APPPATH/Controllers/Auth.php(226): CodeIgniter\Model->__call()
 3 SYSTEMPATH/CodeIgniter.php(933): App\Controllers\Auth->personnalStat()
 4 SYSTEMPATH/CodeIgniter.php(509): CodeIgniter\CodeIgniter->runController()
 5 SYSTEMPATH/CodeIgniter.php(355): CodeIgniter\CodeIgniter->handleRequest()
 6 SYSTEMPATH/Boot.php(312): CodeIgniter\CodeIgniter->run()
 7 SYSTEMPATH/Boot.php(67): CodeIgniter\Boot::runCodeIgniter()
 8 FCPATH/index.php(56): CodeIgniter\Boot::bootWeb()
CRITICAL - 2024-05-07 05:29:07 --> ErrorException: Undefined variable $tab
[Method: GET, Route: Auth/personnalStat]
in APPPATH/Views/personnal_stat.php on line 29.
 1 APPPATH/Views/personnal_stat.php(29): CodeIgniter\Debug\Exceptions->errorHandler()
 2 SYSTEMPATH/View/View.php(234): include('/home/mit/Web/Projet/app/Views/personnal_stat.php')
 3 SYSTEMPATH/View/View.php(237): CodeIgniter\View\View->CodeIgniter\View\{closure}()
 4 SYSTEMPATH/Common.php(1171): CodeIgniter\View\View->render()
 5 APPPATH/Controllers/Auth.php(227): view()
 6 SYSTEMPATH/CodeIgniter.php(933): App\Controllers\Auth->personnalStat()
 7 SYSTEMPATH/CodeIgniter.php(509): CodeIgniter\CodeIgniter->runController()
 8 SYSTEMPATH/CodeIgniter.php(355): CodeIgniter\CodeIgniter->handleRequest()
 9 SYSTEMPATH/Boot.php(312): CodeIgniter\CodeIgniter->run()
10 SYSTEMPATH/Boot.php(67): CodeIgniter\Boot::runCodeIgniter()
11 FCPATH/index.php(56): CodeIgniter\Boot::bootWeb()
CRITICAL - 2024-05-07 05:29:09 --> ErrorException: Undefined variable $tab
[Method: GET, Route: Auth/personnalStat]
in APPPATH/Views/personnal_stat.php on line 29.
 1 APPPATH/Views/personnal_stat.php(29): CodeIgniter\Debug\Exceptions->errorHandler()
 2 SYSTEMPATH/View/View.php(234): include('/home/mit/Web/Projet/app/Views/personnal_stat.php')
 3 SYSTEMPATH/View/View.php(237): CodeIgniter\View\View->CodeIgniter\View\{closure}()
 4 SYSTEMPATH/Common.php(1171): CodeIgniter\View\View->render()
 5 APPPATH/Controllers/Auth.php(227): view()
 6 SYSTEMPATH/CodeIgniter.php(933): App\Controllers\Auth->personnalStat()
 7 SYSTEMPATH/CodeIgniter.php(509): CodeIgniter\CodeIgniter->runController()
 8 SYSTEMPATH/CodeIgniter.php(355): CodeIgniter\CodeIgniter->handleRequest()
 9 SYSTEMPATH/Boot.php(312): CodeIgniter\CodeIgniter->run()
10 SYSTEMPATH/Boot.php(67): CodeIgniter\Boot::runCodeIgniter()
11 FCPATH/index.php(56): CodeIgniter\Boot::bootWeb()
CRITICAL - 2024-05-07 05:30:41 --> TypeError: mktime(): Argument #6 ($year) must be of type ?int, string given
[Method: POST, Route: Auth/personnalStat]
in APPPATH/Views/personnal_stat.php on line 33.
 1 APPPATH/Views/personnal_stat.php(33): mktime()
 2 SYSTEMPATH/View/View.php(234): include('/home/mit/Web/Projet/app/Views/personnal_stat.php')
 3 SYSTEMPATH/View/View.php(237): CodeIgniter\View\View->CodeIgniter\View\{closure}()
 4 SYSTEMPATH/Common.php(1171): CodeIgniter\View\View->render()
 5 APPPATH/Controllers/Auth.php(227): view()
 6 SYSTEMPATH/CodeIgniter.php(933): App\Controllers\Auth->personnalStat()
 7 SYSTEMPATH/CodeIgniter.php(509): CodeIgniter\CodeIgniter->runController()
 8 SYSTEMPATH/CodeIgniter.php(355): CodeIgniter\CodeIgniter->handleRequest()
 9 SYSTEMPATH/Boot.php(312): CodeIgniter\CodeIgniter->run()
10 SYSTEMPATH/Boot.php(67): CodeIgniter\Boot::runCodeIgniter()
11 FCPATH/index.php(56): CodeIgniter\Boot::bootWeb()
CRITICAL - 2024-05-07 06:11:44 --> ErrorException: Undefined variable $date
[Method: GET, Route: PersonnalStat]
in APPPATH/Views/personnal_stat.php on line 81.
 1 APPPATH/Views/personnal_stat.php(81): CodeIgniter\Debug\Exceptions->errorHandler()
 2 SYSTEMPATH/View/View.php(234): include('/home/mit/Web/Projet/app/Views/personnal_stat.php')
 3 SYSTEMPATH/View/View.php(237): CodeIgniter\View\View->CodeIgniter\View\{closure}()
 4 SYSTEMPATH/Common.php(1171): CodeIgniter\View\View->render()
 5 APPPATH/Controllers/Auth.php(250): view()
 6 SYSTEMPATH/CodeIgniter.php(933): App\Controllers\Auth->personnalStat()
 7 SYSTEMPATH/CodeIgniter.php(509): CodeIgniter\CodeIgniter->runController()
 8 SYSTEMPATH/CodeIgniter.php(355): CodeIgniter\CodeIgniter->handleRequest()
 9 SYSTEMPATH/Boot.php(312): CodeIgniter\CodeIgniter->run()
10 SYSTEMPATH/Boot.php(67): CodeIgniter\Boot::runCodeIgniter()
11 FCPATH/index.php(56): CodeIgniter\Boot::bootWeb()
CRITICAL - 2024-05-07 06:12:11 --> ErrorException: Undefined variable $date
[Method: GET, Route: PersonnalStat]
in APPPATH/Views/personnal_stat.php on line 81.
 1 APPPATH/Views/personnal_stat.php(81): CodeIgniter\Debug\Exceptions->errorHandler()
 2 SYSTEMPATH/View/View.php(234): include('/home/mit/Web/Projet/app/Views/personnal_stat.php')
 3 SYSTEMPATH/View/View.php(237): CodeIgniter\View\View->CodeIgniter\View\{closure}()
 4 SYSTEMPATH/Common.php(1171): CodeIgniter\View\View->render()
 5 APPPATH/Controllers/Auth.php(250): view()
 6 SYSTEMPATH/CodeIgniter.php(933): App\Controllers\Auth->personnalStat()
 7 SYSTEMPATH/CodeIgniter.php(509): CodeIgniter\CodeIgniter->runController()
 8 SYSTEMPATH/CodeIgniter.php(355): CodeIgniter\CodeIgniter->handleRequest()
 9 SYSTEMPATH/Boot.php(312): CodeIgniter\CodeIgniter->run()
10 SYSTEMPATH/Boot.php(67): CodeIgniter\Boot::runCodeIgniter()
11 FCPATH/index.php(56): CodeIgniter\Boot::bootWeb()
CRITICAL - 2024-05-07 06:13:08 --> ErrorException: Undefined variable $hostname
[Method: GET, Route: PersonnalStat]
in APPPATH/Views/personnal_stat.php on line 81.
 1 APPPATH/Views/personnal_stat.php(81): CodeIgniter\Debug\Exceptions->errorHandler()
 2 SYSTEMPATH/View/View.php(234): include('/home/mit/Web/Projet/app/Views/personnal_stat.php')
 3 SYSTEMPATH/View/View.php(237): CodeIgniter\View\View->CodeIgniter\View\{closure}()
 4 SYSTEMPATH/Common.php(1171): CodeIgniter\View\View->render()
 5 APPPATH/Controllers/Auth.php(250): view()
 6 SYSTEMPATH/CodeIgniter.php(933): App\Controllers\Auth->personnalStat()
 7 SYSTEMPATH/CodeIgniter.php(509): CodeIgniter\CodeIgniter->runController()
 8 SYSTEMPATH/CodeIgniter.php(355): CodeIgniter\CodeIgniter->handleRequest()
 9 SYSTEMPATH/Boot.php(312): CodeIgniter\CodeIgniter->run()
10 SYSTEMPATH/Boot.php(67): CodeIgniter\Boot::runCodeIgniter()
11 FCPATH/index.php(56): CodeIgniter\Boot::bootWeb()
CRITICAL - 2024-05-07 06:24:35 --> ErrorException: Undefined array key 0
[Method: GET, Route: Auth]
in APPPATH/Views/view.php on line 50.
 1 APPPATH/Views/view.php(50): CodeIgniter\Debug\Exceptions->errorHandler()
 2 SYSTEMPATH/View/View.php(234): include('/home/mit/Web/Projet/app/Views/view.php')
 3 SYSTEMPATH/View/View.php(237): CodeIgniter\View\View->CodeIgniter\View\{closure}()
 4 SYSTEMPATH/Common.php(1171): CodeIgniter\View\View->render()
 5 APPPATH/Controllers/Auth.php(34): view()
 6 SYSTEMPATH/CodeIgniter.php(933): App\Controllers\Auth->index()
 7 SYSTEMPATH/CodeIgniter.php(509): CodeIgniter\CodeIgniter->runController()
 8 SYSTEMPATH/CodeIgniter.php(355): CodeIgniter\CodeIgniter->handleRequest()
 9 SYSTEMPATH/Boot.php(312): CodeIgniter\CodeIgniter->run()
10 SYSTEMPATH/Boot.php(67): CodeIgniter\Boot::runCodeIgniter()
11 FCPATH/index.php(56): CodeIgniter\Boot::bootWeb()
CRITICAL - 2024-05-07 07:02:39 --> ErrorException: Undefined array key "nom"
[Method: GET, Route: PersonnalStat]
in APPPATH/Views/personnal_stat.php on line 34.
 1 APPPATH/Views/personnal_stat.php(34): CodeIgniter\Debug\Exceptions->errorHandler()
 2 SYSTEMPATH/View/View.php(234): include('/home/mit/Web/Projet/app/Views/personnal_stat.php')
 3 SYSTEMPATH/View/View.php(237): CodeIgniter\View\View->CodeIgniter\View\{closure}()
 4 SYSTEMPATH/Common.php(1171): CodeIgniter\View\View->render()
 5 APPPATH/Controllers/Auth.php(250): view()
 6 SYSTEMPATH/CodeIgniter.php(933): App\Controllers\Auth->personnalStat()
 7 SYSTEMPATH/CodeIgniter.php(509): CodeIgniter\CodeIgniter->runController()
 8 SYSTEMPATH/CodeIgniter.php(355): CodeIgniter\CodeIgniter->handleRequest()
 9 SYSTEMPATH/Boot.php(312): CodeIgniter\CodeIgniter->run()
10 SYSTEMPATH/Boot.php(67): CodeIgniter\Boot::runCodeIgniter()
11 FCPATH/index.php(56): CodeIgniter\Boot::bootWeb()
CRITICAL - 2024-05-07 07:02:41 --> ErrorException: Undefined array key "nom"
[Method: GET, Route: PersonnalStat]
in APPPATH/Views/personnal_stat.php on line 34.
 1 APPPATH/Views/personnal_stat.php(34): CodeIgniter\Debug\Exceptions->errorHandler()
 2 SYSTEMPATH/View/View.php(234): include('/home/mit/Web/Projet/app/Views/personnal_stat.php')
 3 SYSTEMPATH/View/View.php(237): CodeIgniter\View\View->CodeIgniter\View\{closure}()
 4 SYSTEMPATH/Common.php(1171): CodeIgniter\View\View->render()
 5 APPPATH/Controllers/Auth.php(250): view()
 6 SYSTEMPATH/CodeIgniter.php(933): App\Controllers\Auth->personnalStat()
 7 SYSTEMPATH/CodeIgniter.php(509): CodeIgniter\CodeIgniter->runController()
 8 SYSTEMPATH/CodeIgniter.php(355): CodeIgniter\CodeIgniter->handleRequest()
 9 SYSTEMPATH/Boot.php(312): CodeIgniter\CodeIgniter->run()
10 SYSTEMPATH/Boot.php(67): CodeIgniter\Boot::runCodeIgniter()
11 FCPATH/index.php(56): CodeIgniter\Boot::bootWeb()
CRITICAL - 2024-05-07 07:03:27 --> ErrorException: Undefined array key 0
[Method: GET, Route: PersonnalStat]
in APPPATH/Views/personnal_stat.php on line 34.
 1 APPPATH/Views/personnal_stat.php(34): CodeIgniter\Debug\Exceptions->errorHandler()
 2 SYSTEMPATH/View/View.php(234): include('/home/mit/Web/Projet/app/Views/personnal_stat.php')
 3 SYSTEMPATH/View/View.php(237): CodeIgniter\View\View->CodeIgniter\View\{closure}()
 4 SYSTEMPATH/Common.php(1171): CodeIgniter\View\View->render()
 5 APPPATH/Controllers/Auth.php(250): view()
 6 SYSTEMPATH/CodeIgniter.php(933): App\Controllers\Auth->personnalStat()
 7 SYSTEMPATH/CodeIgniter.php(509): CodeIgniter\CodeIgniter->runController()
 8 SYSTEMPATH/CodeIgniter.php(355): CodeIgniter\CodeIgniter->handleRequest()
 9 SYSTEMPATH/Boot.php(312): CodeIgniter\CodeIgniter->run()
10 SYSTEMPATH/Boot.php(67): CodeIgniter\Boot::runCodeIgniter()
11 FCPATH/index.php(56): CodeIgniter\Boot::bootWeb()
CRITICAL - 2024-05-07 07:03:28 --> ErrorException: Undefined array key 0
[Method: GET, Route: PersonnalStat]
in APPPATH/Views/personnal_stat.php on line 34.
 1 APPPATH/Views/personnal_stat.php(34): CodeIgniter\Debug\Exceptions->errorHandler()
 2 SYSTEMPATH/View/View.php(234): include('/home/mit/Web/Projet/app/Views/personnal_stat.php')
 3 SYSTEMPATH/View/View.php(237): CodeIgniter\View\View->CodeIgniter\View\{closure}()
 4 SYSTEMPATH/Common.php(1171): CodeIgniter\View\View->render()
 5 APPPATH/Controllers/Auth.php(250): view()
 6 SYSTEMPATH/CodeIgniter.php(933): App\Controllers\Auth->personnalStat()
 7 SYSTEMPATH/CodeIgniter.php(509): CodeIgniter\CodeIgniter->runController()
 8 SYSTEMPATH/CodeIgniter.php(355): CodeIgniter\CodeIgniter->handleRequest()
 9 SYSTEMPATH/Boot.php(312): CodeIgniter\CodeIgniter->run()
10 SYSTEMPATH/Boot.php(67): CodeIgniter\Boot::runCodeIgniter()
11 FCPATH/index.php(56): CodeIgniter\Boot::bootWeb()
CRITICAL - 2024-05-07 07:03:37 --> ErrorException: Undefined array key "nom"
[Method: GET, Route: PersonnalStat]
in APPPATH/Views/personnal_stat.php on line 34.
 1 APPPATH/Views/personnal_stat.php(34): CodeIgniter\Debug\Exceptions->errorHandler()
 2 SYSTEMPATH/View/View.php(234): include('/home/mit/Web/Projet/app/Views/personnal_stat.php')
 3 SYSTEMPATH/View/View.php(237): CodeIgniter\View\View->CodeIgniter\View\{closure}()
 4 SYSTEMPATH/Common.php(1171): CodeIgniter\View\View->render()
 5 APPPATH/Controllers/Auth.php(250): view()
 6 SYSTEMPATH/CodeIgniter.php(933): App\Controllers\Auth->personnalStat()
 7 SYSTEMPATH/CodeIgniter.php(509): CodeIgniter\CodeIgniter->runController()
 8 SYSTEMPATH/CodeIgniter.php(355): CodeIgniter\CodeIgniter->handleRequest()
 9 SYSTEMPATH/Boot.php(312): CodeIgniter\CodeIgniter->run()
10 SYSTEMPATH/Boot.php(67): CodeIgniter\Boot::runCodeIgniter()
11 FCPATH/index.php(56): CodeIgniter\Boot::bootWeb()
CRITICAL - 2024-05-07 07:09:22 --> ErrorException: Undefined array key 0
[Method: GET, Route: PersonnalStat]
in APPPATH/Views/personnal_stat.php on line 34.
 1 APPPATH/Views/personnal_stat.php(34): CodeIgniter\Debug\Exceptions->errorHandler()
 2 SYSTEMPATH/View/View.php(234): include('/home/mit/Web/Projet/app/Views/personnal_stat.php')
 3 SYSTEMPATH/View/View.php(237): CodeIgniter\View\View->CodeIgniter\View\{closure}()
 4 SYSTEMPATH/Common.php(1171): CodeIgniter\View\View->render()
 5 APPPATH/Controllers/Auth.php(250): view()
 6 SYSTEMPATH/CodeIgniter.php(933): App\Controllers\Auth->personnalStat()
 7 SYSTEMPATH/CodeIgniter.php(509): CodeIgniter\CodeIgniter->runController()
 8 SYSTEMPATH/CodeIgniter.php(355): CodeIgniter\CodeIgniter->handleRequest()
 9 SYSTEMPATH/Boot.php(312): CodeIgniter\CodeIgniter->run()
10 SYSTEMPATH/Boot.php(67): CodeIgniter\Boot::runCodeIgniter()
11 FCPATH/index.php(56): CodeIgniter\Boot::bootWeb()
CRITICAL - 2024-05-07 07:11:15 --> Error: Cannot use object of type App\Models\AuthLog as array
[Method: GET, Route: PersonnalStat]
in APPPATH/Views/personnal_stat.php on line 34.
 1 SYSTEMPATH/View/View.php(234): include()
 2 SYSTEMPATH/View/View.php(237): CodeIgniter\View\View->CodeIgniter\View\{closure}()
 3 SYSTEMPATH/Common.php(1171): CodeIgniter\View\View->render()
 4 APPPATH/Controllers/Auth.php(252): view()
 5 SYSTEMPATH/CodeIgniter.php(933): App\Controllers\Auth->personnalStat()
 6 SYSTEMPATH/CodeIgniter.php(509): CodeIgniter\CodeIgniter->runController()
 7 SYSTEMPATH/CodeIgniter.php(355): CodeIgniter\CodeIgniter->handleRequest()
 8 SYSTEMPATH/Boot.php(312): CodeIgniter\CodeIgniter->run()
 9 SYSTEMPATH/Boot.php(67): CodeIgniter\Boot::runCodeIgniter()
10 FCPATH/index.php(56): CodeIgniter\Boot::bootWeb()
CRITICAL - 2024-05-07 07:11:23 --> Error: Cannot use object of type App\Models\AuthLog as array
[Method: GET, Route: PersonnalStat]
in APPPATH/Views/personnal_stat.php on line 34.
 1 SYSTEMPATH/View/View.php(234): include()
 2 SYSTEMPATH/View/View.php(237): CodeIgniter\View\View->CodeIgniter\View\{closure}()
 3 SYSTEMPATH/Common.php(1171): CodeIgniter\View\View->render()
 4 APPPATH/Controllers/Auth.php(252): view()
 5 SYSTEMPATH/CodeIgniter.php(933): App\Controllers\Auth->personnalStat()
 6 SYSTEMPATH/CodeIgniter.php(509): CodeIgniter\CodeIgniter->runController()
 7 SYSTEMPATH/CodeIgniter.php(355): CodeIgniter\CodeIgniter->handleRequest()
 8 SYSTEMPATH/Boot.php(312): CodeIgniter\CodeIgniter->run()
 9 SYSTEMPATH/Boot.php(67): CodeIgniter\Boot::runCodeIgniter()
10 FCPATH/index.php(56): CodeIgniter\Boot::bootWeb()
CRITICAL - 2024-05-07 07:11:32 --> Error: Cannot use object of type App\Models\AuthLog as array
[Method: GET, Route: PersonnalStat]
in APPPATH/Views/personnal_stat.php on line 34.
 1 SYSTEMPATH/View/View.php(234): include()
 2 SYSTEMPATH/View/View.php(237): CodeIgniter\View\View->CodeIgniter\View\{closure}()
 3 SYSTEMPATH/Common.php(1171): CodeIgniter\View\View->render()
 4 APPPATH/Controllers/Auth.php(252): view()
 5 SYSTEMPATH/CodeIgniter.php(933): App\Controllers\Auth->personnalStat()
 6 SYSTEMPATH/CodeIgniter.php(509): CodeIgniter\CodeIgniter->runController()
 7 SYSTEMPATH/CodeIgniter.php(355): CodeIgniter\CodeIgniter->handleRequest()
 8 SYSTEMPATH/Boot.php(312): CodeIgniter\CodeIgniter->run()
 9 SYSTEMPATH/Boot.php(67): CodeIgniter\Boot::runCodeIgniter()
10 FCPATH/index.php(56): CodeIgniter\Boot::bootWeb()
CRITICAL - 2024-05-07 07:15:33 --> ErrorException: Undefined array key 0
[Method: GET, Route: PersonnalStat]
in APPPATH/Views/personnal_stat.php on line 34.
 1 APPPATH/Views/personnal_stat.php(34): CodeIgniter\Debug\Exceptions->errorHandler()
 2 SYSTEMPATH/View/View.php(234): include('/home/mit/Web/Projet/app/Views/personnal_stat.php')
 3 SYSTEMPATH/View/View.php(237): CodeIgniter\View\View->CodeIgniter\View\{closure}()
 4 SYSTEMPATH/Common.php(1171): CodeIgniter\View\View->render()
 5 APPPATH/Controllers/Auth.php(252): view()
 6 SYSTEMPATH/CodeIgniter.php(933): App\Controllers\Auth->personnalStat()
 7 SYSTEMPATH/CodeIgniter.php(509): CodeIgniter\CodeIgniter->runController()
 8 SYSTEMPATH/CodeIgniter.php(355): CodeIgniter\CodeIgniter->handleRequest()
 9 SYSTEMPATH/Boot.php(312): CodeIgniter\CodeIgniter->run()
10 SYSTEMPATH/Boot.php(67): CodeIgniter\Boot::runCodeIgniter()
11 FCPATH/index.php(56): CodeIgniter\Boot::bootWeb()
CRITICAL - 2024-05-07 07:16:13 --> ErrorException: Undefined array key 0
[Method: GET, Route: PersonnalStat]
in APPPATH/Views/personnal_stat.php on line 34.
 1 APPPATH/Views/personnal_stat.php(34): CodeIgniter\Debug\Exceptions->errorHandler()
 2 SYSTEMPATH/View/View.php(234): include('/home/mit/Web/Projet/app/Views/personnal_stat.php')
 3 SYSTEMPATH/View/View.php(237): CodeIgniter\View\View->CodeIgniter\View\{closure}()
 4 SYSTEMPATH/Common.php(1171): CodeIgniter\View\View->render()
 5 APPPATH/Controllers/Auth.php(252): view()
 6 SYSTEMPATH/CodeIgniter.php(933): App\Controllers\Auth->personnalStat()
 7 SYSTEMPATH/CodeIgniter.php(509): CodeIgniter\CodeIgniter->runController()
 8 SYSTEMPATH/CodeIgniter.php(355): CodeIgniter\CodeIgniter->handleRequest()
 9 SYSTEMPATH/Boot.php(312): CodeIgniter\CodeIgniter->run()
10 SYSTEMPATH/Boot.php(67): CodeIgniter\Boot::runCodeIgniter()
11 FCPATH/index.php(56): CodeIgniter\Boot::bootWeb()
CRITICAL - 2024-05-07 07:16:27 --> ErrorException: Undefined array key 0
[Method: GET, Route: PersonnalStat]
in APPPATH/Views/personnal_stat.php on line 34.
 1 APPPATH/Views/personnal_stat.php(34): CodeIgniter\Debug\Exceptions->errorHandler()
 2 SYSTEMPATH/View/View.php(234): include('/home/mit/Web/Projet/app/Views/personnal_stat.php')
 3 SYSTEMPATH/View/View.php(237): CodeIgniter\View\View->CodeIgniter\View\{closure}()
 4 SYSTEMPATH/Common.php(1171): CodeIgniter\View\View->render()
 5 APPPATH/Controllers/Auth.php(252): view()
 6 SYSTEMPATH/CodeIgniter.php(933): App\Controllers\Auth->personnalStat()
 7 SYSTEMPATH/CodeIgniter.php(509): CodeIgniter\CodeIgniter->runController()
 8 SYSTEMPATH/CodeIgniter.php(355): CodeIgniter\CodeIgniter->handleRequest()
 9 SYSTEMPATH/Boot.php(312): CodeIgniter\CodeIgniter->run()
10 SYSTEMPATH/Boot.php(67): CodeIgniter\Boot::runCodeIgniter()
11 FCPATH/index.php(56): CodeIgniter\Boot::bootWeb()
CRITICAL - 2024-05-07 07:16:38 --> ErrorException: Undefined array key 0
[Method: GET, Route: PersonnalStat]
in APPPATH/Views/personnal_stat.php on line 34.
 1 APPPATH/Views/personnal_stat.php(34): CodeIgniter\Debug\Exceptions->errorHandler()
 2 SYSTEMPATH/View/View.php(234): include('/home/mit/Web/Projet/app/Views/personnal_stat.php')
 3 SYSTEMPATH/View/View.php(237): CodeIgniter\View\View->CodeIgniter\View\{closure}()
 4 SYSTEMPATH/Common.php(1171): CodeIgniter\View\View->render()
 5 APPPATH/Controllers/Auth.php(252): view()
 6 SYSTEMPATH/CodeIgniter.php(933): App\Controllers\Auth->personnalStat()
 7 SYSTEMPATH/CodeIgniter.php(509): CodeIgniter\CodeIgniter->runController()
 8 SYSTEMPATH/CodeIgniter.php(355): CodeIgniter\CodeIgniter->handleRequest()
 9 SYSTEMPATH/Boot.php(312): CodeIgniter\CodeIgniter->run()
10 SYSTEMPATH/Boot.php(67): CodeIgniter\Boot::runCodeIgniter()
11 FCPATH/index.php(56): CodeIgniter\Boot::bootWeb()
CRITICAL - 2024-05-07 07:30:15 --> ErrorException: Undefined array key 0
[Method: GET, Route: PersonnalStat]
in APPPATH/Views/personnal_stat.php on line 34.
 1 APPPATH/Views/personnal_stat.php(34): CodeIgniter\Debug\Exceptions->errorHandler()
 2 SYSTEMPATH/View/View.php(234): include('/home/mit/Web/Projet/app/Views/personnal_stat.php')
 3 SYSTEMPATH/View/View.php(237): CodeIgniter\View\View->CodeIgniter\View\{closure}()
 4 SYSTEMPATH/Common.php(1171): CodeIgniter\View\View->render()
 5 APPPATH/Controllers/Auth.php(252): view()
 6 SYSTEMPATH/CodeIgniter.php(933): App\Controllers\Auth->personnalStat()
 7 SYSTEMPATH/CodeIgniter.php(509): CodeIgniter\CodeIgniter->runController()
 8 SYSTEMPATH/CodeIgniter.php(355): CodeIgniter\CodeIgniter->handleRequest()
 9 SYSTEMPATH/Boot.php(312): CodeIgniter\CodeIgniter->run()
10 SYSTEMPATH/Boot.php(67): CodeIgniter\Boot::runCodeIgniter()
11 FCPATH/index.php(56): CodeIgniter\Boot::bootWeb()
CRITICAL - 2024-05-07 07:42:01 --> ParseError: syntax error, unexpected token "else"
[Method: GET, Route: Auth]
in APPPATH/Views/view.php on line 52.
 1 SYSTEMPATH/View/View.php(237): CodeIgniter\View\View->CodeIgniter\View\{closure}()
 2 SYSTEMPATH/Common.php(1171): CodeIgniter\View\View->render()
 3 APPPATH/Controllers/Auth.php(34): view()
 4 SYSTEMPATH/CodeIgniter.php(933): App\Controllers\Auth->index()
 5 SYSTEMPATH/CodeIgniter.php(509): CodeIgniter\CodeIgniter->runController()
 6 SYSTEMPATH/CodeIgniter.php(355): CodeIgniter\CodeIgniter->handleRequest()
 7 SYSTEMPATH/Boot.php(312): CodeIgniter\CodeIgniter->run()
 8 SYSTEMPATH/Boot.php(67): CodeIgniter\Boot::runCodeIgniter()
 9 FCPATH/index.php(56): CodeIgniter\Boot::bootWeb()
CRITICAL - 2024-05-07 07:44:36 --> ErrorException: Undefined variable $data
[Method: GET, Route: PersonnalStat]
in APPPATH/Views/personnal_stat.php on line 34.
 1 APPPATH/Views/personnal_stat.php(34): CodeIgniter\Debug\Exceptions->errorHandler()
 2 SYSTEMPATH/View/View.php(234): include('/home/mit/Web/Projet/app/Views/personnal_stat.php')
 3 SYSTEMPATH/View/View.php(237): CodeIgniter\View\View->CodeIgniter\View\{closure}()
 4 SYSTEMPATH/Common.php(1171): CodeIgniter\View\View->render()
 5 APPPATH/Controllers/Auth.php(228): view()
 6 SYSTEMPATH/CodeIgniter.php(933): App\Controllers\Auth->personnalStat()
 7 SYSTEMPATH/CodeIgniter.php(509): CodeIgniter\CodeIgniter->runController()
 8 SYSTEMPATH/CodeIgniter.php(355): CodeIgniter\CodeIgniter->handleRequest()
 9 SYSTEMPATH/Boot.php(312): CodeIgniter\CodeIgniter->run()
10 SYSTEMPATH/Boot.php(67): CodeIgniter\Boot::runCodeIgniter()
11 FCPATH/index.php(56): CodeIgniter\Boot::bootWeb()
CRITICAL - 2024-05-07 07:44:47 --> ErrorException: Undefined variable $data
[Method: GET, Route: PersonnalStat]
in APPPATH/Views/personnal_stat.php on line 34.
 1 APPPATH/Views/personnal_stat.php(34): CodeIgniter\Debug\Exceptions->errorHandler()
 2 SYSTEMPATH/View/View.php(234): include('/home/mit/Web/Projet/app/Views/personnal_stat.php')
 3 SYSTEMPATH/View/View.php(237): CodeIgniter\View\View->CodeIgniter\View\{closure}()
 4 SYSTEMPATH/Common.php(1171): CodeIgniter\View\View->render()
 5 APPPATH/Controllers/Auth.php(228): view()
 6 SYSTEMPATH/CodeIgniter.php(933): App\Controllers\Auth->personnalStat()
 7 SYSTEMPATH/CodeIgniter.php(509): CodeIgniter\CodeIgniter->runController()
 8 SYSTEMPATH/CodeIgniter.php(355): CodeIgniter\CodeIgniter->handleRequest()
 9 SYSTEMPATH/Boot.php(312): CodeIgniter\CodeIgniter->run()
10 SYSTEMPATH/Boot.php(67): CodeIgniter\Boot::runCodeIgniter()
11 FCPATH/index.php(56): CodeIgniter\Boot::bootWeb()
